2025-07-16 23:11:18.598 [info] Activating extension
2025-07-16 23:11:18.598 [info] Saving ~/mydev/Programming/Lua/learning to global state.
2025-07-16 23:11:18.598 [info] Saving ~/mydev/Programming/Lua/learning/test.lua to global state
2025-07-16 23:11:18.598 [info] Registering command nvim-dashboard.open
2025-07-16 23:11:18.598 [info] Registering command nvim-dashboard.handleKey
2025-07-16 23:11:18.598 [info] Registering command nvim-dashboard.clearRecentWorkspaces
2025-07-16 23:11:18.598 [info] Registering command nvim-dashboard.clearRecentFiles
2025-07-16 23:11:18.598 [info] Has open workspace: true
2025-07-16 23:11:29.796 [info] Deactivating extension
2025-07-16 23:11:39.161 [info] Activating extension
2025-07-16 23:11:39.161 [info] Saving ~/mydev/Programming/Lua/learning to global state.
2025-07-16 23:11:39.161 [info] Registering command nvim-dashboard.open
2025-07-16 23:11:39.161 [info] Registering command nvim-dashboard.handleKey
2025-07-16 23:11:39.161 [info] Registering command nvim-dashboard.clearRecentWorkspaces
2025-07-16 23:11:39.161 [info] Registering command nvim-dashboard.clearRecentFiles
2025-07-16 23:11:39.161 [info] Has open workspace: true
2025-07-16 23:12:16.524 [info] Saving ~/mydev/Programming/Lua/learning/test.lua to global state
2025-07-16 23:12:22.263 [info] Saving ~/mydev/Programming/Lua/learning/.vscode/settings.json to global state
2025-07-16 23:12:30.580 [info] Saving ~/mydev/Programming/Lua/learning/test.lua to global state
2025-07-16 23:13:11.108 [info] Saving ~/mydev/Programming/Lua/learning/test.lua to global state
2025-07-16 23:13:23.715 [info] Saving ~/mydev/Programming/Lua/learning/.vscode/settings.json to global state
2025-07-16 23:13:33.518 [info] Saving ~/mydev/Programming/Lua/learning/test.lua to global state
2025-07-16 23:13:47.256 [info] Deactivating extension
2025-07-16 23:13:50.016 [info] Activating extension
2025-07-16 23:13:50.016 [info] Saving ~/mydev/Programming/Lua/learning to global state.
2025-07-16 23:13:50.016 [info] Registering command nvim-dashboard.open
2025-07-16 23:13:50.016 [info] Registering command nvim-dashboard.handleKey
2025-07-16 23:13:50.016 [info] Registering command nvim-dashboard.clearRecentWorkspaces
2025-07-16 23:13:50.016 [info] Registering command nvim-dashboard.clearRecentFiles
2025-07-16 23:13:50.016 [info] Has open workspace: true
2025-07-16 23:15:02.644 [info] Saving ~/mydev/Programming/Lua/learning/test.lua to global state
2025-07-16 23:15:13.042 [info] Deactivating extension
