2025-07-16 22:12:40.454 [info] Active editor: file:///home/alexey/mydev/Programming/Linux/find_conspect.md
2025-07-16 22:17:22.934 [info] Executing :w
2025-07-16 22:23:19.297 [info] Executing :w
2025-07-16 22:24:11.892 [info] Executing :w
2025-07-16 22:36:59.082 [info] /home/alexey/mydev/Programming/Linux/find_conspect.md closed
2025-07-16 22:37:10.883 [info] Active editor: file:///home/alexey/mydev/Programming/Linux/grep_conspect.txt
2025-07-16 22:37:32.178 [info] Active editor: file:///home/alexey/mydev/Programming/Linux/find_conspect.md
2025-07-16 22:37:34.720 [info] /home/alexey/mydev/Programming/Linux/grep_conspect.txt closed
2025-07-16 22:37:35.828 [info] /home/alexey/mydev/Programming/Linux/find_conspect.md closed
2025-07-16 22:38:15.102 [info] Active editor: file:///home/alexey/mydev/Programming/Linux/grep_conspect.md
2025-07-16 22:45:11.782 [info] Executing :w
2025-07-16 22:47:26.678 [info] Executing :w
2025-07-16 22:50:17.224 [info] Executing :W
2025-07-16 22:50:19.861 [info] Executing :w
2025-07-16 22:57:03.071 [info] Executing :w
2025-07-16 22:58:01.960 [info] Executing :W
2025-07-16 22:58:05.569 [info] Executing :w
2025-07-16 23:05:55.476 [info] Active editor: untitled:/home/alexey/mydev/Programming/Linux/%2A
2025-07-16 23:06:01.511 [info] /home/alexey/mydev/Programming/Linux/* closed
2025-07-16 23:06:01.568 [info] Active editor: file:///home/alexey/mydev/Programming/Linux/grep_conspect.md
2025-07-16 23:06:44.366 [info] Executing :w
2025-07-16 23:08:06.928 [info] /home/alexey/mydev/Programming/Linux/grep_conspect.md closed
2025-07-16 23:08:24.936 [info] Active editor: file:///home/alexey/mydev/Programming/Lua/learning/test.lua
2025-07-16 23:08:32.944 [info] /home/alexey/mydev/Programming/Lua/learning/test.lua closed
2025-07-16 23:08:45.676 [info] Configuration changed
2025-07-16 23:09:09.998 [info] Active editor: file:///home/alexey/mydev/Programming/Lua/learning/test.lua
2025-07-16 23:09:32.008 [info] Configuration changed
2025-07-16 23:10:03.737 [info] Active editor: file:///home/alexey/mydev/Programming/Lua/learning/test.lua
2025-07-16 23:10:04.827 [info] Configuration changed
2025-07-16 23:10:05.056 [info] /home/alexey/mydev/Programming/Lua/learning/.vscode/settings.json closed
2025-07-16 23:10:05.131 [info] Configuration changed
2025-07-16 23:10:07.257 [info] Active editor: file:///home/alexey/mydev/Programming/Lua/learning/test.lua
2025-07-16 23:11:01.312 [info] Configuration changed
