2025-07-16 23:15:20.282 [info] Reading sessions from keychain...
2025-07-16 23:15:20.282 [info] Getting sessions for all scopes...
2025-07-16 23:15:20.282 [info] Getting sessions for all scopes...
2025-07-16 23:15:20.282 [info] Got stored sessions!
2025-07-16 23:15:20.282 [info] Got 1 verified sessions.
2025-07-16 23:15:20.282 [info] Got 1 sessions for ...
2025-07-16 23:15:20.282 [info] Got 1 sessions for ...
2025-07-16 23:15:20.282 [info] Getting sessions for user:email...
2025-07-16 23:15:20.282 [info] Got 1 sessions for user:email...
2025-07-16 23:15:21.331 [info] Getting sessions for all scopes...
2025-07-16 23:15:21.331 [info] Got 1 sessions for ...
2025-07-16 23:15:48.777 [info] Reading sessions from keychain...
2025-07-16 23:15:48.777 [info] Getting sessions for all scopes...
2025-07-16 23:15:48.777 [info] Getting sessions for all scopes...
2025-07-16 23:15:48.777 [info] Getting sessions for all scopes...
2025-07-16 23:15:48.777 [info] Getting sessions for user:email...
2025-07-16 23:15:48.777 [info] Got stored sessions!
2025-07-16 23:15:48.777 [info] Got 1 verified sessions.
2025-07-16 23:15:48.777 [info] Got 1 sessions for ...
2025-07-16 23:15:48.777 [info] Got 1 sessions for ...
2025-07-16 23:15:48.777 [info] Got 1 sessions for ...
2025-07-16 23:15:48.777 [info] Got 1 sessions for user:email...
