2025-07-16 23:11:16.365 [info] ComputeTargetPlatform: linux-x64
2025-07-16 23:11:16.565 [info] Marked extension as removed julianiaquinandi.nvim-ui-modifier-0.1.5
2025-07-16 23:11:16.565 [info] Marked extension as removed wrathcodes.nvim-ui-plus-0.0.22
2025-07-16 23:11:16.569 [info] Deleted marked for removal extension from disk wrathcodes.nvim-ui-plus /home/alexey/.vscode/extensions/wrathcodes.nvim-ui-plus-0.0.22
2025-07-16 23:11:16.572 [info] Deleted marked for removal extension from disk julianiaquinandi.nvim-ui-modifier /home/alexey/.vscode/extensions/julianiaquinandi.nvim-ui-modifier-0.1.5
2025-07-16 23:11:18.129 [info] ComputeTargetPlatform: linux-x64
2025-07-16 23:11:27.769 [info] Uninstalling extension from the profile: lancewilhelm.nvim-dashboard@0.1.4 vscode-userdata:/home/alexey/.vscode/extensions/extensions.json
2025-07-16 23:11:27.851 [info] Marked extension as removed lancewilhelm.nvim-dashboard-0.1.4
2025-07-16 23:11:28.256 [info] Successfully uninstalled extension from the profile lancewilhelm.nvim-dashboard@0.1.4 vscode-userdata:/home/alexey/.vscode/extensions/extensions.json
2025-07-16 23:11:38.310 [info] Getting Manifest... lancewilhelm.nvim-dashboard
2025-07-16 23:11:38.396 [info] Installing extension: lancewilhelm.nvim-dashboard {"isMachineScoped":false,"installPreReleaseVersion":false,"pinned":false,"profileLocation":{"$mid":1,"external":"vscode-userdata:/home/alexey/.vscode/extensions/extensions.json","path":"/home/alexey/.vscode/extensions/extensions.json","scheme":"vscode-userdata"},"isApplicationScoped":false,"productVersion":{"version":"1.101.2","date":"2025-06-24T20:27:15.391Z"}}
2025-07-16 23:11:38.537 [info] Removed the extension from removed list: lancewilhelm.nvim-dashboard
2025-07-16 23:11:38.687 [info] Extension installed successfully: lancewilhelm.nvim-dashboard vscode-userdata:/home/alexey/.vscode/extensions/extensions.json
2025-07-16 23:12:52.721 [info] Getting Manifest... wrathcodes.nvim-ui-plus
2025-07-16 23:12:52.802 [info] Installing extension: wrathcodes.nvim-ui-plus {"isMachineScoped":false,"installPreReleaseVersion":false,"pinned":false,"profileLocation":{"$mid":1,"external":"vscode-userdata:/home/alexey/.vscode/extensions/extensions.json","path":"/home/alexey/.vscode/extensions/extensions.json","scheme":"vscode-userdata"},"isApplicationScoped":false,"productVersion":{"version":"1.101.2","date":"2025-06-24T20:27:15.391Z"}}
2025-07-16 23:12:54.411 [info] Extension signature verification result for wrathcodes.nvim-ui-plus: Success. Internal Code: 0. Executed: true. Duration: 1405ms.
2025-07-16 23:12:54.444 [info] Extracted extension to file:///home/alexey/.vscode/extensions/wrathcodes.nvim-ui-plus-0.0.22: wrathcodes.nvim-ui-plus
2025-07-16 23:12:54.451 [info] Renamed to /home/alexey/.vscode/extensions/wrathcodes.nvim-ui-plus-0.0.22
2025-07-16 23:12:54.511 [info] Extension installed successfully: wrathcodes.nvim-ui-plus vscode-userdata:/home/alexey/.vscode/extensions/extensions.json
2025-07-16 23:13:39.161 [info] Uninstalling extension from the profile: wrathcodes.nvim-ui-plus@0.0.22 vscode-userdata:/home/alexey/.vscode/extensions/extensions.json
2025-07-16 23:13:39.223 [info] Marked extension as removed wrathcodes.nvim-ui-plus-0.0.22
2025-07-16 23:13:39.631 [info] Successfully uninstalled extension from the profile wrathcodes.nvim-ui-plus@0.0.22 vscode-userdata:/home/alexey/.vscode/extensions/extensions.json
