2025-07-16 23:11:16.241 [info] [AutoSync] Using settings sync service https://vscode-sync.trafficmanager.net/
2025-07-16 23:11:16.241 [info] [AutoSync] Enabled.
2025-07-16 23:11:16.241 [info] [AutoSync] Suspended until auth token is available.
2025-07-16 23:11:19.016 [info] [AutoSync] Triggered by Interval
2025-07-16 23:11:19.017 [info] Sync started.
2025-07-16 23:11:19.561 [info] Settings: No changes found during synchronizing settings.
2025-07-16 23:11:19.569 [info] Keybindings: No changes found during synchronizing keybindings.
2025-07-16 23:11:19.573 [info] Snippets: No changes found during synchronizing snippets.
2025-07-16 23:11:19.577 [info] Tasks: No changes found during synchronizing tasks.
2025-07-16 23:11:19.589 [info] GlobalState: No changes found during synchronizing ui state.
2025-07-16 23:11:19.649 [info] Extensions: No changes found during synchronizing extensions.
2025-07-16 23:11:19.659 [info] Prompts: No changes found during synchronizing prompts.
2025-07-16 23:11:19.661 [info] Profiles: No changes found during synchronizing profiles.
2025-07-16 23:11:19.663 [info] Sync done. Took 647ms
2025-07-16 23:11:31.447 [info] [AutoSync] Triggered by Activity
2025-07-16 23:11:31.448 [info] Sync started.
2025-07-16 23:11:31.591 [info] Settings: No changes found during synchronizing settings.
2025-07-16 23:11:31.594 [info] Keybindings: No changes found during synchronizing keybindings.
2025-07-16 23:11:31.598 [info] Snippets: No changes found during synchronizing snippets.
2025-07-16 23:11:31.602 [info] Tasks: No changes found during synchronizing tasks.
2025-07-16 23:11:31.608 [info] GlobalState: No changes found during synchronizing ui state.
2025-07-16 23:11:32.172 [info] Extensions: Updated remote extensions. Removed: ["lancewilhelm.nvim-dashboard"].
2025-07-16 23:11:32.178 [info] Extensions: Updated last synchronized extensions. Skipped: ["linjun.azure-sql-server-support"].
2025-07-16 23:11:32.183 [info] Prompts: No changes found during synchronizing prompts.
2025-07-16 23:11:32.184 [info] Profiles: No changes found during synchronizing profiles.
2025-07-16 23:11:32.186 [info] Sync done. Took 739ms
2025-07-16 23:11:41.860 [info] [AutoSync] Triggered by Activity
2025-07-16 23:11:41.860 [info] Sync started.
2025-07-16 23:11:41.998 [info] Settings: No changes found during synchronizing settings.
2025-07-16 23:11:42.002 [info] Keybindings: No changes found during synchronizing keybindings.
2025-07-16 23:11:42.006 [info] Snippets: No changes found during synchronizing snippets.
2025-07-16 23:11:42.010 [info] Tasks: No changes found during synchronizing tasks.
2025-07-16 23:11:42.018 [info] GlobalState: No changes found during synchronizing ui state.
2025-07-16 23:11:42.548 [info] Extensions: Updated remote extensions. Added: ["lancewilhelm.nvim-dashboard"].
2025-07-16 23:11:42.554 [info] Extensions: Updated last synchronized extensions. Skipped: ["linjun.azure-sql-server-support"].
2025-07-16 23:11:42.559 [info] Prompts: No changes found during synchronizing prompts.
2025-07-16 23:11:42.560 [info] Profiles: No changes found during synchronizing profiles.
2025-07-16 23:11:42.562 [info] Sync done. Took 704ms
2025-07-16 23:12:31.430 [info] [AutoSync] Triggered by Activity
2025-07-16 23:12:31.430 [info] Sync started.
2025-07-16 23:12:31.534 [info] Settings: No changes found during synchronizing settings.
2025-07-16 23:12:31.539 [info] Keybindings: No changes found during synchronizing keybindings.
2025-07-16 23:12:31.543 [info] Snippets: No changes found during synchronizing snippets.
2025-07-16 23:12:31.547 [info] Tasks: No changes found during synchronizing tasks.
2025-07-16 23:12:31.555 [info] GlobalState: No changes found during synchronizing ui state.
2025-07-16 23:12:31.634 [info] Extensions: No changes found during synchronizing extensions.
2025-07-16 23:12:31.638 [info] Prompts: No changes found during synchronizing prompts.
2025-07-16 23:12:31.639 [info] Profiles: No changes found during synchronizing profiles.
2025-07-16 23:12:31.643 [info] Sync done. Took 213ms
2025-07-16 23:12:43.086 [info] [AutoSync] Triggered by Activity
2025-07-16 23:12:43.087 [info] Sync started.
2025-07-16 23:12:43.189 [info] Settings: No changes found during synchronizing settings.
2025-07-16 23:12:43.193 [info] Keybindings: No changes found during synchronizing keybindings.
2025-07-16 23:12:43.196 [info] Snippets: No changes found during synchronizing snippets.
2025-07-16 23:12:43.199 [info] Tasks: No changes found during synchronizing tasks.
2025-07-16 23:12:43.206 [info] GlobalState: No changes found during synchronizing ui state.
2025-07-16 23:12:43.302 [info] Extensions: No changes found during synchronizing extensions.
2025-07-16 23:12:43.306 [info] Prompts: No changes found during synchronizing prompts.
2025-07-16 23:12:43.308 [info] Profiles: No changes found during synchronizing profiles.
2025-07-16 23:12:43.310 [info] Sync done. Took 225ms
2025-07-16 23:12:54.655 [info] [AutoSync] Triggered by Activity
2025-07-16 23:12:54.656 [info] Sync started.
2025-07-16 23:12:54.794 [info] Settings: No changes found during synchronizing settings.
2025-07-16 23:12:54.797 [info] Keybindings: No changes found during synchronizing keybindings.
2025-07-16 23:12:54.800 [info] Snippets: No changes found during synchronizing snippets.
2025-07-16 23:12:54.802 [info] Tasks: No changes found during synchronizing tasks.
2025-07-16 23:12:54.807 [info] GlobalState: No changes found during synchronizing ui state.
2025-07-16 23:12:55.532 [info] Extensions: Updated remote extensions. Added: ["wrathcodes.nvim-ui-plus"].
2025-07-16 23:12:55.537 [info] Extensions: Updated last synchronized extensions. Skipped: ["linjun.azure-sql-server-support"].
2025-07-16 23:12:55.541 [info] Prompts: No changes found during synchronizing prompts.
2025-07-16 23:12:55.543 [info] Profiles: No changes found during synchronizing profiles.
2025-07-16 23:12:55.545 [info] Sync done. Took 889ms
2025-07-16 23:13:34.389 [info] [AutoSync] Triggered by Activity
2025-07-16 23:13:34.390 [info] Sync started.
2025-07-16 23:13:34.601 [info] Settings: No changes found during synchronizing settings.
2025-07-16 23:13:34.606 [info] Keybindings: No changes found during synchronizing keybindings.
2025-07-16 23:13:34.611 [info] Snippets: No changes found during synchronizing snippets.
2025-07-16 23:13:34.614 [info] Tasks: No changes found during synchronizing tasks.
2025-07-16 23:13:34.622 [info] GlobalState: No changes found during synchronizing ui state.
2025-07-16 23:13:34.721 [info] Extensions: No changes found during synchronizing extensions.
2025-07-16 23:13:34.725 [info] Prompts: No changes found during synchronizing prompts.
2025-07-16 23:13:34.726 [info] Profiles: No changes found during synchronizing profiles.
2025-07-16 23:13:34.728 [info] Sync done. Took 339ms
2025-07-16 23:13:42.809 [info] [AutoSync] Triggered by Activity
2025-07-16 23:13:42.809 [info] Sync started.
2025-07-16 23:13:43.001 [info] Settings: No changes found during synchronizing settings.
2025-07-16 23:13:43.006 [info] Keybindings: No changes found during synchronizing keybindings.
2025-07-16 23:13:43.011 [info] Snippets: No changes found during synchronizing snippets.
2025-07-16 23:13:43.014 [info] Tasks: No changes found during synchronizing tasks.
2025-07-16 23:13:43.021 [info] GlobalState: No changes found during synchronizing ui state.
2025-07-16 23:13:43.670 [info] Extensions: Updated remote extensions. Removed: ["wrathcodes.nvim-ui-plus"].
2025-07-16 23:13:43.677 [info] Extensions: Updated last synchronized extensions. Skipped: ["linjun.azure-sql-server-support"].
2025-07-16 23:13:43.683 [info] Prompts: No changes found during synchronizing prompts.
2025-07-16 23:13:43.685 [info] Profiles: No changes found during synchronizing profiles.
2025-07-16 23:13:43.687 [info] Sync done. Took 879ms
