2025-07-17 18:00:40.236 [info] Configuration changed
2025-07-17 18:00:40.570 [info] Configuration changed
2025-07-17 18:00:40.679 [info] Configuration changed
2025-07-17 18:00:41.497 [info] Configuration changed
2025-07-17 18:00:41.508 [info] Configuration changed
2025-07-17 18:00:41.524 [info] Configuration changed
2025-07-17 18:00:41.577 [info] /home/alexey/.config/Code/User/settings.json closed
2025-07-17 18:00:41.581 [info] /home/alexey/.config/Code/User/keybindings.json closed
2025-07-17 18:00:42.288 [info] Active editor: file:///home/alexey/mydev/Programming/Linux/conspects/find_conspect.md
2025-07-17 18:00:44.360 [info] /home/alexey/mydev/Programming/Linux/conspects/find_conspect.md closed
2025-07-17 18:00:44.376 [info] Active editor: file:///home/alexey/mydev/Programming/Linux/conspects/sed_conspect.md
2025-07-17 18:02:44.129 [info] Executing :w
2025-07-17 18:05:09.769 [info] Executing :w
2025-07-17 18:05:27.359 [info] /home/alexey/.config/Code/User/settings.json closed
2025-07-17 18:05:27.416 [info] Configuration changed
2025-07-17 18:05:32.692 [info] /home/alexey/.config/Code/User/settings.json closed
2025-07-17 18:05:32.740 [info] Configuration changed
2025-07-17 18:05:33.661 [info] /home/alexey/.config/Code/User/settings.json closed
2025-07-17 18:05:46.181 [info] /home/alexey/.config/Code/User/settings.json closed
2025-07-17 18:05:46.226 [info] Configuration changed
2025-07-17 18:05:53.510 [info] Active editor: file:///home/alexey/mydev/Programming/Linux/conspects/sed_conspect.md
2025-07-17 18:06:03.124 [info] Active editor: file:///home/alexey/mydev/Programming/Linux/conspects/sed_conspect.md
2025-07-17 18:06:07.583 [info] /home/alexey/.config/Code/User/settings.json closed
2025-07-17 18:06:07.633 [info] Configuration changed
2025-07-17 18:06:09.319 [info] Active editor: file:///home/alexey/mydev/Programming/Linux/conspects/sed_conspect.md
2025-07-17 18:06:13.168 [info] /home/alexey/.config/Code/User/settings.json closed
2025-07-17 18:06:13.211 [info] Configuration changed
2025-07-17 18:06:14.346 [info] Active editor: file:///home/alexey/mydev/Programming/Linux/conspects/sed_conspect.md
2025-07-17 18:07:01.332 [info] Searching for `s`
2025-07-17 18:07:35.279 [info] Executing :W
2025-07-17 18:07:36.581 [info] Executing :w
2025-07-17 18:29:10.288 [info] Executing :w
2025-07-17 18:32:03.374 [info] Executing :w
2025-07-17 18:32:15.809 [info] Executing :W
2025-07-17 18:32:17.239 [info] Executing :w
2025-07-17 18:35:22.472 [info] Executing :w
