2025-07-16 22:11:54.774 [info] [main] Log level: Info
2025-07-16 22:11:54.774 [info] [main] Validating found git in: "git"
2025-07-16 22:11:54.774 [info] [main] Using git "2.50.1" from "git"
2025-07-16 22:11:54.774 [info] [Model][doInitialScan] Initial repository scan started
2025-07-16 22:11:54.774 [info] > git rev-parse --show-toplevel [12ms]
2025-07-16 22:11:54.774 [info] [Model][doInitialScan] Initial repository scan completed - repositories (0), closed repositories (0), parent repositories (1), unsafe repositories (0)
2025-07-16 22:11:54.774 [info] > git rev-parse --show-toplevel [57ms]
2025-07-16 22:11:55.621 [info] > git rev-parse --show-toplevel [243ms]
2025-07-16 22:12:05.560 [info] > git rev-parse --show-toplevel [6ms]
2025-07-16 22:12:35.860 [info] > git rev-parse --show-toplevel [5ms]
2025-07-16 22:12:40.517 [info] > git rev-parse --show-toplevel [6ms]
2025-07-16 22:37:10.939 [info] > git rev-parse --show-toplevel [7ms]
2025-07-16 22:37:32.212 [info] > git rev-parse --show-toplevel [7ms]
2025-07-16 22:38:15.153 [info] > git rev-parse --show-toplevel [6ms]
2025-07-16 23:06:01.622 [info] > git rev-parse --show-toplevel [9ms]
2025-07-16 23:08:24.985 [info] > git rev-parse --show-toplevel [6ms]
2025-07-16 23:08:45.718 [info] > git rev-parse --show-toplevel [7ms]
2025-07-16 23:08:54.230 [info] [main] Log level: Info
2025-07-16 23:08:54.230 [info] [main] Validating found git in: "git"
2025-07-16 23:08:54.230 [info] [main] Using git "2.50.1" from "git"
2025-07-16 23:08:54.230 [info] [Model][doInitialScan] Initial repository scan started
2025-07-16 23:08:54.230 [info] > git rev-parse --show-toplevel [27ms]
2025-07-16 23:08:54.319 [info] > git rev-parse --show-toplevel [50ms]
2025-07-16 23:08:54.723 [info] [Model][doInitialScan] Initial repository scan completed - repositories (0), closed repositories (0), parent repositories (1), unsafe repositories (0)
2025-07-16 23:09:06.317 [info] > git rev-parse --show-toplevel [3ms]
2025-07-16 23:09:10.062 [info] > git rev-parse --show-toplevel [6ms]
2025-07-16 23:09:32.047 [info] > git rev-parse --show-toplevel [5ms]
2025-07-16 23:10:03.773 [info] > git rev-parse --show-toplevel [6ms]
2025-07-16 23:10:04.859 [info] > git rev-parse --show-toplevel [5ms]
2025-07-16 23:10:05.162 [info] > git rev-parse --show-toplevel [5ms]
2025-07-16 23:10:07.293 [info] > git rev-parse --show-toplevel [5ms]
2025-07-16 23:10:37.840 [info] [main] Log level: Info
2025-07-16 23:10:37.840 [info] [main] Validating found git in: "git"
2025-07-16 23:10:37.840 [info] [main] Using git "2.50.1" from "git"
2025-07-16 23:10:37.840 [info] [Model][doInitialScan] Initial repository scan started
2025-07-16 23:10:37.841 [info] > git rev-parse --show-toplevel [6ms]
2025-07-16 23:10:37.869 [info] > git rev-parse --show-toplevel [5ms]
2025-07-16 23:10:37.876 [info] [Model][doInitialScan] Initial repository scan completed - repositories (0), closed repositories (0), parent repositories (1), unsafe repositories (0)
2025-07-16 23:11:01.365 [info] > git rev-parse --show-toplevel [16ms]
