2025-07-13 19:05:40.528 [info] ComputeTargetPlatform: linux-x64
2025-07-13 19:05:40.694 [info] Deleted marked for removal extension from disk bradlc.vscode-tailwindcss /home/alexey/.vscode/extensions/bradlc.vscode-tailwindcss-0.14.24
2025-07-13 19:05:40.837 [info] Deleted marked for removal extension from disk ms-toolsai.jupyter-renderers /home/alexey/.vscode/extensions/ms-toolsai.jupyter-renderers-1.1.0
2025-07-13 19:05:40.922 [info] Deleted marked for removal extension from disk ms-toolsai.jupyter /home/alexey/.vscode/extensions/ms-toolsai.jupyter-2025.5.0-linux-x64
2025-07-13 19:05:41.025 [info] Deleted marked for removal extension from disk ms-python.python /home/alexey/.vscode/extensions/ms-python.python-2025.8.0-linux-x64
2025-07-13 19:05:43.374 [info] ComputeTargetPlatform: linux-x64
2025-07-13 19:05:45.315 [info] Getting Manifest... ms-python.debugpy
2025-07-13 19:05:45.316 [info] Getting Manifest... ms-python.python
2025-07-13 19:05:45.604 [info] Installing extension: ms-python.debugpy {"productVersion":{"version":"1.101.2","date":"2025-06-24T20:27:15.391Z"},"pinned":false,"operation":3,"isApplicationScoped":false,"profileLocation":{"$mid":1,"external":"vscode-userdata:/home/alexey/.vscode/extensions/extensions.json","path":"/home/alexey/.vscode/extensions/extensions.json","scheme":"vscode-userdata"}}
2025-07-13 19:05:45.607 [info] Installing extension: ms-python.python {"productVersion":{"version":"1.101.2","date":"2025-06-24T20:27:15.391Z"},"pinned":false,"operation":3,"isApplicationScoped":false,"profileLocation":{"$mid":1,"external":"vscode-userdata:/home/alexey/.vscode/extensions/extensions.json","path":"/home/alexey/.vscode/extensions/extensions.json","scheme":"vscode-userdata"}}
2025-07-13 19:05:46.118 [info] Getting Manifest... ms-python.python
2025-07-13 19:05:50.207 [info] Extension signature verification result for ms-python.debugpy: Success. Internal Code: 0. Executed: true. Duration: 1627ms.
2025-07-13 19:05:50.742 [info] Extracted extension to file:///home/alexey/.vscode/extensions/ms-python.debugpy-2025.10.0-linux-x64: ms-python.debugpy
2025-07-13 19:05:50.761 [info] Renamed to /home/alexey/.vscode/extensions/ms-python.debugpy-2025.10.0-linux-x64
2025-07-13 19:05:50.810 [info] Marked extension as removed ms-python.debugpy-2025.8.0-linux-x64
2025-07-13 19:05:50.872 [info] Extension signature verification result for ms-python.python: Success. Internal Code: 0. Executed: true. Duration: 1409ms.
2025-07-13 19:05:50.875 [info] Extension installed successfully: ms-python.debugpy vscode-userdata:/home/alexey/.vscode/extensions/extensions.json
2025-07-13 19:05:52.405 [info] Extracted extension to file:///home/alexey/.vscode/extensions/ms-python.python-2025.10.0-linux-x64: ms-python.python
2025-07-13 19:05:52.531 [info] Renamed to /home/alexey/.vscode/extensions/ms-python.python-2025.10.0-linux-x64
2025-07-13 19:05:52.591 [info] Marked extension as removed ms-python.python-2025.8.1-linux-x64
2025-07-13 19:05:52.595 [info] Extension installed successfully: ms-python.python vscode-userdata:/home/alexey/.vscode/extensions/extensions.json
