2025-07-13 19:05:40.203 [info] [AutoSync] Using settings sync service https://vscode-sync.trafficmanager.net/
2025-07-13 19:05:40.203 [info] [AutoSync] Enabled.
2025-07-13 19:05:40.203 [info] [AutoSync] Suspended until auth token is available.
2025-07-13 19:05:43.970 [info] [AutoSync] Triggered by Interval
2025-07-13 19:05:43.970 [info] Sync started.
2025-07-13 19:05:44.713 [info] Settings: No changes found during synchronizing settings.
2025-07-13 19:05:44.723 [info] Keybindings: No changes found during synchronizing keybindings.
2025-07-13 19:05:44.726 [info] Snippets: No changes found during synchronizing snippets.
2025-07-13 19:05:44.728 [info] Tasks: No changes found during synchronizing tasks.
2025-07-13 19:05:45.480 [info] GlobalState: Updated remote ui state. Updated: cpp.1.lastSessionDate,cpp.1.sessionCount,java.2.lastSessionDate,java.2.sessionCount,javascript.1.lastSessionDate,javascript.1.sessionCount,typescript.1.lastSessionDate,typescript.1.sessionCount,csharp.1.lastSessionDate,csharp.1.sessionCount.
2025-07-13 19:05:45.487 [info] GlobalState: Updated last synchronized ui state
2025-07-13 19:05:45.543 [info] Extensions: No changes found during synchronizing extensions.
2025-07-13 19:05:45.547 [info] Prompts: No changes found during synchronizing prompts.
2025-07-13 19:05:45.548 [info] Profiles: No changes found during synchronizing profiles.
2025-07-13 19:05:45.550 [info] Sync done. Took 1581ms
2025-07-13 19:05:55.564 [info] [AutoSync] Triggered by Activity
2025-07-13 19:05:55.564 [info] Sync started.
2025-07-13 19:05:55.965 [info] Settings: No changes found during synchronizing settings.
2025-07-13 19:05:55.970 [info] Keybindings: No changes found during synchronizing keybindings.
2025-07-13 19:05:55.976 [info] Snippets: No changes found during synchronizing snippets.
2025-07-13 19:05:55.980 [info] Tasks: No changes found during synchronizing tasks.
2025-07-13 19:05:55.989 [info] GlobalState: No changes found during synchronizing ui state.
2025-07-13 19:05:56.093 [info] Extensions: No changes found during synchronizing extensions.
2025-07-13 19:05:56.100 [info] Prompts: No changes found during synchronizing prompts.
2025-07-13 19:05:56.102 [info] Profiles: No changes found during synchronizing profiles.
2025-07-13 19:05:56.106 [info] Sync done. Took 543ms
