2025-07-17 14:12:18.198 [warning] Via 'product.json#extensionEnabledApiProposals' extension 'ms-vsliveshare.vsliveshare' wants API proposal 'notebookCellExecutionState' but that proposal DOES NOT EXIST. Likely, the proposal has been finalized (check 'vscode.d.ts') or was abandoned.
2025-07-17 14:12:18.218 [warning] Via 'product.json#extensionEnabledApiProposals' extension 'ms-python.gather' wants API proposal 'notebookCellExecutionState' but that proposal DOES NOT EXIST. Likely, the proposal has been finalized (check 'vscode.d.ts') or was abandoned.
2025-07-17 14:12:18.218 [warning] Via 'product.json#extensionEnabledApiProposals' extension 'ms-python.vscode-pylance' wants API proposal 'mcpConfigurationProvider' but that proposal DOES NOT EXIST. Likely, the proposal has been finalized (check 'vscode.d.ts') or was abandoned.
2025-07-17 14:12:19.102 [info] Started local extension host with pid 14094.
2025-07-17 14:12:19.514 [info] ComputeTargetPlatform: linux-x64
2025-07-17 14:12:19.518 [error] Extension 'ms-python.vscode-pylance' wants API proposal 'mcpConfigurationProvider' but that proposal DOES NOT EXIST. Likely, the proposal has been finalized (check 'vscode.d.ts') or was abandoned.
2025-07-17 14:12:19.579 [warning] [REditorSupport.r]: Cannot register 'r.rpath.windows'. This property is already registered.
2025-07-17 14:12:19.580 [warning] [REditorSupport.r]: Cannot register 'r.rpath.mac'. This property is already registered.
2025-07-17 14:12:19.580 [warning] [REditorSupport.r]: Cannot register 'r.rpath.linux'. This property is already registered.
2025-07-17 14:12:20.908 [info] Settings Sync: Token updated for the account Geniusmediocrity
2025-07-17 14:12:21.058 [info] Settings Sync: Account status changed from uninitialized to available
2025-07-17 14:12:21.323 [error] [Extension Host] (node:14094) [DEP0040] DeprecationWarning: The `punycode` module is deprecated. Please use a userland alternative instead.
(Use `exe --trace-deprecation ...` to show where the warning was created)
2025-07-17 14:12:21.917 [info] [perf] Render performance baseline is 18ms
2025-07-17 14:45:15.712 [error] [Extension Host] EntryNotFound (FileSystemError): Error: ENOENT: no such file or directory, open '/home/alexey/mydev/Programming/Linux/conspects/sed_conspect.md'
    at ds.e (file:///var/lib/snapd/snap/code/198/usr/share/code/resources/app/out/vs/workbench/api/node/extensionHostProcess.js:120:18064)
    at Object.readFile (file:///var/lib/snapd/snap/code/198/usr/share/code/resources/app/out/vs/workbench/api/node/extensionHostProcess.js:120:16585)
    at Object.readFile (/home/alexey/.vscode/extensions/shd101wyy.markdown-preview-enhanced-0.8.18/out/native/extension.js:1459:21519)
    at Tf.generateHTMLTemplateForPreview (/home/alexey/.vscode/extensions/shd101wyy.markdown-preview-enhanced-0.8.18/out/native/extension.js:1248:2238)
    at ks.initPreview (/home/alexey/.vscode/extensions/shd101wyy.markdown-preview-enhanced-0.8.18/out/native/extension.js:1459:14691)
