2025-07-26 20:57:39.396 [info] [main] Log level: Info
2025-07-26 20:57:39.396 [info] [main] Validating found git in: "git"
2025-07-26 20:57:39.396 [info] [main] Using git "2.50.1" from "git"
2025-07-26 20:57:39.396 [info] [Model][doInitialScan] Initial repository scan started
2025-07-26 20:57:39.396 [info] > git rev-parse --show-toplevel [48ms]
2025-07-26 20:57:39.396 [info] > git rev-parse --show-toplevel [428ms]
2025-07-26 20:57:39.399 [info] [Model][doInitialScan] Initial repository scan completed - repositories (0), closed repositories (0), parent repositories (1), unsafe repositories (0)
2025-07-26 20:58:03.107 [info] > git rev-parse --show-toplevel [7ms]
2025-07-26 20:58:15.690 [info] [main] Log level: Info
2025-07-26 20:58:15.690 [info] [main] Validating found git in: "git"
2025-07-26 20:58:15.690 [info] [main] Using git "2.50.1" from "git"
2025-07-26 20:58:15.690 [info] [Model][doInitialScan] Initial repository scan started
2025-07-26 20:58:15.690 [info] > git rev-parse --show-toplevel [310ms]
2025-07-26 20:58:15.694 [info] > git rev-parse --show-toplevel [7ms]
2025-07-26 20:58:15.714 [info] > git rev-parse --show-toplevel [4ms]
2025-07-26 20:58:15.735 [info] > git rev-parse --show-toplevel [6ms]
2025-07-26 20:58:15.739 [info] [Model][doInitialScan] Initial repository scan completed - repositories (0), closed repositories (0), parent repositories (1), unsafe repositories (0)
2025-07-26 20:58:16.828 [info] > git rev-parse --show-toplevel [5ms]
2025-07-26 20:58:19.026 [info] > git rev-parse --show-toplevel [28ms]
2025-07-26 20:58:22.271 [info] > git rev-parse --show-toplevel [6ms]
2025-07-26 21:00:04.021 [info] > git rev-parse --show-toplevel [9ms]
2025-07-26 21:00:13.989 [info] > git rev-parse --show-toplevel [7ms]
2025-07-26 21:01:22.661 [info] > git rev-parse --show-toplevel [5ms]
