2025-07-17 21:04:23.524 [info] Extension host with pid 35171 started
2025-07-17 21:04:23.524 [info] Skipping acquiring lock for /home/alexey/.config/Code/User/workspaceStorage/06e20668ae9b7fd47065d5ff3c23e896.
2025-07-17 21:04:24.356 [info] ExtensionService#_doActivateExtension vscode.github-authentication, startup: false, activationEvent: 'onAuthenticationRequest:github-enterprise'
2025-07-17 21:04:24.409 [info] ExtensionService#_doActivateExtension mechatroner.rainbow-csv, startup: false, activationEvent: 'onLanguage:plaintext'
2025-07-17 21:04:24.420 [info] ExtensionService#_doActivateExtension vscode.emmet, startup: false, activationEvent: 'onLanguage'
2025-07-17 21:04:24.456 [info] ExtensionService#_doActivateExtension vscode.extension-editing, startup: false, activationEvent: 'onLanguage:markdown'
2025-07-17 21:04:24.491 [info] ExtensionService#_doActivateExtension vscode.markdown-language-features, startup: false, activationEvent: 'onLanguage:markdown'
2025-07-17 21:04:24.678 [info] ExtensionService#_doActivateExtension shd101wyy.markdown-preview-enhanced, startup: false, activationEvent: 'onLanguage:markdown'
2025-07-17 21:04:26.215 [info] ExtensionService#_doActivateExtension vscode.git-base, startup: true, activationEvent: '*', root cause: vscode.git
2025-07-17 21:04:26.218 [info] ExtensionService#_doActivateExtension formulahendry.auto-rename-tag, startup: true, activationEvent: '*'
2025-07-17 21:04:26.246 [info] ExtensionService#_doActivateExtension kamikillerto.vscode-colorize, startup: true, activationEvent: '*'
2025-07-17 21:04:26.298 [info] ExtensionService#_doActivateExtension mhutchie.git-graph, startup: true, activationEvent: '*'
2025-07-17 21:04:26.319 [info] ExtensionService#_doActivateExtension Zignd.html-css-class-completion, startup: true, activationEvent: '*'
2025-07-17 21:04:26.543 [info] ExtensionService#_doActivateExtension vscode.git, startup: true, activationEvent: '*'
2025-07-17 21:04:26.584 [info] ExtensionService#_doActivateExtension vscode.github, startup: true, activationEvent: '*'
2025-07-17 21:04:26.769 [info] Eager extensions activated
2025-07-17 21:04:26.771 [info] ExtensionService#_doActivateExtension vscode.debug-auto-launch, startup: false, activationEvent: 'onStartupFinished'
2025-07-17 21:04:26.774 [info] ExtensionService#_doActivateExtension vscode.merge-conflict, startup: false, activationEvent: 'onStartupFinished'
2025-07-17 21:04:26.789 [info] ExtensionService#_doActivateExtension aaron-bond.better-comments, startup: false, activationEvent: 'onStartupFinished'
2025-07-17 21:04:26.793 [info] ExtensionService#_doActivateExtension bierner.color-info, startup: false, activationEvent: 'onStartupFinished'
2025-07-17 21:04:26.798 [info] ExtensionService#_doActivateExtension bradlc.vscode-tailwindcss, startup: false, activationEvent: 'onStartupFinished'
2025-07-17 21:04:26.832 [info] ExtensionService#_doActivateExtension ecmel.vscode-html-css, startup: false, activationEvent: 'onStartupFinished'
2025-07-17 21:04:26.833 [info] ExtensionService#_doActivateExtension esbenp.prettier-vscode, startup: false, activationEvent: 'onStartupFinished'
2025-07-17 21:04:26.905 [info] ExtensionService#_doActivateExtension formulahendry.code-runner, startup: false, activationEvent: 'onStartupFinished'
2025-07-17 21:04:26.927 [info] ExtensionService#_doActivateExtension GitByBit.gitbybit, startup: false, activationEvent: 'onStartupFinished'
2025-07-17 21:04:26.929 [info] ExtensionService#_doActivateExtension Gruntfuggly.todo-tree, startup: false, activationEvent: 'onStartupFinished'
2025-07-17 21:04:26.968 [info] ExtensionService#_doActivateExtension HenryTsz.nvim, startup: false, activationEvent: 'onStartupFinished'
2025-07-17 21:04:27.048 [info] ExtensionService#_doActivateExtension kingleo.openurl, startup: false, activationEvent: 'onStartupFinished'
2025-07-17 21:04:27.050 [info] ExtensionService#_doActivateExtension ms-vscode-remote.remote-wsl, startup: false, activationEvent: 'onStartupFinished'
2025-07-17 21:04:27.146 [info] ExtensionService#_doActivateExtension naumovs.color-highlight, startup: false, activationEvent: 'onStartupFinished'
2025-07-17 21:04:27.153 [info] ExtensionService#_doActivateExtension PKief.material-icon-theme, startup: false, activationEvent: 'onStartupFinished'
2025-07-17 21:04:27.165 [info] ExtensionService#_doActivateExtension ritwickdey.LiveServer, startup: false, activationEvent: 'onStartupFinished'
2025-07-17 21:04:27.172 [info] ExtensionService#_doActivateExtension usernamehw.errorlens, startup: false, activationEvent: 'onStartupFinished'
2025-07-17 21:04:29.218 [info] ExtensionService#_doActivateExtension vscode.configuration-editing, startup: false, activationEvent: 'onLanguage:jsonc'
2025-07-17 21:04:29.230 [info] ExtensionService#_doActivateExtension vscode.json-language-features, startup: false, activationEvent: 'onLanguage:jsonc'
2025-07-17 21:04:29.307 [info] ExtensionService#_doActivateExtension vscode.typescript-language-features, startup: false, activationEvent: 'onLanguage:jsonc'
2025-07-17 21:07:46.745 [info] ExtensionService#_doActivateExtension vscode.markdown-math, startup: false, activationEvent: 'api', root cause: vscode.markdown-language-features
2025-07-17 21:30:39.903 [info] Extension host terminating: renderer closed the MessagePort
2025-07-17 21:30:39.979 [error] An error occurred when disposing the subscriptions for extension 'Gruntfuggly.todo-tree':
2025-07-17 21:30:39.981 [error] AggregateError: Encountered errors while disposing of store
    at wr (file:///var/lib/snapd/snap/code/200/usr/share/code/resources/app/out/vs/workbench/api/node/extensionHostProcess.js:25:824)
    at file:///var/lib/snapd/snap/code/200/usr/share/code/resources/app/out/vs/workbench/api/node/extensionHostProcess.js:117:15048
    at file:///var/lib/snapd/snap/code/200/usr/share/code/resources/app/out/vs/workbench/api/node/extensionHostProcess.js:25:1058
    at Object.dispose (file:///var/lib/snapd/snap/code/200/usr/share/code/resources/app/out/vs/workbench/api/node/extensionHostProcess.js:8:705)
    at QG.eb (file:///var/lib/snapd/snap/code/200/usr/share/code/resources/app/out/vs/workbench/api/node/extensionHostProcess.js:117:11921)
    at file:///var/lib/snapd/snap/code/200/usr/share/code/resources/app/out/vs/workbench/api/node/extensionHostProcess.js:117:9876
    at Array.map (<anonymous>)
    at QG.$ (file:///var/lib/snapd/snap/code/200/usr/share/code/resources/app/out/vs/workbench/api/node/extensionHostProcess.js:117:9864)
    at QG.terminate (file:///var/lib/snapd/snap/code/200/usr/share/code/resources/app/out/vs/workbench/api/node/extensionHostProcess.js:117:10107)
    at Y3.terminate (file:///var/lib/snapd/snap/code/200/usr/share/code/resources/app/out/vs/workbench/api/node/extensionHostProcess.js:119:914)
    at us (file:///var/lib/snapd/snap/code/200/usr/share/code/resources/app/out/vs/workbench/api/node/extensionHostProcess.js:356:9945)
    at MessagePortMain.<anonymous> (file:///var/lib/snapd/snap/code/200/usr/share/code/resources/app/out/vs/workbench/api/node/extensionHostProcess.js:356:6484)
    at MessagePortMain.emit (node:events:518:28)
    at Object.MessagePortMain._internalPort.emit (node:electron/js2c/utility_init:2:3073)
2025-07-17 21:30:40.017 [error] ProxyResolver#resolveProxy DIRECT Canceled: Canceled
    at new OL (file:///var/lib/snapd/snap/code/200/usr/share/code/resources/app/out/vs/workbench/api/node/extensionHostProcess.js:29:113290)
    at a4.U (file:///var/lib/snapd/snap/code/200/usr/share/code/resources/app/out/vs/workbench/api/node/extensionHostProcess.js:29:117901)
    at Proxy.s.<computed>.n.charCodeAt.s.<computed> (file:///var/lib/snapd/snap/code/200/usr/share/code/resources/app/out/vs/workbench/api/node/extensionHostProcess.js:29:115395)
    at nb.resolveProxy (file:///var/lib/snapd/snap/code/200/usr/share/code/resources/app/out/vs/workbench/api/node/extensionHostProcess.js:109:70479)
    at Object.resolveProxy (file:///var/lib/snapd/snap/code/200/usr/share/code/resources/app/out/vs/workbench/api/node/extensionHostProcess.js:166:21917)
    at useProxySettings (/var/lib/snapd/snap/code/200/usr/share/code/resources/app/node_modules/@vscode/proxy-agent/out/index.js:182:16)
    at /var/lib/snapd/snap/code/200/usr/share/code/resources/app/node_modules/@vscode/proxy-agent/out/index.js:205:13
    at new Promise (<anonymous>)
    at resolveProxyURL (/var/lib/snapd/snap/code/200/usr/share/code/resources/app/node_modules/@vscode/proxy-agent/out/index.js:204:35)
    at /var/lib/snapd/snap/code/200/usr/share/code/resources/app/node_modules/@vscode/proxy-agent/out/index.js:522:53
    at Generator.next (<anonymous>)
    at /var/lib/snapd/snap/code/200/usr/share/code/resources/app/node_modules/@vscode/proxy-agent/out/index.js:35:71
    at new Promise (<anonymous>)
    at __awaiter (/var/lib/snapd/snap/code/200/usr/share/code/resources/app/node_modules/@vscode/proxy-agent/out/index.js:31:12)
    at patchedFetch (/var/lib/snapd/snap/code/200/usr/share/code/resources/app/node_modules/@vscode/proxy-agent/out/index.js:507:16)
    at globalThis.fetch (file:///var/lib/snapd/snap/code/200/usr/share/code/resources/app/out/vs/workbench/api/node/extensionHostProcess.js:166:24328)
    at k.sendData (/home/alexey/.vscode/extensions/gitbybit.gitbybit-0.10.0/vscode-backend/extension2.js:1:1128)
    at k.sendErrorData (/home/alexey/.vscode/extensions/gitbybit.gitbybit-0.10.0/vscode-backend/extension2.js:1:848)
    at _I.logError (file:///var/lib/snapd/snap/code/200/usr/share/code/resources/app/out/vs/workbench/api/node/extensionHostProcess.js:112:38344)
    at Object.error (/home/alexey/.vscode/extensions/gitbybit.gitbybit-0.10.0/vscode-backend/extension2.js:1:1504)
    at D (/home/alexey/.vscode/extensions/gitbybit.gitbybit-0.10.0/vscode-backend/extension2.js:1:2273)
    at processTicksAndRejections (node:internal/process/task_queues:105:5)
    at db.n (file:///var/lib/snapd/snap/code/200/usr/share/code/resources/app/out/vs/workbench/api/node/extensionHostProcess.js:112:13386)
    at db.m (file:///var/lib/snapd/snap/code/200/usr/share/code/resources/app/out/vs/workbench/api/node/extensionHostProcess.js:112:13349)
    at db.l (file:///var/lib/snapd/snap/code/200/usr/share/code/resources/app/out/vs/workbench/api/node/extensionHostProcess.js:112:12805) 
2025-07-17 21:30:40.070 [info] Extension host with pid 35171 exiting with code 0
