2025-07-17 18:00:36.791 [info] Extension host with pid 13299 started
2025-07-17 18:00:36.791 [info] Skipping acquiring lock for /home/alexey/.config/Code/User/workspaceStorage/06e20668ae9b7fd47065d5ff3c23e896.
2025-07-17 18:00:36.964 [info] ExtensionService#_doActivateExtension vscode.github-authentication, startup: false, activationEvent: 'onAuthenticationRequest:github-enterprise'
2025-07-17 18:00:37.189 [info] ExtensionService#_doActivateExtension vscode.git-base, startup: true, activationEvent: '*'
2025-07-17 18:00:37.192 [info] ExtensionService#_doActivateExtension formulahendry.auto-rename-tag, startup: true, activationEvent: '*'
2025-07-17 18:00:37.360 [info] ExtensionService#_doActivateExtension vscode.github, startup: true, activationEvent: '*'
2025-07-17 18:00:37.403 [info] ExtensionService#_doActivateExtension vscode.configuration-editing, startup: false, activationEvent: 'onLanguage:jsonc'
2025-07-17 18:00:37.420 [info] ExtensionService#_doActivateExtension vscode.json-language-features, startup: false, activationEvent: 'onLanguage:jsonc'
2025-07-17 18:00:37.516 [info] ExtensionService#_doActivateExtension vscode.typescript-language-features, startup: false, activationEvent: 'onLanguage:jsonc'
2025-07-17 18:00:37.612 [info] ExtensionService#_doActivateExtension vscode.emmet, startup: false, activationEvent: 'onLanguage'
2025-07-17 18:00:37.717 [info] Eager extensions activated
2025-07-17 18:00:37.801 [info] ExtensionService#_doActivateExtension vscode.debug-auto-launch, startup: false, activationEvent: 'onStartupFinished'
2025-07-17 18:00:37.807 [info] ExtensionService#_doActivateExtension vscode.merge-conflict, startup: false, activationEvent: 'onStartupFinished'
2025-07-17 18:00:37.847 [info] ExtensionService#_doActivateExtension esbenp.prettier-vscode, startup: false, activationEvent: 'onStartupFinished'
2025-07-17 18:00:38.048 [info] ExtensionService#_doActivateExtension HenryTsz.nvim, startup: false, activationEvent: 'onStartupFinished'
2025-07-17 18:00:38.230 [info] ExtensionService#_doActivateExtension ms-vscode-remote.remote-wsl, startup: false, activationEvent: 'onStartupFinished'
2025-07-17 18:00:38.447 [info] ExtensionService#_doActivateExtension naumovs.color-highlight, startup: false, activationEvent: 'onStartupFinished'
2025-07-17 18:00:38.462 [info] ExtensionService#_doActivateExtension PKief.material-icon-theme, startup: false, activationEvent: 'onStartupFinished'
2025-07-17 18:00:40.383 [info] ExtensionService#_doActivateExtension vscode.git, startup: false, activationEvent: 'api', root cause: vscode.github
2025-07-17 18:00:40.681 [info] ExtensionService#_doActivateExtension aaron-bond.better-comments, startup: false, activationEvent: 'onStartupFinished'
2025-07-17 18:00:40.689 [info] ExtensionService#_doActivateExtension bierner.color-info, startup: false, activationEvent: 'onStartupFinished'
2025-07-17 18:00:40.697 [info] ExtensionService#_doActivateExtension bradlc.vscode-tailwindcss, startup: false, activationEvent: 'onStartupFinished'
2025-07-17 18:00:40.771 [info] ExtensionService#_doActivateExtension ecmel.vscode-html-css, startup: false, activationEvent: 'onStartupFinished'
2025-07-17 18:00:40.774 [info] ExtensionService#_doActivateExtension formulahendry.code-runner, startup: false, activationEvent: 'onStartupFinished'
2025-07-17 18:00:40.819 [info] ExtensionService#_doActivateExtension GitByBit.gitbybit, startup: false, activationEvent: 'onStartupFinished'
2025-07-17 18:00:40.824 [info] ExtensionService#_doActivateExtension Gruntfuggly.todo-tree, startup: false, activationEvent: 'onStartupFinished'
2025-07-17 18:00:40.900 [info] ExtensionService#_doActivateExtension kamikillerto.vscode-colorize, startup: false, activationEvent: '*'
2025-07-17 18:00:40.975 [info] ExtensionService#_doActivateExtension kingleo.openurl, startup: false, activationEvent: 'onStartupFinished'
2025-07-17 18:00:40.978 [info] ExtensionService#_doActivateExtension mhutchie.git-graph, startup: false, activationEvent: '*'
2025-07-17 18:00:41.006 [info] ExtensionService#_doActivateExtension ritwickdey.LiveServer, startup: false, activationEvent: 'onStartupFinished'
2025-07-17 18:00:41.016 [info] ExtensionService#_doActivateExtension usernamehw.errorlens, startup: false, activationEvent: 'onStartupFinished'
2025-07-17 18:00:41.026 [info] ExtensionService#_doActivateExtension Zignd.html-css-class-completion, startup: false, activationEvent: '*'
2025-07-17 18:00:42.422 [info] ExtensionService#_doActivateExtension vscode.extension-editing, startup: false, activationEvent: 'onLanguage:markdown'
2025-07-17 18:00:42.450 [info] ExtensionService#_doActivateExtension vscode.markdown-language-features, startup: false, activationEvent: 'onLanguage:markdown'
2025-07-17 18:00:42.601 [info] ExtensionService#_doActivateExtension shd101wyy.markdown-preview-enhanced, startup: false, activationEvent: 'onLanguage:markdown'
2025-07-17 18:00:44.845 [info] ExtensionService#_doActivateExtension vscode.markdown-math, startup: false, activationEvent: 'api', root cause: vscode.markdown-language-features
2025-07-17 18:05:14.586 [info] ExtensionService#_doActivateExtension mechatroner.rainbow-csv, startup: false, activationEvent: 'onLanguage:plaintext'
2025-07-17 18:51:22.584 [info] Extension host terminating: renderer closed the MessagePort
2025-07-17 18:51:22.657 [error] An error occurred when disposing the subscriptions for extension 'Gruntfuggly.todo-tree':
2025-07-17 18:51:22.659 [error] AggregateError: Encountered errors while disposing of store
    at xr (file:///var/lib/snapd/snap/code/198/usr/share/code/resources/app/out/vs/workbench/api/node/extensionHostProcess.js:25:822)
    at file:///var/lib/snapd/snap/code/198/usr/share/code/resources/app/out/vs/workbench/api/node/extensionHostProcess.js:124:15046
    at file:///var/lib/snapd/snap/code/198/usr/share/code/resources/app/out/vs/workbench/api/node/extensionHostProcess.js:25:1056
    at Object.dispose (file:///var/lib/snapd/snap/code/198/usr/share/code/resources/app/out/vs/workbench/api/node/extensionHostProcess.js:8:705)
    at yY.eb (file:///var/lib/snapd/snap/code/198/usr/share/code/resources/app/out/vs/workbench/api/node/extensionHostProcess.js:124:11919)
    at file:///var/lib/snapd/snap/code/198/usr/share/code/resources/app/out/vs/workbench/api/node/extensionHostProcess.js:124:9874
    at Array.map (<anonymous>)
    at yY.$ (file:///var/lib/snapd/snap/code/198/usr/share/code/resources/app/out/vs/workbench/api/node/extensionHostProcess.js:124:9862)
    at yY.terminate (file:///var/lib/snapd/snap/code/198/usr/share/code/resources/app/out/vs/workbench/api/node/extensionHostProcess.js:124:10105)
    at zA.terminate (file:///var/lib/snapd/snap/code/198/usr/share/code/resources/app/out/vs/workbench/api/node/extensionHostProcess.js:126:914)
    at gs (file:///var/lib/snapd/snap/code/198/usr/share/code/resources/app/out/vs/workbench/api/node/extensionHostProcess.js:361:5228)
    at MessagePortMain.<anonymous> (file:///var/lib/snapd/snap/code/198/usr/share/code/resources/app/out/vs/workbench/api/node/extensionHostProcess.js:361:1775)
    at MessagePortMain.emit (node:events:518:28)
    at Object.MessagePortMain._internalPort.emit (node:electron/js2c/utility_init:2:3073)
2025-07-17 18:51:22.682 [info] Extension host with pid 13299 exiting with code 0
