2025-07-26 20:57:40.677 [info] Getting Manifest... ms-python.python
2025-07-26 20:57:40.678 [info] Getting Manifest... ms-python.vscode-pylance
2025-07-26 20:57:42.013 [info] Installing extension: ms-python.python {"productVersion":{"version":"1.102.2","date":"2025-07-22T12:15:48.520Z"},"pinned":false,"operation":3,"isApplicationScoped":false,"profileLocation":{"$mid":1,"external":"vscode-userdata:/home/alexey/.vscode/extensions/extensions.json","path":"/home/alexey/.vscode/extensions/extensions.json","scheme":"vscode-userdata"}}
2025-07-26 20:57:42.022 [info] Installing extension: ms-python.vscode-pylance {"productVersion":{"version":"1.102.2","date":"2025-07-22T12:15:48.520Z"},"pinned":false,"operation":3,"isApplicationScoped":false,"profileLocation":{"$mid":1,"external":"vscode-userdata:/home/alexey/.vscode/extensions/extensions.json","path":"/home/alexey/.vscode/extensions/extensions.json","scheme":"vscode-userdata"}}
2025-07-26 20:57:42.571 [info] Getting Manifest... ms-python.vscode-python-envs
2025-07-26 20:57:43.155 [info] Installing extension: ms-python.vscode-python-envs {"productVersion":{"version":"1.102.2","date":"2025-07-22T12:15:48.520Z"},"pinned":false,"operation":3,"isApplicationScoped":false,"profileLocation":{"$mid":1,"external":"vscode-userdata:/home/alexey/.vscode/extensions/extensions.json","path":"/home/alexey/.vscode/extensions/extensions.json","scheme":"vscode-userdata"},"installGivenVersion":false,"context":{"dependecyOrPackExtensionInstall":true}}
2025-07-26 20:57:52.966 [info] Extension signature verification result for ms-python.vscode-python-envs: Success. Internal Code: 0. Executed: true. Duration: 2994ms.
2025-07-26 20:57:53.190 [info] Extracted extension to file:///home/alexey/.vscode/extensions/ms-python.vscode-python-envs-1.0.0-linux-x64: ms-python.vscode-python-envs
2025-07-26 20:57:53.200 [info] Renamed to /home/alexey/.vscode/extensions/ms-python.vscode-python-envs-1.0.0-linux-x64
2025-07-26 20:57:59.870 [info] Extension signature verification result for ms-python.vscode-pylance: Success. Internal Code: 0. Executed: true. Duration: 1873ms.
2025-07-26 20:58:00.794 [info] Extension signature verification result for ms-python.python: Success. Internal Code: 0. Executed: true. Duration: 1685ms.
2025-07-26 20:58:02.823 [info] Extracted extension to file:///home/alexey/.vscode/extensions/ms-python.python-2025.10.1-linux-x64: ms-python.python
2025-07-26 20:58:02.934 [info] Renamed to /home/alexey/.vscode/extensions/ms-python.python-2025.10.1-linux-x64
2025-07-26 20:58:02.992 [info] Marked extension as removed ms-python.python-2025.10.0-linux-x64
2025-07-26 20:58:03.007 [info] Extension installed successfully: ms-python.vscode-python-envs vscode-userdata:/home/alexey/.vscode/extensions/extensions.json
2025-07-26 20:58:03.007 [info] Extension installed successfully: ms-python.python vscode-userdata:/home/alexey/.vscode/extensions/extensions.json
2025-07-26 20:58:06.030 [info] Extracted extension to file:///home/alexey/.vscode/extensions/ms-python.vscode-pylance-2025.7.1: ms-python.vscode-pylance
2025-07-26 20:58:06.367 [info] Renamed to /home/alexey/.vscode/extensions/ms-python.vscode-pylance-2025.7.1
2025-07-26 20:58:06.406 [info] Marked extension as removed ms-python.vscode-pylance-2025.6.2
2025-07-26 20:58:06.425 [info] Extension installed successfully: ms-python.vscode-pylance vscode-userdata:/home/alexey/.vscode/extensions/extensions.json
