2025-07-16 22:11:53.566 [info] Reading sessions from keychain...
2025-07-16 22:11:53.566 [info] Getting sessions for all scopes...
2025-07-16 22:11:53.990 [info] Getting sessions for all scopes...
2025-07-16 22:11:54.069 [info] Getting sessions for user:email...
2025-07-16 22:11:54.422 [info] Got stored sessions!
2025-07-16 22:11:54.423 [info] Got 1 verified sessions.
2025-07-16 22:11:54.423 [info] Got 1 sessions for ...
2025-07-16 22:11:54.423 [info] Got 1 sessions for ...
2025-07-16 22:11:54.423 [info] Got 1 sessions for user:email...
2025-07-16 22:11:55.442 [info] Getting sessions for all scopes...
2025-07-16 22:11:55.442 [info] Got 1 sessions for ...
2025-07-16 23:08:54.171 [info] Reading sessions from keychain...
2025-07-16 23:08:54.171 [info] Getting sessions for all scopes...
2025-07-16 23:08:54.171 [info] Getting sessions for all scopes...
2025-07-16 23:08:54.171 [info] Getting sessions for all scopes...
2025-07-16 23:08:54.171 [info] Getting sessions for user:email...
2025-07-16 23:08:54.171 [info] Got stored sessions!
2025-07-16 23:08:54.171 [info] Got 1 verified sessions.
2025-07-16 23:08:54.171 [info] Got 1 sessions for ...
2025-07-16 23:08:54.171 [info] Got 1 sessions for ...
2025-07-16 23:08:54.171 [info] Got 1 sessions for ...
2025-07-16 23:08:54.171 [info] Got 1 sessions for user:email...
2025-07-16 23:10:37.769 [info] Reading sessions from keychain...
2025-07-16 23:10:37.769 [info] Getting sessions for all scopes...
2025-07-16 23:10:37.769 [info] Getting sessions for all scopes...
2025-07-16 23:10:37.769 [info] Getting sessions for all scopes...
2025-07-16 23:10:37.769 [info] Getting sessions for user:email...
2025-07-16 23:10:37.769 [info] Got stored sessions!
2025-07-16 23:10:37.769 [info] Got 1 verified sessions.
2025-07-16 23:10:37.769 [info] Got 1 sessions for ...
2025-07-16 23:10:37.769 [info] Got 1 sessions for ...
2025-07-16 23:10:37.769 [info] Got 1 sessions for ...
2025-07-16 23:10:37.769 [info] Got 1 sessions for user:email...
