2025-07-26 20:57:36.814 [info] Extension host with pid 4860 started
2025-07-26 20:57:36.814 [info] Skipping acquiring lock for /home/alexey/.config/Code/User/workspaceStorage/06e20668ae9b7fd47065d5ff3c23e896.
2025-07-26 20:57:37.132 [info] ExtensionService#_doActivateExtension vscode.github-authentication, startup: false, activationEvent: 'onAuthenticationRequest:github-enterprise'
2025-07-26 20:57:37.167 [info] ExtensionService#_doActivateExtension mechatroner.rainbow-csv, startup: false, activationEvent: 'onLanguage:plaintext'
2025-07-26 20:57:37.174 [info] ExtensionService#_doActivateExtension vscode.emmet, startup: false, activationEvent: 'onLanguage'
2025-07-26 20:57:37.194 [info] ExtensionService#_doActivateExtension vscode.extension-editing, startup: false, activationEvent: 'onLanguage:markdown'
2025-07-26 20:57:37.209 [info] ExtensionService#_doActivateExtension vscode.markdown-language-features, startup: false, activationEvent: 'onLanguage:markdown'
2025-07-26 20:57:37.313 [info] ExtensionService#_doActivateExtension shd101wyy.markdown-preview-enhanced, startup: false, activationEvent: 'onLanguage:markdown'
2025-07-26 20:57:38.190 [info] ExtensionService#_doActivateExtension vscode.git-base, startup: true, activationEvent: '*', root cause: vscode.git
2025-07-26 20:57:38.193 [info] ExtensionService#_doActivateExtension formulahendry.auto-rename-tag, startup: true, activationEvent: '*'
2025-07-26 20:57:38.215 [info] ExtensionService#_doActivateExtension kamikillerto.vscode-colorize, startup: true, activationEvent: '*'
2025-07-26 20:57:38.255 [info] ExtensionService#_doActivateExtension mhutchie.git-graph, startup: true, activationEvent: '*'
2025-07-26 20:57:38.271 [info] ExtensionService#_doActivateExtension Zignd.html-css-class-completion, startup: true, activationEvent: '*'
2025-07-26 20:57:38.542 [info] ExtensionService#_doActivateExtension vscode.git, startup: true, activationEvent: '*'
2025-07-26 20:57:38.579 [info] ExtensionService#_doActivateExtension vscode.github, startup: true, activationEvent: '*'
2025-07-26 20:57:38.743 [info] ExtensionService#_doActivateExtension vscode.markdown-math, startup: false, activationEvent: 'api', root cause: vscode.markdown-language-features
2025-07-26 20:57:38.771 [info] Eager extensions activated
2025-07-26 20:57:38.803 [info] ExtensionService#_doActivateExtension vscode.debug-auto-launch, startup: false, activationEvent: 'onStartupFinished'
2025-07-26 20:57:38.805 [info] ExtensionService#_doActivateExtension vscode.merge-conflict, startup: false, activationEvent: 'onStartupFinished'
2025-07-26 20:57:38.821 [info] ExtensionService#_doActivateExtension aaron-bond.better-comments, startup: false, activationEvent: 'onStartupFinished'
2025-07-26 20:57:38.825 [info] ExtensionService#_doActivateExtension bierner.color-info, startup: false, activationEvent: 'onStartupFinished'
2025-07-26 20:57:38.830 [info] ExtensionService#_doActivateExtension bradlc.vscode-tailwindcss, startup: false, activationEvent: 'onStartupFinished'
2025-07-26 20:57:38.862 [info] ExtensionService#_doActivateExtension ecmel.vscode-html-css, startup: false, activationEvent: 'onStartupFinished'
2025-07-26 20:57:38.863 [info] ExtensionService#_doActivateExtension esbenp.prettier-vscode, startup: false, activationEvent: 'onStartupFinished'
2025-07-26 20:57:38.942 [info] ExtensionService#_doActivateExtension formulahendry.code-runner, startup: false, activationEvent: 'onStartupFinished'
2025-07-26 20:57:38.962 [info] ExtensionService#_doActivateExtension GitByBit.gitbybit, startup: false, activationEvent: 'onStartupFinished'
2025-07-26 20:57:38.964 [info] ExtensionService#_doActivateExtension Gruntfuggly.todo-tree, startup: false, activationEvent: 'onStartupFinished'
2025-07-26 20:57:38.997 [info] ExtensionService#_doActivateExtension HenryTsz.nvim, startup: false, activationEvent: 'onStartupFinished'
2025-07-26 20:57:39.085 [info] ExtensionService#_doActivateExtension kingleo.openurl, startup: false, activationEvent: 'onStartupFinished'
2025-07-26 20:57:39.086 [info] ExtensionService#_doActivateExtension ms-vscode-remote.remote-wsl, startup: false, activationEvent: 'onStartupFinished'
2025-07-26 20:57:39.184 [info] ExtensionService#_doActivateExtension naumovs.color-highlight, startup: false, activationEvent: 'onStartupFinished'
2025-07-26 20:57:39.191 [info] ExtensionService#_doActivateExtension PKief.material-icon-theme, startup: false, activationEvent: 'onStartupFinished'
2025-07-26 20:57:39.204 [info] ExtensionService#_doActivateExtension ritwickdey.LiveServer, startup: false, activationEvent: 'onStartupFinished'
2025-07-26 20:57:39.211 [info] ExtensionService#_doActivateExtension usernamehw.errorlens, startup: false, activationEvent: 'onStartupFinished'
2025-07-26 20:57:39.414 [info] ExtensionService#_doActivateExtension vscode.configuration-editing, startup: false, activationEvent: 'onLanguage:jsonc'
2025-07-26 20:57:39.422 [info] ExtensionService#_doActivateExtension vscode.json-language-features, startup: false, activationEvent: 'onLanguage:jsonc'
2025-07-26 20:57:39.466 [info] ExtensionService#_doActivateExtension vscode.typescript-language-features, startup: false, activationEvent: 'onLanguage:jsonc'
2025-07-26 20:58:05.961 [info] Extension host terminating: renderer closed the MessagePort
2025-07-26 20:58:05.996 [error] An error occurred when disposing the subscriptions for extension 'Gruntfuggly.todo-tree':
2025-07-26 20:58:05.996 [error] AggregateError: Encountered errors while disposing of store
    at wr (file:///var/lib/snapd/snap/code/201/usr/share/code/resources/app/out/vs/workbench/api/node/extensionHostProcess.js:25:824)
    at file:///var/lib/snapd/snap/code/201/usr/share/code/resources/app/out/vs/workbench/api/node/extensionHostProcess.js:117:15048
    at file:///var/lib/snapd/snap/code/201/usr/share/code/resources/app/out/vs/workbench/api/node/extensionHostProcess.js:25:1058
    at Object.dispose (file:///var/lib/snapd/snap/code/201/usr/share/code/resources/app/out/vs/workbench/api/node/extensionHostProcess.js:8:705)
    at QG.eb (file:///var/lib/snapd/snap/code/201/usr/share/code/resources/app/out/vs/workbench/api/node/extensionHostProcess.js:117:11921)
    at file:///var/lib/snapd/snap/code/201/usr/share/code/resources/app/out/vs/workbench/api/node/extensionHostProcess.js:117:9876
    at Array.map (<anonymous>)
    at QG.$ (file:///var/lib/snapd/snap/code/201/usr/share/code/resources/app/out/vs/workbench/api/node/extensionHostProcess.js:117:9864)
    at QG.terminate (file:///var/lib/snapd/snap/code/201/usr/share/code/resources/app/out/vs/workbench/api/node/extensionHostProcess.js:117:10107)
    at Y3.terminate (file:///var/lib/snapd/snap/code/201/usr/share/code/resources/app/out/vs/workbench/api/node/extensionHostProcess.js:119:914)
    at us (file:///var/lib/snapd/snap/code/201/usr/share/code/resources/app/out/vs/workbench/api/node/extensionHostProcess.js:356:9945)
    at MessagePortMain.<anonymous> (file:///var/lib/snapd/snap/code/201/usr/share/code/resources/app/out/vs/workbench/api/node/extensionHostProcess.js:356:6484)
    at MessagePortMain.emit (node:events:518:28)
    at Object.MessagePortMain._internalPort.emit (node:electron/js2c/utility_init:2:3073)
2025-07-26 20:58:06.013 [error] ProxyResolver#resolveProxy PROXY 127.0.0.1:2080 Canceled: Canceled
    at new OL (file:///var/lib/snapd/snap/code/201/usr/share/code/resources/app/out/vs/workbench/api/node/extensionHostProcess.js:29:113290)
    at a4.U (file:///var/lib/snapd/snap/code/201/usr/share/code/resources/app/out/vs/workbench/api/node/extensionHostProcess.js:29:117901)
    at Proxy.s.<computed>.n.charCodeAt.s.<computed> (file:///var/lib/snapd/snap/code/201/usr/share/code/resources/app/out/vs/workbench/api/node/extensionHostProcess.js:29:115395)
    at nb.resolveProxy (file:///var/lib/snapd/snap/code/201/usr/share/code/resources/app/out/vs/workbench/api/node/extensionHostProcess.js:109:70479)
    at Object.resolveProxy (file:///var/lib/snapd/snap/code/201/usr/share/code/resources/app/out/vs/workbench/api/node/extensionHostProcess.js:166:21917)
    at useProxySettings (/var/lib/snapd/snap/code/201/usr/share/code/resources/app/node_modules/@vscode/proxy-agent/out/index.js:182:16)
    at /var/lib/snapd/snap/code/201/usr/share/code/resources/app/node_modules/@vscode/proxy-agent/out/index.js:205:13
    at new Promise (<anonymous>)
    at resolveProxyURL (/var/lib/snapd/snap/code/201/usr/share/code/resources/app/node_modules/@vscode/proxy-agent/out/index.js:204:35)
    at /var/lib/snapd/snap/code/201/usr/share/code/resources/app/node_modules/@vscode/proxy-agent/out/index.js:522:53
    at Generator.next (<anonymous>)
    at /var/lib/snapd/snap/code/201/usr/share/code/resources/app/node_modules/@vscode/proxy-agent/out/index.js:35:71
    at new Promise (<anonymous>)
    at __awaiter (/var/lib/snapd/snap/code/201/usr/share/code/resources/app/node_modules/@vscode/proxy-agent/out/index.js:31:12)
    at patchedFetch (/var/lib/snapd/snap/code/201/usr/share/code/resources/app/node_modules/@vscode/proxy-agent/out/index.js:507:16)
    at globalThis.fetch (file:///var/lib/snapd/snap/code/201/usr/share/code/resources/app/out/vs/workbench/api/node/extensionHostProcess.js:166:24328)
    at k.sendData (/home/alexey/.vscode/extensions/gitbybit.gitbybit-0.10.0/vscode-backend/extension2.js:1:1128)
    at k.sendErrorData (/home/alexey/.vscode/extensions/gitbybit.gitbybit-0.10.0/vscode-backend/extension2.js:1:848)
    at _I.logError (file:///var/lib/snapd/snap/code/201/usr/share/code/resources/app/out/vs/workbench/api/node/extensionHostProcess.js:112:38344)
    at Object.error (/home/alexey/.vscode/extensions/gitbybit.gitbybit-0.10.0/vscode-backend/extension2.js:1:1504)
    at D (/home/alexey/.vscode/extensions/gitbybit.gitbybit-0.10.0/vscode-backend/extension2.js:1:2273)
    at processTicksAndRejections (node:internal/process/task_queues:105:5)
    at db.n (file:///var/lib/snapd/snap/code/201/usr/share/code/resources/app/out/vs/workbench/api/node/extensionHostProcess.js:112:13386)
    at db.m (file:///var/lib/snapd/snap/code/201/usr/share/code/resources/app/out/vs/workbench/api/node/extensionHostProcess.js:112:13349)
    at db.l (file:///var/lib/snapd/snap/code/201/usr/share/code/resources/app/out/vs/workbench/api/node/extensionHostProcess.js:112:12805) 
2025-07-26 20:58:06.092 [info] Extension host with pid 4860 exiting with code 0
2025-07-26 20:58:08.120 [info] Extension host with pid 5372 started
2025-07-26 20:58:08.120 [info] Skipping acquiring lock for /home/alexey/.config/Code/User/workspaceStorage/80d3007751bf94ceff5e36e9d0a66834.
2025-07-26 20:58:08.321 [info] ExtensionService#_doActivateExtension vscode.github-authentication, startup: false, activationEvent: 'onAuthenticationRequest:github-enterprise'
2025-07-26 20:58:08.349 [info] ExtensionService#_doActivateExtension vscode.emmet, startup: false, activationEvent: 'onLanguage'
2025-07-26 20:58:08.416 [info] ExtensionService#_doActivateExtension vscode.git-base, startup: true, activationEvent: '*'
2025-07-26 20:58:08.419 [info] ExtensionService#_doActivateExtension formulahendry.auto-rename-tag, startup: true, activationEvent: '*'
2025-07-26 20:58:08.489 [info] ExtensionService#_doActivateExtension vscode.github, startup: true, activationEvent: '*'
2025-07-26 20:58:08.620 [info] Eager extensions activated
2025-07-26 20:58:08.622 [info] ExtensionService#_doActivateExtension vscode.debug-auto-launch, startup: false, activationEvent: 'onStartupFinished'
2025-07-26 20:58:08.624 [info] ExtensionService#_doActivateExtension vscode.merge-conflict, startup: false, activationEvent: 'onStartupFinished'
2025-07-26 20:58:08.642 [info] ExtensionService#_doActivateExtension esbenp.prettier-vscode, startup: false, activationEvent: 'onStartupFinished'
2025-07-26 20:58:08.717 [info] ExtensionService#_doActivateExtension HenryTsz.nvim, startup: false, activationEvent: 'onStartupFinished'
2025-07-26 20:58:08.813 [info] ExtensionService#_doActivateExtension ms-vscode-remote.remote-wsl, startup: false, activationEvent: 'onStartupFinished'
2025-07-26 20:58:08.915 [info] ExtensionService#_doActivateExtension naumovs.color-highlight, startup: false, activationEvent: 'onStartupFinished'
2025-07-26 20:58:08.922 [info] ExtensionService#_doActivateExtension PKief.material-icon-theme, startup: false, activationEvent: 'onStartupFinished'
2025-07-26 20:58:14.260 [info] ExtensionService#_doActivateExtension vscode.git, startup: false, activationEvent: 'api', root cause: vscode.github
2025-07-26 20:58:14.724 [info] ExtensionService#_doActivateExtension aaron-bond.better-comments, startup: false, activationEvent: 'onStartupFinished'
2025-07-26 20:58:14.731 [info] ExtensionService#_doActivateExtension bierner.color-info, startup: false, activationEvent: 'onStartupFinished'
2025-07-26 20:58:14.741 [info] ExtensionService#_doActivateExtension bradlc.vscode-tailwindcss, startup: false, activationEvent: 'onStartupFinished'
2025-07-26 20:58:14.823 [info] ExtensionService#_doActivateExtension ecmel.vscode-html-css, startup: false, activationEvent: 'onStartupFinished'
2025-07-26 20:58:14.826 [info] ExtensionService#_doActivateExtension formulahendry.code-runner, startup: false, activationEvent: 'onStartupFinished'
2025-07-26 20:58:14.857 [info] ExtensionService#_doActivateExtension GitByBit.gitbybit, startup: false, activationEvent: 'onStartupFinished'
2025-07-26 20:58:14.860 [info] ExtensionService#_doActivateExtension Gruntfuggly.todo-tree, startup: false, activationEvent: 'onStartupFinished'
2025-07-26 20:58:14.941 [info] ExtensionService#_doActivateExtension kamikillerto.vscode-colorize, startup: false, activationEvent: '*'
2025-07-26 20:58:15.045 [info] ExtensionService#_doActivateExtension kingleo.openurl, startup: false, activationEvent: 'onStartupFinished'
2025-07-26 20:58:15.047 [info] ExtensionService#_doActivateExtension mechatroner.rainbow-csv, startup: false, activationEvent: 'onLanguage:plaintext'
2025-07-26 20:58:15.054 [info] ExtensionService#_doActivateExtension mhutchie.git-graph, startup: false, activationEvent: '*'
2025-07-26 20:58:15.078 [info] ExtensionService#_doActivateExtension ritwickdey.LiveServer, startup: false, activationEvent: 'onStartupFinished'
2025-07-26 20:58:15.086 [info] ExtensionService#_doActivateExtension usernamehw.errorlens, startup: false, activationEvent: 'onStartupFinished'
2025-07-26 20:58:15.095 [info] ExtensionService#_doActivateExtension Zignd.html-css-class-completion, startup: false, activationEvent: '*'
2025-07-26 20:58:16.949 [info] ExtensionService#_doActivateExtension vscode.extension-editing, startup: false, activationEvent: 'onLanguage:markdown'
2025-07-26 20:58:16.972 [info] ExtensionService#_doActivateExtension vscode.markdown-language-features, startup: false, activationEvent: 'onLanguage:markdown'
2025-07-26 20:58:17.123 [info] ExtensionService#_doActivateExtension shd101wyy.markdown-preview-enhanced, startup: false, activationEvent: 'onLanguage:markdown'
2025-07-26 20:58:22.431 [info] ExtensionService#_doActivateExtension vscode.markdown-math, startup: false, activationEvent: 'api', root cause: vscode.markdown-language-features
2025-07-26 21:04:16.075 [info] Extension host terminating: renderer closed the MessagePort
2025-07-26 21:04:16.105 [error] An error occurred when disposing the subscriptions for extension 'Gruntfuggly.todo-tree':
2025-07-26 21:04:16.107 [error] AggregateError: Encountered errors while disposing of store
    at wr (file:///var/lib/snapd/snap/code/201/usr/share/code/resources/app/out/vs/workbench/api/node/extensionHostProcess.js:25:824)
    at file:///var/lib/snapd/snap/code/201/usr/share/code/resources/app/out/vs/workbench/api/node/extensionHostProcess.js:117:15048
    at file:///var/lib/snapd/snap/code/201/usr/share/code/resources/app/out/vs/workbench/api/node/extensionHostProcess.js:25:1058
    at Object.dispose (file:///var/lib/snapd/snap/code/201/usr/share/code/resources/app/out/vs/workbench/api/node/extensionHostProcess.js:8:705)
    at QG.eb (file:///var/lib/snapd/snap/code/201/usr/share/code/resources/app/out/vs/workbench/api/node/extensionHostProcess.js:117:11921)
    at file:///var/lib/snapd/snap/code/201/usr/share/code/resources/app/out/vs/workbench/api/node/extensionHostProcess.js:117:9876
    at Array.map (<anonymous>)
    at QG.$ (file:///var/lib/snapd/snap/code/201/usr/share/code/resources/app/out/vs/workbench/api/node/extensionHostProcess.js:117:9864)
    at QG.terminate (file:///var/lib/snapd/snap/code/201/usr/share/code/resources/app/out/vs/workbench/api/node/extensionHostProcess.js:117:10107)
    at Y3.terminate (file:///var/lib/snapd/snap/code/201/usr/share/code/resources/app/out/vs/workbench/api/node/extensionHostProcess.js:119:914)
    at us (file:///var/lib/snapd/snap/code/201/usr/share/code/resources/app/out/vs/workbench/api/node/extensionHostProcess.js:356:9945)
    at MessagePortMain.<anonymous> (file:///var/lib/snapd/snap/code/201/usr/share/code/resources/app/out/vs/workbench/api/node/extensionHostProcess.js:356:6484)
    at MessagePortMain.emit (node:events:518:28)
    at Object.MessagePortMain._internalPort.emit (node:electron/js2c/utility_init:2:3073)
2025-07-26 21:04:16.134 [error] ProxyResolver#resolveProxy PROXY 127.0.0.1:2080 Canceled: Canceled
    at new OL (file:///var/lib/snapd/snap/code/201/usr/share/code/resources/app/out/vs/workbench/api/node/extensionHostProcess.js:29:113290)
    at a4.U (file:///var/lib/snapd/snap/code/201/usr/share/code/resources/app/out/vs/workbench/api/node/extensionHostProcess.js:29:117901)
    at Proxy.s.<computed>.n.charCodeAt.s.<computed> (file:///var/lib/snapd/snap/code/201/usr/share/code/resources/app/out/vs/workbench/api/node/extensionHostProcess.js:29:115395)
    at nb.resolveProxy (file:///var/lib/snapd/snap/code/201/usr/share/code/resources/app/out/vs/workbench/api/node/extensionHostProcess.js:109:70479)
    at Object.resolveProxy (file:///var/lib/snapd/snap/code/201/usr/share/code/resources/app/out/vs/workbench/api/node/extensionHostProcess.js:166:21917)
    at useProxySettings (/var/lib/snapd/snap/code/201/usr/share/code/resources/app/node_modules/@vscode/proxy-agent/out/index.js:182:16)
    at /var/lib/snapd/snap/code/201/usr/share/code/resources/app/node_modules/@vscode/proxy-agent/out/index.js:205:13
    at new Promise (<anonymous>)
    at resolveProxyURL (/var/lib/snapd/snap/code/201/usr/share/code/resources/app/node_modules/@vscode/proxy-agent/out/index.js:204:35)
    at /var/lib/snapd/snap/code/201/usr/share/code/resources/app/node_modules/@vscode/proxy-agent/out/index.js:522:53
    at Generator.next (<anonymous>)
    at /var/lib/snapd/snap/code/201/usr/share/code/resources/app/node_modules/@vscode/proxy-agent/out/index.js:35:71
    at new Promise (<anonymous>)
    at __awaiter (/var/lib/snapd/snap/code/201/usr/share/code/resources/app/node_modules/@vscode/proxy-agent/out/index.js:31:12)
    at patchedFetch (/var/lib/snapd/snap/code/201/usr/share/code/resources/app/node_modules/@vscode/proxy-agent/out/index.js:507:16)
    at globalThis.fetch (file:///var/lib/snapd/snap/code/201/usr/share/code/resources/app/out/vs/workbench/api/node/extensionHostProcess.js:166:24328)
    at k.sendData (/home/alexey/.vscode/extensions/gitbybit.gitbybit-0.10.0/vscode-backend/extension2.js:1:1128)
    at k.sendErrorData (/home/alexey/.vscode/extensions/gitbybit.gitbybit-0.10.0/vscode-backend/extension2.js:1:848)
    at _I.logError (file:///var/lib/snapd/snap/code/201/usr/share/code/resources/app/out/vs/workbench/api/node/extensionHostProcess.js:112:38344)
    at Object.error (/home/alexey/.vscode/extensions/gitbybit.gitbybit-0.10.0/vscode-backend/extension2.js:1:1504)
    at D (/home/alexey/.vscode/extensions/gitbybit.gitbybit-0.10.0/vscode-backend/extension2.js:1:2273)
    at processTicksAndRejections (node:internal/process/task_queues:105:5)
    at db.n (file:///var/lib/snapd/snap/code/201/usr/share/code/resources/app/out/vs/workbench/api/node/extensionHostProcess.js:112:13386)
    at db.m (file:///var/lib/snapd/snap/code/201/usr/share/code/resources/app/out/vs/workbench/api/node/extensionHostProcess.js:112:13349)
    at db.l (file:///var/lib/snapd/snap/code/201/usr/share/code/resources/app/out/vs/workbench/api/node/extensionHostProcess.js:112:12805) 
2025-07-26 21:04:16.196 [info] Extension host with pid 5372 exiting with code 0
