2025-07-16 23:11:16.428 [info] Extension host with pid 17742 started
2025-07-16 23:11:16.428 [info] Skipping acquiring lock for /home/alexey/.config/Code/User/workspaceStorage/7872908982aeac6d3f5d1253ae83dad4.
2025-07-16 23:11:17.094 [info] ExtensionService#_doActivateExtension vscode.github-authentication, startup: false, activationEvent: 'onAuthenticationRequest:github-enterprise'
2025-07-16 23:11:17.145 [info] ExtensionService#_doActivateExtension mechatroner.rainbow-csv, startup: false, activationEvent: 'onLanguage:plaintext'
2025-07-16 23:11:17.153 [info] ExtensionService#_doActivateExtension vscode.emmet, startup: false, activationEvent: 'onLanguage'
2025-07-16 23:11:17.702 [info] ExtensionService#_doActivateExtension vscode.git-base, startup: true, activationEvent: '*', root cause: vscode.git
2025-07-16 23:11:17.706 [info] ExtensionService#_doActivateExtension formulahendry.auto-rename-tag, startup: true, activationEvent: '*'
2025-07-16 23:11:17.756 [info] ExtensionService#_doActivateExtension kamikillerto.vscode-colorize, startup: true, activationEvent: '*'
2025-07-16 23:11:17.847 [info] ExtensionService#_doActivateExtension lancewilhelm.nvim-dashboard, startup: true, activationEvent: '*'
2025-07-16 23:11:17.850 [info] ExtensionService#_doActivateExtension mhutchie.git-graph, startup: true, activationEvent: '*'
2025-07-16 23:11:17.871 [info] ExtensionService#_doActivateExtension Zignd.html-css-class-completion, startup: true, activationEvent: '*'
2025-07-16 23:11:18.231 [info] ExtensionService#_doActivateExtension vscode.git, startup: true, activationEvent: '*'
2025-07-16 23:11:18.321 [info] ExtensionService#_doActivateExtension vscode.github, startup: true, activationEvent: '*'
2025-07-16 23:11:18.706 [info] ExtensionService#_doActivateExtension vscode.configuration-editing, startup: false, activationEvent: 'onLanguage:jsonc'
2025-07-16 23:11:18.721 [info] ExtensionService#_doActivateExtension vscode.json-language-features, startup: false, activationEvent: 'onLanguage:jsonc'
2025-07-16 23:11:18.828 [info] ExtensionService#_doActivateExtension vscode.typescript-language-features, startup: false, activationEvent: 'onLanguage:jsonc'
2025-07-16 23:11:18.927 [info] Eager extensions activated
2025-07-16 23:11:19.005 [info] ExtensionService#_doActivateExtension vscode.debug-auto-launch, startup: false, activationEvent: 'onStartupFinished'
2025-07-16 23:11:19.008 [info] ExtensionService#_doActivateExtension vscode.merge-conflict, startup: false, activationEvent: 'onStartupFinished'
2025-07-16 23:11:19.041 [info] ExtensionService#_doActivateExtension aaron-bond.better-comments, startup: false, activationEvent: 'onStartupFinished'
2025-07-16 23:11:19.047 [info] ExtensionService#_doActivateExtension bierner.color-info, startup: false, activationEvent: 'onStartupFinished'
2025-07-16 23:11:19.056 [info] ExtensionService#_doActivateExtension bradlc.vscode-tailwindcss, startup: false, activationEvent: 'onStartupFinished'
2025-07-16 23:11:19.123 [info] ExtensionService#_doActivateExtension ecmel.vscode-html-css, startup: false, activationEvent: 'onStartupFinished'
2025-07-16 23:11:19.126 [info] ExtensionService#_doActivateExtension esbenp.prettier-vscode, startup: false, activationEvent: 'onStartupFinished'
2025-07-16 23:11:19.257 [info] ExtensionService#_doActivateExtension formulahendry.code-runner, startup: false, activationEvent: 'onStartupFinished'
2025-07-16 23:11:19.275 [info] ExtensionService#_doActivateExtension GitByBit.gitbybit, startup: false, activationEvent: 'onStartupFinished'
2025-07-16 23:11:19.277 [info] ExtensionService#_doActivateExtension Gruntfuggly.todo-tree, startup: false, activationEvent: 'onStartupFinished'
2025-07-16 23:11:19.323 [info] ExtensionService#_doActivateExtension HenryTsz.nvim, startup: false, activationEvent: 'onStartupFinished'
2025-07-16 23:11:19.465 [info] ExtensionService#_doActivateExtension kingleo.openurl, startup: false, activationEvent: 'onStartupFinished'
2025-07-16 23:11:19.466 [info] ExtensionService#_doActivateExtension ms-vscode-remote.remote-wsl, startup: false, activationEvent: 'onStartupFinished'
2025-07-16 23:11:19.643 [info] ExtensionService#_doActivateExtension naumovs.color-highlight, startup: false, activationEvent: 'onStartupFinished'
2025-07-16 23:11:19.652 [info] ExtensionService#_doActivateExtension PKief.material-icon-theme, startup: false, activationEvent: 'onStartupFinished'
2025-07-16 23:11:19.672 [info] ExtensionService#_doActivateExtension ritwickdey.LiveServer, startup: false, activationEvent: 'onStartupFinished'
2025-07-16 23:11:19.678 [info] ExtensionService#_doActivateExtension usernamehw.errorlens, startup: false, activationEvent: 'onStartupFinished'
2025-07-16 23:11:29.743 [info] Extension host terminating: renderer closed the MessagePort
2025-07-16 23:11:29.782 [error] An error occurred when disposing the subscriptions for extension 'Gruntfuggly.todo-tree':
2025-07-16 23:11:29.783 [error] AggregateError: Encountered errors while disposing of store
    at xr (file:///var/lib/snapd/snap/code/198/usr/share/code/resources/app/out/vs/workbench/api/node/extensionHostProcess.js:25:822)
    at file:///var/lib/snapd/snap/code/198/usr/share/code/resources/app/out/vs/workbench/api/node/extensionHostProcess.js:124:15046
    at file:///var/lib/snapd/snap/code/198/usr/share/code/resources/app/out/vs/workbench/api/node/extensionHostProcess.js:25:1056
    at Object.dispose (file:///var/lib/snapd/snap/code/198/usr/share/code/resources/app/out/vs/workbench/api/node/extensionHostProcess.js:8:705)
    at yY.eb (file:///var/lib/snapd/snap/code/198/usr/share/code/resources/app/out/vs/workbench/api/node/extensionHostProcess.js:124:11919)
    at file:///var/lib/snapd/snap/code/198/usr/share/code/resources/app/out/vs/workbench/api/node/extensionHostProcess.js:124:9874
    at Array.map (<anonymous>)
    at yY.$ (file:///var/lib/snapd/snap/code/198/usr/share/code/resources/app/out/vs/workbench/api/node/extensionHostProcess.js:124:9862)
    at yY.terminate (file:///var/lib/snapd/snap/code/198/usr/share/code/resources/app/out/vs/workbench/api/node/extensionHostProcess.js:124:10105)
    at zA.terminate (file:///var/lib/snapd/snap/code/198/usr/share/code/resources/app/out/vs/workbench/api/node/extensionHostProcess.js:126:914)
    at gs (file:///var/lib/snapd/snap/code/198/usr/share/code/resources/app/out/vs/workbench/api/node/extensionHostProcess.js:361:5228)
    at MessagePortMain.<anonymous> (file:///var/lib/snapd/snap/code/198/usr/share/code/resources/app/out/vs/workbench/api/node/extensionHostProcess.js:361:1775)
    at MessagePortMain.emit (node:events:518:28)
    at Object.MessagePortMain._internalPort.emit (node:electron/js2c/utility_init:2:3073)
2025-07-16 23:11:29.803 [info] Extension host with pid 17742 exiting with code 0
2025-07-16 23:11:30.929 [info] Extension host with pid 18082 started
2025-07-16 23:11:30.930 [info] Skipping acquiring lock for /home/alexey/.config/Code/User/workspaceStorage/7872908982aeac6d3f5d1253ae83dad4.
2025-07-16 23:11:30.968 [info] ExtensionService#_doActivateExtension vscode.github-authentication, startup: false, activationEvent: 'onAuthenticationRequest:github-enterprise'
2025-07-16 23:11:31.021 [info] ExtensionService#_doActivateExtension mechatroner.rainbow-csv, startup: false, activationEvent: 'onLanguage:plaintext'
2025-07-16 23:11:31.030 [info] ExtensionService#_doActivateExtension vscode.emmet, startup: false, activationEvent: 'onLanguage'
2025-07-16 23:11:31.062 [info] ExtensionService#_doActivateExtension vscode.configuration-editing, startup: false, activationEvent: 'onLanguage:jsonc'
2025-07-16 23:11:31.077 [info] ExtensionService#_doActivateExtension vscode.json-language-features, startup: false, activationEvent: 'onLanguage:jsonc'
2025-07-16 23:11:31.182 [info] ExtensionService#_doActivateExtension vscode.typescript-language-features, startup: false, activationEvent: 'onLanguage:jsonc'
2025-07-16 23:11:31.279 [info] ExtensionService#_doActivateExtension ecmel.vscode-html-css, startup: false, activationEvent: 'onCommand:vscode-html-css.validate'
2025-07-16 23:11:31.974 [info] ExtensionService#_doActivateExtension vscode.git-base, startup: true, activationEvent: '*', root cause: vscode.git
2025-07-16 23:11:31.979 [info] ExtensionService#_doActivateExtension formulahendry.auto-rename-tag, startup: true, activationEvent: '*'
2025-07-16 23:11:32.026 [info] ExtensionService#_doActivateExtension kamikillerto.vscode-colorize, startup: true, activationEvent: '*'
2025-07-16 23:11:32.110 [info] ExtensionService#_doActivateExtension mhutchie.git-graph, startup: true, activationEvent: '*'
2025-07-16 23:11:32.132 [info] ExtensionService#_doActivateExtension Zignd.html-css-class-completion, startup: true, activationEvent: '*'
2025-07-16 23:11:32.506 [info] ExtensionService#_doActivateExtension vscode.git, startup: true, activationEvent: '*'
2025-07-16 23:11:32.597 [info] ExtensionService#_doActivateExtension vscode.github, startup: true, activationEvent: '*'
2025-07-16 23:11:32.942 [info] Eager extensions activated
2025-07-16 23:11:32.958 [info] ExtensionService#_doActivateExtension vscode.debug-auto-launch, startup: false, activationEvent: 'onStartupFinished'
2025-07-16 23:11:32.964 [info] ExtensionService#_doActivateExtension vscode.merge-conflict, startup: false, activationEvent: 'onStartupFinished'
2025-07-16 23:11:32.998 [info] ExtensionService#_doActivateExtension aaron-bond.better-comments, startup: false, activationEvent: 'onStartupFinished'
2025-07-16 23:11:33.004 [info] ExtensionService#_doActivateExtension bierner.color-info, startup: false, activationEvent: 'onStartupFinished'
2025-07-16 23:11:33.014 [info] ExtensionService#_doActivateExtension bradlc.vscode-tailwindcss, startup: false, activationEvent: 'onStartupFinished'
2025-07-16 23:11:33.080 [info] ExtensionService#_doActivateExtension esbenp.prettier-vscode, startup: false, activationEvent: 'onStartupFinished'
2025-07-16 23:11:33.214 [info] ExtensionService#_doActivateExtension formulahendry.code-runner, startup: false, activationEvent: 'onStartupFinished'
2025-07-16 23:11:33.237 [info] ExtensionService#_doActivateExtension GitByBit.gitbybit, startup: false, activationEvent: 'onStartupFinished'
2025-07-16 23:11:33.240 [info] ExtensionService#_doActivateExtension Gruntfuggly.todo-tree, startup: false, activationEvent: 'onStartupFinished'
2025-07-16 23:11:33.306 [info] ExtensionService#_doActivateExtension HenryTsz.nvim, startup: false, activationEvent: 'onStartupFinished'
2025-07-16 23:11:33.481 [info] ExtensionService#_doActivateExtension kingleo.openurl, startup: false, activationEvent: 'onStartupFinished'
2025-07-16 23:11:33.483 [info] ExtensionService#_doActivateExtension ms-vscode-remote.remote-wsl, startup: false, activationEvent: 'onStartupFinished'
2025-07-16 23:11:33.700 [info] ExtensionService#_doActivateExtension naumovs.color-highlight, startup: false, activationEvent: 'onStartupFinished'
2025-07-16 23:11:33.713 [info] ExtensionService#_doActivateExtension PKief.material-icon-theme, startup: false, activationEvent: 'onStartupFinished'
2025-07-16 23:11:33.739 [info] ExtensionService#_doActivateExtension ritwickdey.LiveServer, startup: false, activationEvent: 'onStartupFinished'
2025-07-16 23:11:33.748 [info] ExtensionService#_doActivateExtension usernamehw.errorlens, startup: false, activationEvent: 'onStartupFinished'
2025-07-16 23:11:39.121 [info] ExtensionService#_doActivateExtension lancewilhelm.nvim-dashboard, startup: false, activationEvent: '*'
2025-07-16 23:12:54.754 [info] ExtensionService#_doActivateExtension wrathcodes.nvim-ui-plus, startup: false, activationEvent: '*'
2025-07-16 23:13:06.141 [info] ExtensionService#_doActivateExtension vscode.simple-browser, startup: false, activationEvent: 'onCommand:simpleBrowser.show'
2025-07-16 23:13:47.202 [info] Extension host terminating: renderer closed the MessagePort
2025-07-16 23:13:47.240 [error] An error occurred when disposing the subscriptions for extension 'Gruntfuggly.todo-tree':
2025-07-16 23:13:47.242 [error] AggregateError: Encountered errors while disposing of store
    at xr (file:///var/lib/snapd/snap/code/198/usr/share/code/resources/app/out/vs/workbench/api/node/extensionHostProcess.js:25:822)
    at file:///var/lib/snapd/snap/code/198/usr/share/code/resources/app/out/vs/workbench/api/node/extensionHostProcess.js:124:15046
    at file:///var/lib/snapd/snap/code/198/usr/share/code/resources/app/out/vs/workbench/api/node/extensionHostProcess.js:25:1056
    at Object.dispose (file:///var/lib/snapd/snap/code/198/usr/share/code/resources/app/out/vs/workbench/api/node/extensionHostProcess.js:8:705)
    at yY.eb (file:///var/lib/snapd/snap/code/198/usr/share/code/resources/app/out/vs/workbench/api/node/extensionHostProcess.js:124:11919)
    at file:///var/lib/snapd/snap/code/198/usr/share/code/resources/app/out/vs/workbench/api/node/extensionHostProcess.js:124:9874
    at Array.map (<anonymous>)
    at yY.$ (file:///var/lib/snapd/snap/code/198/usr/share/code/resources/app/out/vs/workbench/api/node/extensionHostProcess.js:124:9862)
    at yY.terminate (file:///var/lib/snapd/snap/code/198/usr/share/code/resources/app/out/vs/workbench/api/node/extensionHostProcess.js:124:10105)
    at zA.terminate (file:///var/lib/snapd/snap/code/198/usr/share/code/resources/app/out/vs/workbench/api/node/extensionHostProcess.js:126:914)
    at gs (file:///var/lib/snapd/snap/code/198/usr/share/code/resources/app/out/vs/workbench/api/node/extensionHostProcess.js:361:5228)
    at MessagePortMain.<anonymous> (file:///var/lib/snapd/snap/code/198/usr/share/code/resources/app/out/vs/workbench/api/node/extensionHostProcess.js:361:1775)
    at MessagePortMain.emit (node:events:518:28)
    at Object.MessagePortMain._internalPort.emit (node:electron/js2c/utility_init:2:3073)
2025-07-16 23:13:47.260 [info] Extension host with pid 18082 exiting with code 0
2025-07-16 23:13:48.381 [info] Extension host with pid 18453 started
2025-07-16 23:13:48.381 [info] Skipping acquiring lock for /home/alexey/.config/Code/User/workspaceStorage/7872908982aeac6d3f5d1253ae83dad4.
2025-07-16 23:13:48.421 [info] ExtensionService#_doActivateExtension vscode.github-authentication, startup: false, activationEvent: 'onAuthenticationRequest:github-enterprise'
2025-07-16 23:13:48.476 [info] ExtensionService#_doActivateExtension mechatroner.rainbow-csv, startup: false, activationEvent: 'onLanguage:plaintext'
2025-07-16 23:13:48.483 [info] ExtensionService#_doActivateExtension vscode.emmet, startup: false, activationEvent: 'onLanguage'
2025-07-16 23:13:48.515 [info] ExtensionService#_doActivateExtension vscode.configuration-editing, startup: false, activationEvent: 'onLanguage:jsonc'
2025-07-16 23:13:48.531 [info] ExtensionService#_doActivateExtension vscode.json-language-features, startup: false, activationEvent: 'onLanguage:jsonc'
2025-07-16 23:13:48.638 [info] ExtensionService#_doActivateExtension vscode.typescript-language-features, startup: false, activationEvent: 'onLanguage:jsonc'
2025-07-16 23:13:48.749 [info] ExtensionService#_doActivateExtension ecmel.vscode-html-css, startup: false, activationEvent: 'onCommand:vscode-html-css.validate'
2025-07-16 23:13:48.753 [info] ExtensionService#_doActivateExtension kingleo.openurl, startup: false, activationEvent: 'onCommand:extension.openURL'
2025-07-16 23:13:48.755 [info] ExtensionService#_doActivateExtension vscode.simple-browser, startup: false, activationEvent: 'onCommand:simpleBrowser.show'
2025-07-16 23:13:48.760 [info] ExtensionService#_doActivateExtension vscode.git-base, startup: false, activationEvent: '*', root cause: vscode.git
2025-07-16 23:13:48.764 [info] ExtensionService#_doActivateExtension formulahendry.auto-rename-tag, startup: false, activationEvent: '*'
2025-07-16 23:13:48.816 [info] ExtensionService#_doActivateExtension kamikillerto.vscode-colorize, startup: false, activationEvent: '*'
2025-07-16 23:13:48.902 [info] ExtensionService#_doActivateExtension lancewilhelm.nvim-dashboard, startup: false, activationEvent: '*'
2025-07-16 23:13:48.907 [info] ExtensionService#_doActivateExtension mhutchie.git-graph, startup: false, activationEvent: '*'
2025-07-16 23:13:48.931 [info] ExtensionService#_doActivateExtension Zignd.html-css-class-completion, startup: false, activationEvent: '*'
2025-07-16 23:13:49.132 [info] ExtensionService#_doActivateExtension HenryTsz.nvim, startup: false, activationEvent: 'onCommand:type'
2025-07-16 23:13:49.631 [info] ExtensionService#_doActivateExtension vscode.git, startup: false, activationEvent: '*'
2025-07-16 23:13:49.716 [info] ExtensionService#_doActivateExtension vscode.github, startup: false, activationEvent: '*'
2025-07-16 23:13:50.201 [info] Eager extensions activated
2025-07-16 23:13:50.207 [info] ExtensionService#_doActivateExtension vscode.debug-auto-launch, startup: false, activationEvent: 'onStartupFinished'
2025-07-16 23:13:50.212 [info] ExtensionService#_doActivateExtension vscode.merge-conflict, startup: false, activationEvent: 'onStartupFinished'
2025-07-16 23:13:50.247 [info] ExtensionService#_doActivateExtension aaron-bond.better-comments, startup: false, activationEvent: 'onStartupFinished'
2025-07-16 23:13:50.254 [info] ExtensionService#_doActivateExtension bierner.color-info, startup: false, activationEvent: 'onStartupFinished'
2025-07-16 23:13:50.263 [info] ExtensionService#_doActivateExtension bradlc.vscode-tailwindcss, startup: false, activationEvent: 'onStartupFinished'
2025-07-16 23:13:50.337 [info] ExtensionService#_doActivateExtension esbenp.prettier-vscode, startup: false, activationEvent: 'onStartupFinished'
2025-07-16 23:13:50.479 [info] ExtensionService#_doActivateExtension formulahendry.code-runner, startup: false, activationEvent: 'onStartupFinished'
2025-07-16 23:13:50.503 [info] ExtensionService#_doActivateExtension GitByBit.gitbybit, startup: false, activationEvent: 'onStartupFinished'
2025-07-16 23:13:50.506 [info] ExtensionService#_doActivateExtension Gruntfuggly.todo-tree, startup: false, activationEvent: 'onStartupFinished'
2025-07-16 23:13:50.575 [info] ExtensionService#_doActivateExtension ms-vscode-remote.remote-wsl, startup: false, activationEvent: 'onStartupFinished'
2025-07-16 23:13:50.780 [info] ExtensionService#_doActivateExtension naumovs.color-highlight, startup: false, activationEvent: 'onStartupFinished'
2025-07-16 23:13:50.792 [info] ExtensionService#_doActivateExtension PKief.material-icon-theme, startup: false, activationEvent: 'onStartupFinished'
2025-07-16 23:13:50.816 [info] ExtensionService#_doActivateExtension ritwickdey.LiveServer, startup: false, activationEvent: 'onStartupFinished'
2025-07-16 23:13:50.824 [info] ExtensionService#_doActivateExtension usernamehw.errorlens, startup: false, activationEvent: 'onStartupFinished'
2025-07-16 23:15:12.987 [info] Extension host terminating: renderer closed the MessagePort
2025-07-16 23:15:13.028 [error] An error occurred when disposing the subscriptions for extension 'Gruntfuggly.todo-tree':
2025-07-16 23:15:13.029 [error] AggregateError: Encountered errors while disposing of store
    at xr (file:///var/lib/snapd/snap/code/198/usr/share/code/resources/app/out/vs/workbench/api/node/extensionHostProcess.js:25:822)
    at file:///var/lib/snapd/snap/code/198/usr/share/code/resources/app/out/vs/workbench/api/node/extensionHostProcess.js:124:15046
    at file:///var/lib/snapd/snap/code/198/usr/share/code/resources/app/out/vs/workbench/api/node/extensionHostProcess.js:25:1056
    at Object.dispose (file:///var/lib/snapd/snap/code/198/usr/share/code/resources/app/out/vs/workbench/api/node/extensionHostProcess.js:8:705)
    at yY.eb (file:///var/lib/snapd/snap/code/198/usr/share/code/resources/app/out/vs/workbench/api/node/extensionHostProcess.js:124:11919)
    at file:///var/lib/snapd/snap/code/198/usr/share/code/resources/app/out/vs/workbench/api/node/extensionHostProcess.js:124:9874
    at Array.map (<anonymous>)
    at yY.$ (file:///var/lib/snapd/snap/code/198/usr/share/code/resources/app/out/vs/workbench/api/node/extensionHostProcess.js:124:9862)
    at yY.terminate (file:///var/lib/snapd/snap/code/198/usr/share/code/resources/app/out/vs/workbench/api/node/extensionHostProcess.js:124:10105)
    at zA.terminate (file:///var/lib/snapd/snap/code/198/usr/share/code/resources/app/out/vs/workbench/api/node/extensionHostProcess.js:126:914)
    at gs (file:///var/lib/snapd/snap/code/198/usr/share/code/resources/app/out/vs/workbench/api/node/extensionHostProcess.js:361:5228)
    at MessagePortMain.<anonymous> (file:///var/lib/snapd/snap/code/198/usr/share/code/resources/app/out/vs/workbench/api/node/extensionHostProcess.js:361:1775)
    at MessagePortMain.emit (node:events:518:28)
    at Object.MessagePortMain._internalPort.emit (node:electron/js2c/utility_init:2:3073)
2025-07-16 23:15:13.047 [info] Extension host with pid 18453 exiting with code 0
