2025-07-17 18:00:36.257 [info] [AutoSync] Using settings sync service https://vscode-sync.trafficmanager.net/
2025-07-17 18:00:36.257 [info] [AutoSync] Enabled.
2025-07-17 18:00:36.257 [info] [AutoSync] Suspended until auth token is available.
2025-07-17 18:00:37.730 [info] [AutoSync] Triggered by Interval
2025-07-17 18:00:37.731 [info] Sync started.
2025-07-17 18:00:41.214 [info] Settings: No changes found during synchronizing settings.
2025-07-17 18:00:41.225 [info] Keybindings: No changes found during synchronizing keybindings.
2025-07-17 18:00:41.230 [info] Snippets: No changes found during synchronizing snippets.
2025-07-17 18:00:41.233 [info] Tasks: No changes found during synchronizing tasks.
2025-07-17 18:00:44.232 [info] GlobalState: Updated remote ui state. Updated: workbench.activity.pinnedViewlets2.
2025-07-17 18:00:44.237 [info] GlobalState: Updated last synchronized ui state
2025-07-17 18:00:44.293 [info] Extensions: No changes found during synchronizing extensions.
2025-07-17 18:00:44.296 [info] Prompts: No changes found during synchronizing prompts.
2025-07-17 18:00:44.297 [info] Profiles: No changes found during synchronizing profiles.
2025-07-17 18:00:44.300 [info] Sync done. Took 6571ms
2025-07-17 18:01:50.182 [info] [AutoSync] Triggered by Activity
2025-07-17 18:01:50.183 [info] Sync started.
2025-07-17 18:01:51.558 [info] Settings: No changes found during synchronizing settings.
2025-07-17 18:01:51.572 [info] Keybindings: No changes found during synchronizing keybindings.
2025-07-17 18:01:51.577 [info] Snippets: No changes found during synchronizing snippets.
2025-07-17 18:01:51.579 [info] Tasks: No changes found during synchronizing tasks.
2025-07-17 18:01:51.591 [info] GlobalState: No changes found during synchronizing ui state.
2025-07-17 18:01:51.668 [info] Extensions: No changes found during synchronizing extensions.
2025-07-17 18:01:51.671 [info] Prompts: No changes found during synchronizing prompts.
2025-07-17 18:01:51.672 [info] Profiles: No changes found during synchronizing profiles.
2025-07-17 18:01:51.673 [info] Sync done. Took 1493ms
2025-07-17 18:03:12.541 [info] [AutoSync] Triggered by Activity
2025-07-17 18:03:12.542 [info] Sync started.
2025-07-17 18:03:13.443 [info] Settings: No changes found during synchronizing settings.
2025-07-17 18:03:13.451 [info] Keybindings: No changes found during synchronizing keybindings.
2025-07-17 18:03:13.456 [info] Snippets: No changes found during synchronizing snippets.
2025-07-17 18:03:13.458 [info] Tasks: No changes found during synchronizing tasks.
2025-07-17 18:03:13.467 [info] GlobalState: No changes found during synchronizing ui state.
2025-07-17 18:03:13.551 [info] Extensions: No changes found during synchronizing extensions.
2025-07-17 18:03:13.565 [info] Prompts: No changes found during synchronizing prompts.
2025-07-17 18:03:13.566 [info] Profiles: No changes found during synchronizing profiles.
2025-07-17 18:03:13.567 [info] Sync done. Took 1028ms
2025-07-17 18:05:14.815 [info] [AutoSync] Triggered by Activity
2025-07-17 18:05:14.816 [info] Sync started.
2025-07-17 18:05:14.899 [info] Settings: No changes found during synchronizing settings.
2025-07-17 18:05:14.902 [info] Keybindings: No changes found during synchronizing keybindings.
2025-07-17 18:05:14.906 [info] Snippets: No changes found during synchronizing snippets.
2025-07-17 18:05:14.909 [info] Tasks: No changes found during synchronizing tasks.
2025-07-17 18:05:14.916 [info] GlobalState: No changes found during synchronizing ui state.
2025-07-17 18:05:15.021 [info] Extensions: No changes found during synchronizing extensions.
2025-07-17 18:05:15.025 [info] Prompts: No changes found during synchronizing prompts.
2025-07-17 18:05:15.027 [info] Profiles: No changes found during synchronizing profiles.
2025-07-17 18:05:15.029 [info] Sync done. Took 217ms
2025-07-17 18:05:27.497 [info] [AutoSync] Triggered by Activity
2025-07-17 18:05:27.497 [info] Sync started.
2025-07-17 18:05:28.035 [info] Settings: Updated remote settings
2025-07-17 18:05:28.043 [info] Settings: Updated last synchronized settings
2025-07-17 18:05:28.047 [info] Keybindings: No changes found during synchronizing keybindings.
2025-07-17 18:05:28.052 [info] Snippets: No changes found during synchronizing snippets.
2025-07-17 18:05:28.056 [info] Tasks: No changes found during synchronizing tasks.
2025-07-17 18:05:28.064 [info] GlobalState: No changes found during synchronizing ui state.
2025-07-17 18:05:28.146 [info] Extensions: No changes found during synchronizing extensions.
2025-07-17 18:05:28.150 [info] Prompts: No changes found during synchronizing prompts.
2025-07-17 18:05:28.151 [info] Profiles: No changes found during synchronizing profiles.
2025-07-17 18:05:28.153 [info] Sync done. Took 657ms
2025-07-17 18:05:30.600 [info] [AutoSync] Triggered by Activity
2025-07-17 18:05:30.600 [info] Sync started.
2025-07-17 18:05:30.695 [info] Settings: No changes found during synchronizing settings.
2025-07-17 18:05:30.700 [info] Keybindings: No changes found during synchronizing keybindings.
2025-07-17 18:05:30.703 [info] Snippets: No changes found during synchronizing snippets.
2025-07-17 18:05:30.706 [info] Tasks: No changes found during synchronizing tasks.
2025-07-17 18:05:30.712 [info] GlobalState: No changes found during synchronizing ui state.
2025-07-17 18:05:30.783 [info] Extensions: No changes found during synchronizing extensions.
2025-07-17 18:05:30.786 [info] Prompts: No changes found during synchronizing prompts.
2025-07-17 18:05:30.787 [info] Profiles: No changes found during synchronizing profiles.
2025-07-17 18:05:30.788 [info] Sync done. Took 189ms
2025-07-17 18:05:35.928 [info] [AutoSync] Triggered by Activity
2025-07-17 18:05:35.928 [info] Sync started.
2025-07-17 18:05:36.438 [info] Settings: Updated remote settings
2025-07-17 18:05:36.448 [info] Settings: Updated last synchronized settings
2025-07-17 18:05:36.453 [info] Keybindings: No changes found during synchronizing keybindings.
2025-07-17 18:05:36.457 [info] Snippets: No changes found during synchronizing snippets.
2025-07-17 18:05:36.461 [info] Tasks: No changes found during synchronizing tasks.
2025-07-17 18:05:36.469 [info] GlobalState: No changes found during synchronizing ui state.
2025-07-17 18:05:36.551 [info] Extensions: No changes found during synchronizing extensions.
2025-07-17 18:05:36.555 [info] Prompts: No changes found during synchronizing prompts.
2025-07-17 18:05:36.556 [info] Profiles: No changes found during synchronizing profiles.
2025-07-17 18:05:36.558 [info] Sync done. Took 632ms
2025-07-17 18:05:46.321 [info] [AutoSync] Triggered by Activity
2025-07-17 18:05:46.321 [info] Sync started.
2025-07-17 18:05:47.593 [info] Settings: Updated remote settings
2025-07-17 18:05:47.600 [info] Settings: Updated last synchronized settings
2025-07-17 18:05:47.604 [info] Keybindings: No changes found during synchronizing keybindings.
2025-07-17 18:05:47.607 [info] Snippets: No changes found during synchronizing snippets.
2025-07-17 18:05:47.610 [info] Tasks: No changes found during synchronizing tasks.
2025-07-17 18:05:47.614 [info] GlobalState: No changes found during synchronizing ui state.
2025-07-17 18:05:47.705 [info] Extensions: No changes found during synchronizing extensions.
2025-07-17 18:05:47.708 [info] Prompts: No changes found during synchronizing prompts.
2025-07-17 18:05:47.710 [info] Profiles: No changes found during synchronizing profiles.
2025-07-17 18:05:47.712 [info] Sync done. Took 1392ms
2025-07-17 18:05:49.421 [info] [AutoSync] Triggered by Activity
2025-07-17 18:05:49.421 [info] Sync started.
2025-07-17 18:05:49.517 [info] Settings: No changes found during synchronizing settings.
2025-07-17 18:05:49.521 [info] Keybindings: No changes found during synchronizing keybindings.
2025-07-17 18:05:49.524 [info] Snippets: No changes found during synchronizing snippets.
2025-07-17 18:05:49.527 [info] Tasks: No changes found during synchronizing tasks.
2025-07-17 18:05:49.534 [info] GlobalState: No changes found during synchronizing ui state.
2025-07-17 18:05:49.616 [info] Extensions: No changes found during synchronizing extensions.
2025-07-17 18:05:49.621 [info] Prompts: No changes found during synchronizing prompts.
2025-07-17 18:05:49.623 [info] Profiles: No changes found during synchronizing profiles.
2025-07-17 18:05:49.625 [info] Sync done. Took 206ms
2025-07-17 18:05:59.512 [info] [AutoSync] Triggered by Activity
2025-07-17 18:05:59.513 [info] Sync started.
2025-07-17 18:05:59.736 [info] Settings: No changes found during synchronizing settings.
2025-07-17 18:05:59.739 [info] Keybindings: No changes found during synchronizing keybindings.
2025-07-17 18:05:59.742 [info] Snippets: No changes found during synchronizing snippets.
2025-07-17 18:05:59.745 [info] Tasks: No changes found during synchronizing tasks.
2025-07-17 18:05:59.751 [info] GlobalState: No changes found during synchronizing ui state.
2025-07-17 18:05:59.838 [info] Extensions: No changes found during synchronizing extensions.
2025-07-17 18:05:59.845 [info] Prompts: No changes found during synchronizing prompts.
2025-07-17 18:05:59.846 [info] Profiles: No changes found during synchronizing profiles.
2025-07-17 18:05:59.848 [info] Sync done. Took 337ms
2025-07-17 18:06:10.840 [info] [AutoSync] Triggered by Activity
2025-07-17 18:06:10.840 [info] Sync started.
2025-07-17 18:06:14.954 [info] Settings: Updated remote settings
2025-07-17 18:06:14.960 [info] Settings: Updated last synchronized settings
2025-07-17 18:06:14.966 [info] Keybindings: No changes found during synchronizing keybindings.
2025-07-17 18:06:14.970 [info] Snippets: No changes found during synchronizing snippets.
2025-07-17 18:06:14.972 [info] Tasks: No changes found during synchronizing tasks.
2025-07-17 18:06:14.977 [info] GlobalState: No changes found during synchronizing ui state.
2025-07-17 18:06:15.046 [info] Extensions: No changes found during synchronizing extensions.
2025-07-17 18:06:15.049 [info] Prompts: No changes found during synchronizing prompts.
2025-07-17 18:06:15.050 [info] Profiles: No changes found during synchronizing profiles.
2025-07-17 18:06:15.052 [info] Sync done. Took 4214ms
2025-07-17 18:06:16.404 [info] [AutoSync] Triggered by Activity
2025-07-17 18:06:16.404 [info] Sync started.
2025-07-17 18:06:18.793 [info] Settings: Updated remote settings
2025-07-17 18:06:18.803 [info] Settings: Updated last synchronized settings
2025-07-17 18:06:18.808 [info] Keybindings: No changes found during synchronizing keybindings.
2025-07-17 18:06:18.812 [info] Snippets: No changes found during synchronizing snippets.
2025-07-17 18:06:18.814 [info] Tasks: No changes found during synchronizing tasks.
2025-07-17 18:06:18.819 [info] GlobalState: No changes found during synchronizing ui state.
2025-07-17 18:06:18.897 [info] Extensions: No changes found during synchronizing extensions.
2025-07-17 18:06:18.901 [info] Prompts: No changes found during synchronizing prompts.
2025-07-17 18:06:18.903 [info] Profiles: No changes found during synchronizing profiles.
2025-07-17 18:06:18.905 [info] Sync done. Took 2502ms
2025-07-17 18:06:50.143 [info] [AutoSync] Triggered by Activity
2025-07-17 18:06:50.143 [info] Sync started.
2025-07-17 18:06:51.259 [info] Settings: No changes found during synchronizing settings.
2025-07-17 18:06:51.263 [info] Keybindings: No changes found during synchronizing keybindings.
2025-07-17 18:06:51.266 [info] Snippets: No changes found during synchronizing snippets.
2025-07-17 18:06:51.269 [info] Tasks: No changes found during synchronizing tasks.
2025-07-17 18:06:51.275 [info] GlobalState: No changes found during synchronizing ui state.
2025-07-17 18:06:51.335 [info] Extensions: No changes found during synchronizing extensions.
2025-07-17 18:06:51.338 [info] Prompts: No changes found during synchronizing prompts.
2025-07-17 18:06:51.339 [info] Profiles: No changes found during synchronizing profiles.
2025-07-17 18:06:51.340 [info] Sync done. Took 1199ms
2025-07-17 18:07:51.962 [info] [AutoSync] Triggered by Activity
2025-07-17 18:07:51.963 [info] Sync started.
2025-07-17 18:07:52.063 [info] Settings: No changes found during synchronizing settings.
2025-07-17 18:07:52.068 [info] Keybindings: No changes found during synchronizing keybindings.
2025-07-17 18:07:52.072 [info] Snippets: No changes found during synchronizing snippets.
2025-07-17 18:07:52.076 [info] Tasks: No changes found during synchronizing tasks.
2025-07-17 18:07:52.082 [info] GlobalState: No changes found during synchronizing ui state.
2025-07-17 18:07:52.158 [info] Extensions: No changes found during synchronizing extensions.
2025-07-17 18:07:52.164 [info] Prompts: No changes found during synchronizing prompts.
2025-07-17 18:07:52.166 [info] Profiles: No changes found during synchronizing profiles.
2025-07-17 18:07:52.167 [info] Sync done. Took 206ms
2025-07-17 18:10:49.051 [info] [AutoSync] Triggered by Activity
2025-07-17 18:10:49.051 [info] Sync started.
2025-07-17 18:10:49.362 [info] Settings: No changes found during synchronizing settings.
2025-07-17 18:10:49.366 [info] Keybindings: No changes found during synchronizing keybindings.
2025-07-17 18:10:49.370 [info] Snippets: No changes found during synchronizing snippets.
2025-07-17 18:10:49.374 [info] Tasks: No changes found during synchronizing tasks.
2025-07-17 18:10:49.382 [info] GlobalState: No changes found during synchronizing ui state.
2025-07-17 18:10:49.513 [info] Extensions: No changes found during synchronizing extensions.
2025-07-17 18:10:49.519 [info] Prompts: No changes found during synchronizing prompts.
2025-07-17 18:10:49.521 [info] Profiles: No changes found during synchronizing profiles.
2025-07-17 18:10:49.524 [info] Sync done. Took 475ms
2025-07-17 18:11:59.570 [info] [AutoSync] Triggered by Activity
2025-07-17 18:11:59.570 [info] Sync started.
2025-07-17 18:11:59.707 [info] Settings: No changes found during synchronizing settings.
2025-07-17 18:11:59.712 [info] Keybindings: No changes found during synchronizing keybindings.
2025-07-17 18:11:59.717 [info] Snippets: No changes found during synchronizing snippets.
2025-07-17 18:11:59.720 [info] Tasks: No changes found during synchronizing tasks.
2025-07-17 18:11:59.729 [info] GlobalState: No changes found during synchronizing ui state.
2025-07-17 18:11:59.830 [info] Extensions: No changes found during synchronizing extensions.
2025-07-17 18:11:59.835 [info] Prompts: No changes found during synchronizing prompts.
2025-07-17 18:11:59.836 [info] Profiles: No changes found during synchronizing profiles.
2025-07-17 18:11:59.838 [info] Sync done. Took 270ms
2025-07-17 18:12:19.553 [info] [AutoSync] Triggered by Activity
2025-07-17 18:12:19.554 [info] Sync started.
2025-07-17 18:12:19.665 [info] Settings: No changes found during synchronizing settings.
2025-07-17 18:12:19.679 [info] Keybindings: No changes found during synchronizing keybindings.
2025-07-17 18:12:19.687 [info] Snippets: No changes found during synchronizing snippets.
2025-07-17 18:12:19.692 [info] Tasks: No changes found during synchronizing tasks.
2025-07-17 18:12:19.704 [info] GlobalState: No changes found during synchronizing ui state.
2025-07-17 18:12:19.827 [info] Extensions: No changes found during synchronizing extensions.
2025-07-17 18:12:19.840 [info] Prompts: No changes found during synchronizing prompts.
2025-07-17 18:12:19.844 [info] Profiles: No changes found during synchronizing profiles.
2025-07-17 18:12:19.848 [info] Sync done. Took 295ms
2025-07-17 18:17:19.893 [info] [AutoSync] Triggered by Interval
2025-07-17 18:17:19.894 [info] Sync started.
2025-07-17 18:17:20.220 [info] Settings: No changes found during synchronizing settings.
2025-07-17 18:17:20.223 [info] Keybindings: No changes found during synchronizing keybindings.
2025-07-17 18:17:20.227 [info] Snippets: No changes found during synchronizing snippets.
2025-07-17 18:17:20.230 [info] Tasks: No changes found during synchronizing tasks.
2025-07-17 18:17:20.236 [info] GlobalState: No changes found during synchronizing ui state.
2025-07-17 18:17:20.344 [info] Extensions: No changes found during synchronizing extensions.
2025-07-17 18:17:20.347 [info] Prompts: No changes found during synchronizing prompts.
2025-07-17 18:17:20.349 [info] Profiles: No changes found during synchronizing profiles.
2025-07-17 18:17:20.352 [info] Sync done. Took 460ms
2025-07-17 18:21:01.030 [info] [AutoSync] Triggered by Activity
2025-07-17 18:21:01.030 [info] Sync started.
2025-07-17 18:21:01.394 [info] Settings: No changes found during synchronizing settings.
2025-07-17 18:21:01.398 [info] Keybindings: No changes found during synchronizing keybindings.
2025-07-17 18:21:01.404 [info] Snippets: No changes found during synchronizing snippets.
2025-07-17 18:21:01.409 [info] Tasks: No changes found during synchronizing tasks.
2025-07-17 18:21:01.418 [info] GlobalState: No changes found during synchronizing ui state.
2025-07-17 18:21:01.526 [info] Extensions: No changes found during synchronizing extensions.
2025-07-17 18:21:01.532 [info] Prompts: No changes found during synchronizing prompts.
2025-07-17 18:21:01.533 [info] Profiles: No changes found during synchronizing profiles.
2025-07-17 18:21:01.535 [info] Sync done. Took 507ms
2025-07-17 18:21:12.050 [info] [AutoSync] Triggered by Activity
2025-07-17 18:21:12.050 [info] Sync started.
2025-07-17 18:21:12.193 [info] Settings: No changes found during synchronizing settings.
2025-07-17 18:21:12.196 [info] Keybindings: No changes found during synchronizing keybindings.
2025-07-17 18:21:12.198 [info] Snippets: No changes found during synchronizing snippets.
2025-07-17 18:21:12.200 [info] Tasks: No changes found during synchronizing tasks.
2025-07-17 18:21:12.208 [info] GlobalState: No changes found during synchronizing ui state.
2025-07-17 18:21:12.294 [info] Extensions: No changes found during synchronizing extensions.
2025-07-17 18:21:12.298 [info] Prompts: No changes found during synchronizing prompts.
2025-07-17 18:21:12.299 [info] Profiles: No changes found during synchronizing profiles.
2025-07-17 18:21:12.301 [info] Sync done. Took 252ms
2025-07-17 18:22:47.175 [info] [AutoSync] Triggered by Activity
2025-07-17 18:22:47.175 [info] Sync started.
2025-07-17 18:22:47.271 [info] Settings: No changes found during synchronizing settings.
2025-07-17 18:22:47.276 [info] Keybindings: No changes found during synchronizing keybindings.
2025-07-17 18:22:47.280 [info] Snippets: No changes found during synchronizing snippets.
2025-07-17 18:22:47.284 [info] Tasks: No changes found during synchronizing tasks.
2025-07-17 18:22:47.291 [info] GlobalState: No changes found during synchronizing ui state.
2025-07-17 18:22:47.390 [info] Extensions: No changes found during synchronizing extensions.
2025-07-17 18:22:47.398 [info] Prompts: No changes found during synchronizing prompts.
2025-07-17 18:22:47.399 [info] Profiles: No changes found during synchronizing profiles.
2025-07-17 18:22:47.401 [info] Sync done. Took 227ms
2025-07-17 18:23:12.608 [info] [AutoSync] Triggered by Activity
2025-07-17 18:23:12.608 [info] Sync started.
2025-07-17 18:23:12.704 [info] Settings: No changes found during synchronizing settings.
2025-07-17 18:23:12.707 [info] Keybindings: No changes found during synchronizing keybindings.
2025-07-17 18:23:12.710 [info] Snippets: No changes found during synchronizing snippets.
2025-07-17 18:23:12.712 [info] Tasks: No changes found during synchronizing tasks.
2025-07-17 18:23:12.717 [info] GlobalState: No changes found during synchronizing ui state.
2025-07-17 18:23:12.813 [info] Extensions: No changes found during synchronizing extensions.
2025-07-17 18:23:12.818 [info] Prompts: No changes found during synchronizing prompts.
2025-07-17 18:23:12.819 [info] Profiles: No changes found during synchronizing profiles.
2025-07-17 18:23:12.821 [info] Sync done. Took 215ms
2025-07-17 18:24:06.052 [info] [AutoSync] Triggered by Activity
2025-07-17 18:24:06.053 [info] Sync started.
2025-07-17 18:24:06.180 [info] Settings: No changes found during synchronizing settings.
2025-07-17 18:24:06.184 [info] Keybindings: No changes found during synchronizing keybindings.
2025-07-17 18:24:06.186 [info] Snippets: No changes found during synchronizing snippets.
2025-07-17 18:24:06.189 [info] Tasks: No changes found during synchronizing tasks.
2025-07-17 18:24:06.195 [info] GlobalState: No changes found during synchronizing ui state.
2025-07-17 18:24:06.299 [info] Extensions: No changes found during synchronizing extensions.
2025-07-17 18:24:06.303 [info] Prompts: No changes found during synchronizing prompts.
2025-07-17 18:24:06.305 [info] Profiles: No changes found during synchronizing profiles.
2025-07-17 18:24:06.307 [info] Sync done. Took 257ms
2025-07-17 18:24:17.476 [info] [AutoSync] Triggered by Activity
2025-07-17 18:24:17.477 [info] Sync started.
2025-07-17 18:24:17.585 [info] Settings: No changes found during synchronizing settings.
2025-07-17 18:24:17.591 [info] Keybindings: No changes found during synchronizing keybindings.
2025-07-17 18:24:17.596 [info] Snippets: No changes found during synchronizing snippets.
2025-07-17 18:24:17.599 [info] Tasks: No changes found during synchronizing tasks.
2025-07-17 18:24:17.608 [info] GlobalState: No changes found during synchronizing ui state.
2025-07-17 18:24:17.700 [info] Extensions: No changes found during synchronizing extensions.
2025-07-17 18:24:17.705 [info] Prompts: No changes found during synchronizing prompts.
2025-07-17 18:24:17.707 [info] Profiles: No changes found during synchronizing profiles.
2025-07-17 18:24:17.709 [info] Sync done. Took 234ms
2025-07-17 18:24:42.665 [info] [AutoSync] Triggered by Activity
2025-07-17 18:24:42.666 [info] Sync started.
2025-07-17 18:24:42.768 [info] Settings: No changes found during synchronizing settings.
2025-07-17 18:24:42.790 [info] Keybindings: No changes found during synchronizing keybindings.
2025-07-17 18:24:42.795 [info] Snippets: No changes found during synchronizing snippets.
2025-07-17 18:24:42.799 [info] Tasks: No changes found during synchronizing tasks.
2025-07-17 18:24:42.808 [info] GlobalState: No changes found during synchronizing ui state.
2025-07-17 18:24:42.887 [info] Extensions: No changes found during synchronizing extensions.
2025-07-17 18:24:42.891 [info] Prompts: No changes found during synchronizing prompts.
2025-07-17 18:24:42.893 [info] Profiles: No changes found during synchronizing profiles.
2025-07-17 18:24:42.895 [info] Sync done. Took 232ms
2025-07-17 18:24:54.877 [info] [AutoSync] Triggered by Activity
2025-07-17 18:24:54.877 [info] Sync started.
2025-07-17 18:24:55.001 [info] Settings: No changes found during synchronizing settings.
2025-07-17 18:24:55.005 [info] Keybindings: No changes found during synchronizing keybindings.
2025-07-17 18:24:55.009 [info] Snippets: No changes found during synchronizing snippets.
2025-07-17 18:24:55.013 [info] Tasks: No changes found during synchronizing tasks.
2025-07-17 18:24:55.021 [info] GlobalState: No changes found during synchronizing ui state.
2025-07-17 18:24:55.089 [info] Extensions: No changes found during synchronizing extensions.
2025-07-17 18:24:55.092 [info] Prompts: No changes found during synchronizing prompts.
2025-07-17 18:24:55.094 [info] Profiles: No changes found during synchronizing profiles.
2025-07-17 18:24:55.096 [info] Sync done. Took 221ms
2025-07-17 18:26:04.619 [info] [AutoSync] Triggered by Activity
2025-07-17 18:26:04.619 [info] Sync started.
2025-07-17 18:26:04.723 [info] Settings: No changes found during synchronizing settings.
2025-07-17 18:26:04.728 [info] Keybindings: No changes found during synchronizing keybindings.
2025-07-17 18:26:04.731 [info] Snippets: No changes found during synchronizing snippets.
2025-07-17 18:26:04.733 [info] Tasks: No changes found during synchronizing tasks.
2025-07-17 18:26:04.741 [info] GlobalState: No changes found during synchronizing ui state.
2025-07-17 18:26:04.858 [info] Extensions: No changes found during synchronizing extensions.
2025-07-17 18:26:04.864 [info] Prompts: No changes found during synchronizing prompts.
2025-07-17 18:26:04.866 [info] Profiles: No changes found during synchronizing profiles.
2025-07-17 18:26:04.869 [info] Sync done. Took 252ms
2025-07-17 18:26:20.164 [info] [AutoSync] Triggered by Activity
2025-07-17 18:26:20.164 [info] Sync started.
2025-07-17 18:26:20.262 [info] Settings: No changes found during synchronizing settings.
2025-07-17 18:26:20.268 [info] Keybindings: No changes found during synchronizing keybindings.
2025-07-17 18:26:20.271 [info] Snippets: No changes found during synchronizing snippets.
2025-07-17 18:26:20.274 [info] Tasks: No changes found during synchronizing tasks.
2025-07-17 18:26:20.279 [info] GlobalState: No changes found during synchronizing ui state.
2025-07-17 18:26:20.366 [info] Extensions: No changes found during synchronizing extensions.
2025-07-17 18:26:20.369 [info] Prompts: No changes found during synchronizing prompts.
2025-07-17 18:26:20.371 [info] Profiles: No changes found during synchronizing profiles.
2025-07-17 18:26:20.373 [info] Sync done. Took 210ms
2025-07-17 18:26:42.622 [info] [AutoSync] Triggered by Activity
2025-07-17 18:26:42.622 [info] Sync started.
2025-07-17 18:26:42.724 [info] Settings: No changes found during synchronizing settings.
2025-07-17 18:26:42.732 [info] Keybindings: No changes found during synchronizing keybindings.
2025-07-17 18:26:42.736 [info] Snippets: No changes found during synchronizing snippets.
2025-07-17 18:26:42.739 [info] Tasks: No changes found during synchronizing tasks.
2025-07-17 18:26:42.745 [info] GlobalState: No changes found during synchronizing ui state.
2025-07-17 18:26:42.843 [info] Extensions: No changes found during synchronizing extensions.
2025-07-17 18:26:42.846 [info] Prompts: No changes found during synchronizing prompts.
2025-07-17 18:26:42.849 [info] Profiles: No changes found during synchronizing profiles.
2025-07-17 18:26:42.851 [info] Sync done. Took 231ms
2025-07-17 18:26:54.014 [info] [AutoSync] Triggered by Activity
2025-07-17 18:26:54.015 [info] Sync started.
2025-07-17 18:26:54.128 [info] Settings: No changes found during synchronizing settings.
2025-07-17 18:26:54.132 [info] Keybindings: No changes found during synchronizing keybindings.
2025-07-17 18:26:54.135 [info] Snippets: No changes found during synchronizing snippets.
2025-07-17 18:26:54.137 [info] Tasks: No changes found during synchronizing tasks.
2025-07-17 18:26:54.145 [info] GlobalState: No changes found during synchronizing ui state.
2025-07-17 18:26:54.222 [info] Extensions: No changes found during synchronizing extensions.
2025-07-17 18:26:54.225 [info] Prompts: No changes found during synchronizing prompts.
2025-07-17 18:26:54.227 [info] Profiles: No changes found during synchronizing profiles.
2025-07-17 18:26:54.230 [info] Sync done. Took 217ms
2025-07-17 18:27:56.733 [info] [AutoSync] Triggered by Activity
2025-07-17 18:27:56.733 [info] Sync started.
2025-07-17 18:27:56.838 [info] Settings: No changes found during synchronizing settings.
2025-07-17 18:27:56.842 [info] Keybindings: No changes found during synchronizing keybindings.
2025-07-17 18:27:56.847 [info] Snippets: No changes found during synchronizing snippets.
2025-07-17 18:27:56.851 [info] Tasks: No changes found during synchronizing tasks.
2025-07-17 18:27:56.860 [info] GlobalState: No changes found during synchronizing ui state.
2025-07-17 18:27:56.953 [info] Extensions: No changes found during synchronizing extensions.
2025-07-17 18:27:56.957 [info] Prompts: No changes found during synchronizing prompts.
2025-07-17 18:27:56.958 [info] Profiles: No changes found during synchronizing profiles.
2025-07-17 18:27:56.961 [info] Sync done. Took 229ms
2025-07-17 18:28:12.149 [info] [AutoSync] Triggered by Activity
2025-07-17 18:28:12.149 [info] Sync started.
2025-07-17 18:28:12.269 [info] Settings: No changes found during synchronizing settings.
2025-07-17 18:28:12.276 [info] Keybindings: No changes found during synchronizing keybindings.
2025-07-17 18:28:12.281 [info] Snippets: No changes found during synchronizing snippets.
2025-07-17 18:28:12.285 [info] Tasks: No changes found during synchronizing tasks.
2025-07-17 18:28:12.293 [info] GlobalState: No changes found during synchronizing ui state.
2025-07-17 18:28:12.404 [info] Extensions: No changes found during synchronizing extensions.
2025-07-17 18:28:12.410 [info] Prompts: No changes found during synchronizing prompts.
2025-07-17 18:28:12.414 [info] Profiles: No changes found during synchronizing profiles.
2025-07-17 18:28:12.418 [info] Sync done. Took 269ms
2025-07-17 18:28:40.737 [info] [AutoSync] Triggered by Activity
2025-07-17 18:28:40.737 [info] Sync started.
2025-07-17 18:28:40.952 [info] Settings: No changes found during synchronizing settings.
2025-07-17 18:28:40.956 [info] Keybindings: No changes found during synchronizing keybindings.
2025-07-17 18:28:40.961 [info] Snippets: No changes found during synchronizing snippets.
2025-07-17 18:28:40.965 [info] Tasks: No changes found during synchronizing tasks.
2025-07-17 18:28:40.974 [info] GlobalState: No changes found during synchronizing ui state.
2025-07-17 18:28:41.063 [info] Extensions: No changes found during synchronizing extensions.
2025-07-17 18:28:41.069 [info] Prompts: No changes found during synchronizing prompts.
2025-07-17 18:28:41.070 [info] Profiles: No changes found during synchronizing profiles.
2025-07-17 18:28:41.072 [info] Sync done. Took 337ms
2025-07-17 18:28:52.817 [info] [AutoSync] Triggered by Activity
2025-07-17 18:28:52.818 [info] Sync started.
2025-07-17 18:28:52.920 [info] Settings: No changes found during synchronizing settings.
2025-07-17 18:28:52.923 [info] Keybindings: No changes found during synchronizing keybindings.
2025-07-17 18:28:52.926 [info] Snippets: No changes found during synchronizing snippets.
2025-07-17 18:28:52.929 [info] Tasks: No changes found during synchronizing tasks.
2025-07-17 18:28:52.935 [info] GlobalState: No changes found during synchronizing ui state.
2025-07-17 18:28:53.022 [info] Extensions: No changes found during synchronizing extensions.
2025-07-17 18:28:53.029 [info] Prompts: No changes found during synchronizing prompts.
2025-07-17 18:28:53.030 [info] Profiles: No changes found during synchronizing profiles.
2025-07-17 18:28:53.031 [info] Sync done. Took 215ms
2025-07-17 18:29:39.748 [info] [AutoSync] Triggered by Activity
2025-07-17 18:29:39.749 [info] Sync started.
2025-07-17 18:29:39.860 [info] Settings: No changes found during synchronizing settings.
2025-07-17 18:29:39.865 [info] Keybindings: No changes found during synchronizing keybindings.
2025-07-17 18:29:39.870 [info] Snippets: No changes found during synchronizing snippets.
2025-07-17 18:29:39.873 [info] Tasks: No changes found during synchronizing tasks.
2025-07-17 18:29:39.882 [info] GlobalState: No changes found during synchronizing ui state.
2025-07-17 18:29:39.970 [info] Extensions: No changes found during synchronizing extensions.
2025-07-17 18:29:39.979 [info] Prompts: No changes found during synchronizing prompts.
2025-07-17 18:29:39.980 [info] Profiles: No changes found during synchronizing profiles.
2025-07-17 18:29:39.983 [info] Sync done. Took 236ms
2025-07-17 18:31:36.181 [info] [AutoSync] Triggered by Activity
2025-07-17 18:31:36.182 [info] Sync started.
2025-07-17 18:31:36.310 [info] Settings: No changes found during synchronizing settings.
2025-07-17 18:31:36.314 [info] Keybindings: No changes found during synchronizing keybindings.
2025-07-17 18:31:36.319 [info] Snippets: No changes found during synchronizing snippets.
2025-07-17 18:31:36.322 [info] Tasks: No changes found during synchronizing tasks.
2025-07-17 18:31:36.329 [info] GlobalState: No changes found during synchronizing ui state.
2025-07-17 18:31:36.439 [info] Extensions: No changes found during synchronizing extensions.
2025-07-17 18:31:36.444 [info] Prompts: No changes found during synchronizing prompts.
2025-07-17 18:31:36.446 [info] Profiles: No changes found during synchronizing profiles.
2025-07-17 18:31:36.449 [info] Sync done. Took 270ms
2025-07-17 18:32:06.043 [info] [AutoSync] Triggered by Activity
2025-07-17 18:32:06.043 [info] Sync started.
2025-07-17 18:32:06.157 [info] Settings: No changes found during synchronizing settings.
2025-07-17 18:32:06.161 [info] Keybindings: No changes found during synchronizing keybindings.
2025-07-17 18:32:06.166 [info] Snippets: No changes found during synchronizing snippets.
2025-07-17 18:32:06.170 [info] Tasks: No changes found during synchronizing tasks.
2025-07-17 18:32:06.178 [info] GlobalState: No changes found during synchronizing ui state.
2025-07-17 18:32:06.282 [info] Extensions: No changes found during synchronizing extensions.
2025-07-17 18:32:06.286 [info] Prompts: No changes found during synchronizing prompts.
2025-07-17 18:32:06.287 [info] Profiles: No changes found during synchronizing profiles.
2025-07-17 18:32:06.290 [info] Sync done. Took 249ms
2025-07-17 18:35:10.379 [info] [AutoSync] Triggered by Activity
2025-07-17 18:35:10.379 [info] Sync started.
2025-07-17 18:35:10.685 [info] Settings: No changes found during synchronizing settings.
2025-07-17 18:35:10.689 [info] Keybindings: No changes found during synchronizing keybindings.
2025-07-17 18:35:10.692 [info] Snippets: No changes found during synchronizing snippets.
2025-07-17 18:35:10.695 [info] Tasks: No changes found during synchronizing tasks.
2025-07-17 18:35:10.702 [info] GlobalState: No changes found during synchronizing ui state.
2025-07-17 18:35:10.804 [info] Extensions: No changes found during synchronizing extensions.
2025-07-17 18:35:10.807 [info] Prompts: No changes found during synchronizing prompts.
2025-07-17 18:35:10.809 [info] Profiles: No changes found during synchronizing profiles.
2025-07-17 18:35:10.811 [info] Sync done. Took 434ms
2025-07-17 18:36:12.324 [info] [AutoSync] Triggered by Activity
2025-07-17 18:36:12.324 [info] Sync started.
2025-07-17 18:36:12.471 [info] Settings: No changes found during synchronizing settings.
2025-07-17 18:36:12.475 [info] Keybindings: No changes found during synchronizing keybindings.
2025-07-17 18:36:12.478 [info] Snippets: No changes found during synchronizing snippets.
2025-07-17 18:36:12.483 [info] Tasks: No changes found during synchronizing tasks.
2025-07-17 18:36:12.491 [info] GlobalState: No changes found during synchronizing ui state.
2025-07-17 18:36:12.598 [info] Extensions: No changes found during synchronizing extensions.
2025-07-17 18:36:12.601 [info] Prompts: No changes found during synchronizing prompts.
2025-07-17 18:36:12.602 [info] Profiles: No changes found during synchronizing profiles.
2025-07-17 18:36:12.604 [info] Sync done. Took 282ms
2025-07-17 18:41:07.675 [info] [AutoSync] Triggered by Activity
2025-07-17 18:41:07.676 [info] Sync started.
2025-07-17 18:41:07.977 [info] Settings: No changes found during synchronizing settings.
2025-07-17 18:41:07.980 [info] Keybindings: No changes found during synchronizing keybindings.
2025-07-17 18:41:07.984 [info] Snippets: No changes found during synchronizing snippets.
2025-07-17 18:41:07.987 [info] Tasks: No changes found during synchronizing tasks.
2025-07-17 18:41:07.994 [info] GlobalState: No changes found during synchronizing ui state.
2025-07-17 18:41:08.098 [info] Extensions: No changes found during synchronizing extensions.
2025-07-17 18:41:08.102 [info] Prompts: No changes found during synchronizing prompts.
2025-07-17 18:41:08.104 [info] Profiles: No changes found during synchronizing profiles.
2025-07-17 18:41:08.106 [info] Sync done. Took 431ms
2025-07-17 18:43:09.743 [info] [AutoSync] Triggered by Activity
2025-07-17 18:43:09.744 [info] Sync started.
2025-07-17 18:43:09.851 [info] Settings: No changes found during synchronizing settings.
2025-07-17 18:43:09.855 [info] Keybindings: No changes found during synchronizing keybindings.
2025-07-17 18:43:09.860 [info] Snippets: No changes found during synchronizing snippets.
2025-07-17 18:43:09.863 [info] Tasks: No changes found during synchronizing tasks.
2025-07-17 18:43:09.871 [info] GlobalState: No changes found during synchronizing ui state.
2025-07-17 18:43:09.984 [info] Extensions: No changes found during synchronizing extensions.
2025-07-17 18:43:09.988 [info] Prompts: No changes found during synchronizing prompts.
2025-07-17 18:43:09.989 [info] Profiles: No changes found during synchronizing profiles.
2025-07-17 18:43:09.992 [info] Sync done. Took 250ms
2025-07-17 18:48:10.024 [info] [AutoSync] Triggered by Interval
2025-07-17 18:48:10.024 [info] Sync started.
2025-07-17 18:48:10.372 [info] Settings: No changes found during synchronizing settings.
2025-07-17 18:48:10.375 [info] Keybindings: No changes found during synchronizing keybindings.
2025-07-17 18:48:10.378 [info] Snippets: No changes found during synchronizing snippets.
2025-07-17 18:48:10.380 [info] Tasks: No changes found during synchronizing tasks.
2025-07-17 18:48:10.385 [info] GlobalState: No changes found during synchronizing ui state.
2025-07-17 18:48:10.467 [info] Extensions: No changes found during synchronizing extensions.
2025-07-17 18:48:10.481 [info] Prompts: No changes found during synchronizing prompts.
2025-07-17 18:48:10.482 [info] Profiles: No changes found during synchronizing profiles.
2025-07-17 18:48:10.484 [info] Sync done. Took 461ms
2025-07-17 18:48:38.780 [info] [AutoSync] Triggered by Activity
2025-07-17 18:48:38.780 [info] Sync started.
2025-07-17 18:48:38.877 [info] Settings: No changes found during synchronizing settings.
2025-07-17 18:48:38.883 [info] Keybindings: No changes found during synchronizing keybindings.
2025-07-17 18:48:38.887 [info] Snippets: No changes found during synchronizing snippets.
2025-07-17 18:48:38.890 [info] Tasks: No changes found during synchronizing tasks.
2025-07-17 18:48:38.896 [info] GlobalState: No changes found during synchronizing ui state.
2025-07-17 18:48:38.995 [info] Extensions: No changes found during synchronizing extensions.
2025-07-17 18:48:39.004 [info] Prompts: No changes found during synchronizing prompts.
2025-07-17 18:48:39.005 [info] Profiles: No changes found during synchronizing profiles.
2025-07-17 18:48:39.007 [info] Sync done. Took 228ms
2025-07-17 18:49:26.867 [info] [AutoSync] Triggered by Activity
2025-07-17 18:49:26.868 [info] Sync started.
2025-07-17 18:49:26.959 [info] Settings: No changes found during synchronizing settings.
2025-07-17 18:49:26.962 [info] Keybindings: No changes found during synchronizing keybindings.
2025-07-17 18:49:26.966 [info] Snippets: No changes found during synchronizing snippets.
2025-07-17 18:49:26.969 [info] Tasks: No changes found during synchronizing tasks.
2025-07-17 18:49:26.978 [info] GlobalState: No changes found during synchronizing ui state.
2025-07-17 18:49:27.059 [info] Extensions: No changes found during synchronizing extensions.
2025-07-17 18:49:27.063 [info] Prompts: No changes found during synchronizing prompts.
2025-07-17 18:49:27.064 [info] Profiles: No changes found during synchronizing profiles.
2025-07-17 18:49:27.066 [info] Sync done. Took 200ms
2025-07-17 18:51:18.971 [info] [AutoSync] Triggered by Activity
2025-07-17 18:51:18.971 [info] Sync started.
2025-07-17 18:51:19.083 [info] Settings: No changes found during synchronizing settings.
2025-07-17 18:51:19.088 [info] Keybindings: No changes found during synchronizing keybindings.
2025-07-17 18:51:19.093 [info] Snippets: No changes found during synchronizing snippets.
2025-07-17 18:51:19.097 [info] Tasks: No changes found during synchronizing tasks.
2025-07-17 18:51:19.104 [info] GlobalState: No changes found during synchronizing ui state.
2025-07-17 18:51:19.209 [info] Extensions: No changes found during synchronizing extensions.
2025-07-17 18:51:19.212 [info] Prompts: No changes found during synchronizing prompts.
2025-07-17 18:51:19.213 [info] Profiles: No changes found during synchronizing profiles.
2025-07-17 18:51:19.215 [info] Sync done. Took 245ms
