2025-07-16 23:11:17.316 [info] Reading sessions from keychain...
2025-07-16 23:11:17.316 [info] Getting sessions for all scopes...
2025-07-16 23:11:17.606 [info] Got stored sessions!
2025-07-16 23:11:17.606 [info] Got 1 verified sessions.
2025-07-16 23:11:17.606 [info] Got 1 sessions for ...
2025-07-16 23:11:18.223 [info] Getting sessions for all scopes...
2025-07-16 23:11:18.223 [info] Got 1 sessions for ...
2025-07-16 23:11:18.994 [info] Getting sessions for user:email...
2025-07-16 23:11:18.994 [info] Got 1 sessions for user:email...
2025-07-16 23:11:20.196 [info] Getting sessions for all scopes...
2025-07-16 23:11:20.196 [info] Got 1 sessions for ...
2025-07-16 23:11:31.484 [info] Reading sessions from keychain...
2025-07-16 23:11:31.484 [info] Getting sessions for all scopes...
2025-07-16 23:11:31.484 [info] Getting sessions for all scopes...
2025-07-16 23:11:31.484 [info] Getting sessions for all scopes...
2025-07-16 23:11:31.484 [info] Getting sessions for user:email...
2025-07-16 23:11:31.484 [info] Got stored sessions!
2025-07-16 23:11:31.484 [info] Got 1 verified sessions.
2025-07-16 23:11:31.484 [info] Got 1 sessions for ...
2025-07-16 23:11:31.484 [info] Got 1 sessions for ...
2025-07-16 23:11:31.484 [info] Got 1 sessions for ...
2025-07-16 23:11:31.484 [info] Got 1 sessions for user:email...
2025-07-16 23:13:50.016 [info] Reading sessions from keychain...
2025-07-16 23:13:50.016 [info] Getting sessions for all scopes...
2025-07-16 23:13:50.016 [info] Getting sessions for all scopes...
2025-07-16 23:13:50.016 [info] Getting sessions for all scopes...
2025-07-16 23:13:50.016 [info] Getting sessions for user:email...
2025-07-16 23:13:50.016 [info] Got stored sessions!
2025-07-16 23:13:50.016 [info] Got 1 verified sessions.
2025-07-16 23:13:50.016 [info] Got 1 sessions for ...
2025-07-16 23:13:50.016 [info] Got 1 sessions for ...
2025-07-16 23:13:50.016 [info] Got 1 sessions for ...
2025-07-16 23:13:50.016 [info] Got 1 sessions for user:email...
