2025-07-26 20:57:34.703 [warning] Via 'product.json#extensionEnabledApiProposals' extension 'ms-vsliveshare.vsliveshare' wants API proposal 'notebookCellExecutionState' but that proposal DOES NOT EXIST. Likely, the proposal has been finalized (check 'vscode.d.ts') or was abandoned.
2025-07-26 20:57:34.736 [warning] Via 'product.json#extensionEnabledApiProposals' extension 'ms-python.gather' wants API proposal 'notebookCellExecutionState' but that proposal DOES NOT EXIST. Likely, the proposal has been finalized (check 'vscode.d.ts') or was abandoned.
2025-07-26 20:57:34.736 [warning] Via 'product.json#extensionEnabledApiProposals' extension 'ms-python.vscode-pylance' wants API proposal 'mcpConfigurationProvider' but that proposal DOES NOT EXIST. Likely, the proposal has been finalized (check 'vscode.d.ts') or was abandoned.
2025-07-26 20:57:35.845 [info] Started local extension host with pid 4860.
2025-07-26 20:57:36.379 [error] Extension 'ms-python.vscode-pylance' wants API proposal 'mcpConfigurationProvider' but that proposal DOES NOT EXIST. Likely, the proposal has been finalized (check 'vscode.d.ts') or was abandoned.
2025-07-26 20:57:36.450 [warning] [REditorSupport.r]: Cannot register 'r.rpath.windows'. This property is already registered.
2025-07-26 20:57:36.450 [warning] [REditorSupport.r]: Cannot register 'r.rpath.mac'. This property is already registered.
2025-07-26 20:57:36.451 [warning] [REditorSupport.r]: Cannot register 'r.rpath.linux'. This property is already registered.
2025-07-26 20:57:38.129 [error] [Extension Host] (node:4860) [DEP0040] DeprecationWarning: The `punycode` module is deprecated. Please use a userland alternative instead.
(Use `exe --trace-deprecation ...` to show where the warning was created)
2025-07-26 20:57:38.457 [info] Settings Sync: Account status changed from uninitialized to available
2025-07-26 20:57:39.248 [info] Auto updating outdated extensions. ms-python.python, ms-python.vscode-pylance
2025-07-26 20:57:39.640 [info] [perf] Render performance baseline is 16ms
2025-07-26 20:57:39.672 [info] Auto updating outdated extensions. ms-python.python, ms-python.vscode-pylance
2025-07-26 20:58:06.427 [warning] Via 'product.json#extensionEnabledApiProposals' extension 'ms-vsliveshare.vsliveshare' wants API proposal 'notebookCellExecutionState' but that proposal DOES NOT EXIST. Likely, the proposal has been finalized (check 'vscode.d.ts') or was abandoned.
2025-07-26 20:58:06.428 [warning] Via 'product.json#extensionEnabledApiProposals' extension 'ms-python.gather' wants API proposal 'notebookCellExecutionState' but that proposal DOES NOT EXIST. Likely, the proposal has been finalized (check 'vscode.d.ts') or was abandoned.
2025-07-26 20:58:06.428 [warning] Via 'product.json#extensionEnabledApiProposals' extension 'ms-python.vscode-pylance' wants API proposal 'mcpConfigurationProvider' but that proposal DOES NOT EXIST. Likely, the proposal has been finalized (check 'vscode.d.ts') or was abandoned.
2025-07-26 20:58:06.883 [info] ChatSessionStore: Migrating 0 chat sessions from storage service to file system
2025-07-26 20:58:07.272 [info] Started local extension host with pid 5372.
2025-07-26 20:58:08.761 [info] Settings Sync: Account status changed from uninitialized to available
2025-07-26 20:58:09.747 [info] [perf] Render performance baseline is 22ms
2025-07-26 20:58:13.921 [warning] [REditorSupport.r]: Cannot register 'r.rpath.windows'. This property is already registered.
2025-07-26 20:58:13.921 [warning] [REditorSupport.r]: Cannot register 'r.rpath.mac'. This property is already registered.
2025-07-26 20:58:13.922 [warning] [REditorSupport.r]: Cannot register 'r.rpath.linux'. This property is already registered.
2025-07-26 20:58:15.299 [error] [Extension Host] (node:5372) [DEP0040] DeprecationWarning: The `punycode` module is deprecated. Please use a userland alternative instead.
(Use `exe --trace-deprecation ...` to show where the warning was created)
