2025-07-17 18:00:41.736 [info] [main] Log level: Info
2025-07-17 18:00:41.736 [info] [main] Validating found git in: "git"
2025-07-17 18:00:41.736 [info] [main] Using git "2.50.1" from "git"
2025-07-17 18:00:41.736 [info] [Model][doInitialScan] Initial repository scan started
2025-07-17 18:00:41.736 [info] > git rev-parse --show-toplevel [95ms]
2025-07-17 18:00:41.736 [info] [Model][doInitialScan] Initial repository scan completed - repositories (0), closed repositories (0), parent repositories (1), unsafe repositories (0)
2025-07-17 18:00:41.742 [info] > git rev-parse --show-toplevel [8ms]
2025-07-17 18:00:41.767 [info] > git rev-parse --show-toplevel [9ms]
2025-07-17 18:00:41.816 [info] > git rev-parse --show-toplevel [34ms]
2025-07-17 18:00:42.341 [info] > git rev-parse --show-toplevel [5ms]
2025-07-17 18:00:44.467 [info] > git rev-parse --show-toplevel [34ms]
2025-07-17 18:05:27.460 [info] > git rev-parse --show-toplevel [6ms]
2025-07-17 18:05:32.784 [info] > git rev-parse --show-toplevel [5ms]
2025-07-17 18:05:46.269 [info] > git rev-parse --show-toplevel [7ms]
2025-07-17 18:05:53.549 [info] > git rev-parse --show-toplevel [9ms]
2025-07-17 18:06:03.152 [info] > git rev-parse --show-toplevel [6ms]
2025-07-17 18:06:07.677 [info] > git rev-parse --show-toplevel [6ms]
2025-07-17 18:06:09.359 [info] > git rev-parse --show-toplevel [6ms]
2025-07-17 18:06:13.250 [info] > git rev-parse --show-toplevel [5ms]
2025-07-17 18:06:14.385 [info] > git rev-parse --show-toplevel [6ms]
