2025-07-16 22:11:53.343 [info] Extension host with pid 8636 started
2025-07-16 22:11:53.343 [info] Skipping acquiring lock for /home/alexey/.config/Code/User/workspaceStorage/7872908982aeac6d3f5d1253ae83dad4.
2025-07-16 22:11:53.391 [info] ExtensionService#_doActivateExtension vscode.github-authentication, startup: false, activationEvent: 'onAuthenticationRequest:github-enterprise'
2025-07-16 22:11:53.568 [info] ExtensionService#_doActivateExtension vscode.git-base, startup: true, activationEvent: '*', root cause: vscode.git
2025-07-16 22:11:53.570 [info] ExtensionService#_doActivateExtension formulahendry.auto-rename-tag, startup: true, activationEvent: '*'
2025-07-16 22:11:53.655 [info] ExtensionService#_doActivateExtension kamikillerto.vscode-colorize, startup: true, activationEvent: '*'
2025-07-16 22:11:53.741 [info] ExtensionService#_doActivateExtension mhutchie.git-graph, startup: true, activationEvent: '*'
2025-07-16 22:11:53.772 [info] ExtensionService#_doActivateExtension Zignd.html-css-class-completion, startup: true, activationEvent: '*'
2025-07-16 22:11:54.144 [info] ExtensionService#_doActivateExtension vscode.git, startup: true, activationEvent: '*'
2025-07-16 22:11:54.236 [info] ExtensionService#_doActivateExtension vscode.github, startup: true, activationEvent: '*'
2025-07-16 22:11:54.542 [info] Eager extensions activated
2025-07-16 22:11:54.543 [info] ExtensionService#_doActivateExtension vscode.configuration-editing, startup: false, activationEvent: 'onLanguage:jsonc'
2025-07-16 22:11:54.559 [info] ExtensionService#_doActivateExtension vscode.json-language-features, startup: false, activationEvent: 'onLanguage:jsonc'
2025-07-16 22:11:54.664 [info] ExtensionService#_doActivateExtension vscode.typescript-language-features, startup: false, activationEvent: 'onLanguage:jsonc'
2025-07-16 22:11:54.745 [info] ExtensionService#_doActivateExtension vscode.emmet, startup: false, activationEvent: 'onLanguage'
2025-07-16 22:11:54.787 [info] ExtensionService#_doActivateExtension vscode.debug-auto-launch, startup: false, activationEvent: 'onStartupFinished'
2025-07-16 22:11:54.791 [info] ExtensionService#_doActivateExtension vscode.merge-conflict, startup: false, activationEvent: 'onStartupFinished'
2025-07-16 22:11:54.818 [info] ExtensionService#_doActivateExtension aaron-bond.better-comments, startup: false, activationEvent: 'onStartupFinished'
2025-07-16 22:11:54.826 [info] ExtensionService#_doActivateExtension bierner.color-info, startup: false, activationEvent: 'onStartupFinished'
2025-07-16 22:11:54.836 [info] ExtensionService#_doActivateExtension bradlc.vscode-tailwindcss, startup: false, activationEvent: 'onStartupFinished'
2025-07-16 22:11:54.895 [info] ExtensionService#_doActivateExtension ecmel.vscode-html-css, startup: false, activationEvent: 'onStartupFinished'
2025-07-16 22:11:54.897 [info] ExtensionService#_doActivateExtension esbenp.prettier-vscode, startup: false, activationEvent: 'onStartupFinished'
2025-07-16 22:11:55.019 [info] ExtensionService#_doActivateExtension formulahendry.code-runner, startup: false, activationEvent: 'onStartupFinished'
2025-07-16 22:11:55.046 [info] ExtensionService#_doActivateExtension GitByBit.gitbybit, startup: false, activationEvent: 'onStartupFinished'
2025-07-16 22:11:55.048 [info] ExtensionService#_doActivateExtension Gruntfuggly.todo-tree, startup: false, activationEvent: 'onStartupFinished'
2025-07-16 22:11:55.100 [info] ExtensionService#_doActivateExtension kingleo.openurl, startup: false, activationEvent: 'onStartupFinished'
2025-07-16 22:11:55.101 [info] ExtensionService#_doActivateExtension ms-vscode-remote.remote-wsl, startup: false, activationEvent: 'onStartupFinished'
2025-07-16 22:11:55.269 [info] ExtensionService#_doActivateExtension naumovs.color-highlight, startup: false, activationEvent: 'onStartupFinished'
2025-07-16 22:11:55.278 [info] ExtensionService#_doActivateExtension PKief.material-icon-theme, startup: false, activationEvent: 'onStartupFinished'
2025-07-16 22:11:55.295 [info] ExtensionService#_doActivateExtension ritwickdey.LiveServer, startup: false, activationEvent: 'onStartupFinished'
2025-07-16 22:11:55.302 [info] ExtensionService#_doActivateExtension usernamehw.errorlens, startup: false, activationEvent: 'onStartupFinished'
2025-07-16 22:12:05.836 [info] ExtensionService#_doActivateExtension vscode.extension-editing, startup: false, activationEvent: 'onLanguage:markdown'
2025-07-16 22:12:05.866 [info] ExtensionService#_doActivateExtension vscode.markdown-language-features, startup: false, activationEvent: 'onLanguage:markdown'
2025-07-16 22:12:06.034 [info] ExtensionService#_doActivateExtension shd101wyy.markdown-preview-enhanced, startup: false, activationEvent: 'onLanguage:markdown'
2025-07-16 22:12:08.281 [info] ExtensionService#_doActivateExtension vscode.markdown-math, startup: false, activationEvent: 'api', root cause: vscode.markdown-language-features
2025-07-16 22:12:16.580 [info] ExtensionService#_doActivateExtension mechatroner.rainbow-csv, startup: false, activationEvent: 'onLanguage:plaintext'
2025-07-16 22:12:36.248 [info] ExtensionService#_doActivateExtension HenryTsz.nvim, startup: false, activationEvent: 'onStartupFinished'
2025-07-16 22:12:37.463 [error] Error: ENOENT: no such file or directory, open '/home/alexey/.config/Code/User/globalStorage/henrytsz.nvim/.registers'
2025-07-16 22:37:32.210 [warning] TextEditor is closed/disposed
2025-07-16 22:37:32.210 [warning] TextEditor is closed/disposed
2025-07-16 23:08:49.485 [info] Extension host terminating: renderer closed the MessagePort
2025-07-16 23:08:49.549 [error] An error occurred when disposing the subscriptions for extension 'Gruntfuggly.todo-tree':
2025-07-16 23:08:49.550 [error] AggregateError: Encountered errors while disposing of store
    at xr (file:///var/lib/snapd/snap/code/198/usr/share/code/resources/app/out/vs/workbench/api/node/extensionHostProcess.js:25:822)
    at file:///var/lib/snapd/snap/code/198/usr/share/code/resources/app/out/vs/workbench/api/node/extensionHostProcess.js:124:15046
    at file:///var/lib/snapd/snap/code/198/usr/share/code/resources/app/out/vs/workbench/api/node/extensionHostProcess.js:25:1056
    at Object.dispose (file:///var/lib/snapd/snap/code/198/usr/share/code/resources/app/out/vs/workbench/api/node/extensionHostProcess.js:8:705)
    at yY.eb (file:///var/lib/snapd/snap/code/198/usr/share/code/resources/app/out/vs/workbench/api/node/extensionHostProcess.js:124:11919)
    at file:///var/lib/snapd/snap/code/198/usr/share/code/resources/app/out/vs/workbench/api/node/extensionHostProcess.js:124:9874
    at Array.map (<anonymous>)
    at yY.$ (file:///var/lib/snapd/snap/code/198/usr/share/code/resources/app/out/vs/workbench/api/node/extensionHostProcess.js:124:9862)
    at yY.terminate (file:///var/lib/snapd/snap/code/198/usr/share/code/resources/app/out/vs/workbench/api/node/extensionHostProcess.js:124:10105)
    at zA.terminate (file:///var/lib/snapd/snap/code/198/usr/share/code/resources/app/out/vs/workbench/api/node/extensionHostProcess.js:126:914)
    at gs (file:///var/lib/snapd/snap/code/198/usr/share/code/resources/app/out/vs/workbench/api/node/extensionHostProcess.js:361:5228)
    at MessagePortMain.<anonymous> (file:///var/lib/snapd/snap/code/198/usr/share/code/resources/app/out/vs/workbench/api/node/extensionHostProcess.js:361:1775)
    at MessagePortMain.emit (node:events:518:28)
    at Object.MessagePortMain._internalPort.emit (node:electron/js2c/utility_init:2:3073)
2025-07-16 23:08:49.573 [info] Extension host with pid 8636 exiting with code 0
2025-07-16 23:08:50.879 [info] Extension host with pid 16476 started
2025-07-16 23:08:50.880 [info] Skipping acquiring lock for /home/alexey/.config/Code/User/workspaceStorage/7872908982aeac6d3f5d1253ae83dad4.
2025-07-16 23:08:50.916 [info] ExtensionService#_doActivateExtension vscode.github-authentication, startup: false, activationEvent: 'onAuthenticationRequest:github-enterprise'
2025-07-16 23:08:50.970 [info] ExtensionService#_doActivateExtension vscode.configuration-editing, startup: false, activationEvent: 'onLanguage:jsonc'
2025-07-16 23:08:50.986 [info] ExtensionService#_doActivateExtension vscode.json-language-features, startup: false, activationEvent: 'onLanguage:jsonc'
2025-07-16 23:08:51.094 [info] ExtensionService#_doActivateExtension vscode.typescript-language-features, startup: false, activationEvent: 'onLanguage:jsonc'
2025-07-16 23:08:51.189 [info] ExtensionService#_doActivateExtension vscode.emmet, startup: false, activationEvent: 'onLanguage'
2025-07-16 23:08:51.219 [info] ExtensionService#_doActivateExtension ecmel.vscode-html-css, startup: false, activationEvent: 'onCommand:vscode-html-css.validate'
2025-07-16 23:08:51.222 [info] ExtensionService#_doActivateExtension vscode.extension-editing, startup: false, activationEvent: 'onLanguage:markdown'
2025-07-16 23:08:51.246 [info] ExtensionService#_doActivateExtension vscode.markdown-language-features, startup: false, activationEvent: 'onLanguage:markdown'
2025-07-16 23:08:51.393 [info] ExtensionService#_doActivateExtension shd101wyy.markdown-preview-enhanced, startup: false, activationEvent: 'onLanguage:markdown'
2025-07-16 23:08:52.970 [info] ExtensionService#_doActivateExtension mechatroner.rainbow-csv, startup: false, activationEvent: 'onLanguage:plaintext'
2025-07-16 23:08:52.977 [info] ExtensionService#_doActivateExtension vscode.git-base, startup: false, activationEvent: '*', root cause: vscode.git
2025-07-16 23:08:52.981 [info] ExtensionService#_doActivateExtension formulahendry.auto-rename-tag, startup: false, activationEvent: '*'
2025-07-16 23:08:53.028 [info] ExtensionService#_doActivateExtension kamikillerto.vscode-colorize, startup: false, activationEvent: '*'
2025-07-16 23:08:53.107 [info] ExtensionService#_doActivateExtension mhutchie.git-graph, startup: false, activationEvent: '*'
2025-07-16 23:08:53.129 [info] ExtensionService#_doActivateExtension Zignd.html-css-class-completion, startup: false, activationEvent: '*'
2025-07-16 23:08:53.705 [info] ExtensionService#_doActivateExtension vscode.git, startup: false, activationEvent: '*'
2025-07-16 23:08:53.790 [info] ExtensionService#_doActivateExtension vscode.github, startup: false, activationEvent: '*'
2025-07-16 23:08:54.313 [info] Eager extensions activated
2025-07-16 23:08:54.320 [info] ExtensionService#_doActivateExtension vscode.debug-auto-launch, startup: false, activationEvent: 'onStartupFinished'
2025-07-16 23:08:54.324 [info] ExtensionService#_doActivateExtension vscode.merge-conflict, startup: false, activationEvent: 'onStartupFinished'
2025-07-16 23:08:54.358 [info] ExtensionService#_doActivateExtension aaron-bond.better-comments, startup: false, activationEvent: 'onStartupFinished'
2025-07-16 23:08:54.366 [info] ExtensionService#_doActivateExtension bierner.color-info, startup: false, activationEvent: 'onStartupFinished'
2025-07-16 23:08:54.376 [info] ExtensionService#_doActivateExtension bradlc.vscode-tailwindcss, startup: false, activationEvent: 'onStartupFinished'
2025-07-16 23:08:54.448 [info] ExtensionService#_doActivateExtension esbenp.prettier-vscode, startup: false, activationEvent: 'onStartupFinished'
2025-07-16 23:08:54.607 [info] ExtensionService#_doActivateExtension formulahendry.code-runner, startup: false, activationEvent: 'onStartupFinished'
2025-07-16 23:08:54.632 [info] ExtensionService#_doActivateExtension GitByBit.gitbybit, startup: false, activationEvent: 'onStartupFinished'
2025-07-16 23:08:54.638 [info] ExtensionService#_doActivateExtension Gruntfuggly.todo-tree, startup: false, activationEvent: 'onStartupFinished'
2025-07-16 23:08:54.752 [info] ExtensionService#_doActivateExtension kingleo.openurl, startup: false, activationEvent: 'onStartupFinished'
2025-07-16 23:08:54.755 [info] ExtensionService#_doActivateExtension ms-vscode-remote.remote-wsl, startup: false, activationEvent: 'onStartupFinished'
2025-07-16 23:08:54.963 [info] ExtensionService#_doActivateExtension naumovs.color-highlight, startup: false, activationEvent: 'onStartupFinished'
2025-07-16 23:08:54.976 [info] ExtensionService#_doActivateExtension PKief.material-icon-theme, startup: false, activationEvent: 'onStartupFinished'
2025-07-16 23:08:55.001 [info] ExtensionService#_doActivateExtension ritwickdey.LiveServer, startup: false, activationEvent: 'onStartupFinished'
2025-07-16 23:08:55.009 [info] ExtensionService#_doActivateExtension usernamehw.errorlens, startup: false, activationEvent: 'onStartupFinished'
2025-07-16 23:09:06.387 [info] ExtensionService#_doActivateExtension vscode.markdown-math, startup: false, activationEvent: 'api', root cause: vscode.markdown-language-features
2025-07-16 23:09:06.659 [info] ExtensionService#_doActivateExtension HenryTsz.nvim, startup: false, activationEvent: 'onStartupFinished'
2025-07-16 23:09:32.198 [info] ExtensionService#_doActivateExtension lancewilhelm.nvim-dashboard, startup: false, activationEvent: '*'
2025-07-16 23:10:04.979 [info] ExtensionService#_doActivateExtension wrathcodes.nvim-ui-plus, startup: false, activationEvent: '*'
2025-07-16 23:10:33.281 [info] Extension host terminating: renderer closed the MessagePort
2025-07-16 23:10:33.321 [error] An error occurred when disposing the subscriptions for extension 'Gruntfuggly.todo-tree':
2025-07-16 23:10:33.322 [error] AggregateError: Encountered errors while disposing of store
    at xr (file:///var/lib/snapd/snap/code/198/usr/share/code/resources/app/out/vs/workbench/api/node/extensionHostProcess.js:25:822)
    at file:///var/lib/snapd/snap/code/198/usr/share/code/resources/app/out/vs/workbench/api/node/extensionHostProcess.js:124:15046
    at file:///var/lib/snapd/snap/code/198/usr/share/code/resources/app/out/vs/workbench/api/node/extensionHostProcess.js:25:1056
    at Object.dispose (file:///var/lib/snapd/snap/code/198/usr/share/code/resources/app/out/vs/workbench/api/node/extensionHostProcess.js:8:705)
    at yY.eb (file:///var/lib/snapd/snap/code/198/usr/share/code/resources/app/out/vs/workbench/api/node/extensionHostProcess.js:124:11919)
    at file:///var/lib/snapd/snap/code/198/usr/share/code/resources/app/out/vs/workbench/api/node/extensionHostProcess.js:124:9874
    at Array.map (<anonymous>)
    at yY.$ (file:///var/lib/snapd/snap/code/198/usr/share/code/resources/app/out/vs/workbench/api/node/extensionHostProcess.js:124:9862)
    at yY.terminate (file:///var/lib/snapd/snap/code/198/usr/share/code/resources/app/out/vs/workbench/api/node/extensionHostProcess.js:124:10105)
    at zA.terminate (file:///var/lib/snapd/snap/code/198/usr/share/code/resources/app/out/vs/workbench/api/node/extensionHostProcess.js:126:914)
    at gs (file:///var/lib/snapd/snap/code/198/usr/share/code/resources/app/out/vs/workbench/api/node/extensionHostProcess.js:361:5228)
    at MessagePortMain.<anonymous> (file:///var/lib/snapd/snap/code/198/usr/share/code/resources/app/out/vs/workbench/api/node/extensionHostProcess.js:361:1775)
    at MessagePortMain.emit (node:events:518:28)
    at Object.MessagePortMain._internalPort.emit (node:electron/js2c/utility_init:2:3073)
2025-07-16 23:10:33.343 [info] Extension host with pid 16476 exiting with code 0
2025-07-16 23:10:34.463 [info] Extension host with pid 16890 started
2025-07-16 23:10:34.463 [info] Skipping acquiring lock for /home/alexey/.config/Code/User/workspaceStorage/7872908982aeac6d3f5d1253ae83dad4.
2025-07-16 23:10:34.502 [info] ExtensionService#_doActivateExtension vscode.github-authentication, startup: false, activationEvent: 'onAuthenticationRequest:github-enterprise'
2025-07-16 23:10:34.553 [info] ExtensionService#_doActivateExtension vscode.configuration-editing, startup: false, activationEvent: 'onLanguage:jsonc'
2025-07-16 23:10:34.568 [info] ExtensionService#_doActivateExtension vscode.json-language-features, startup: false, activationEvent: 'onLanguage:jsonc'
2025-07-16 23:10:34.674 [info] ExtensionService#_doActivateExtension vscode.typescript-language-features, startup: false, activationEvent: 'onLanguage:jsonc'
2025-07-16 23:10:34.774 [info] ExtensionService#_doActivateExtension vscode.emmet, startup: false, activationEvent: 'onLanguage'
2025-07-16 23:10:34.808 [info] ExtensionService#_doActivateExtension ecmel.vscode-html-css, startup: false, activationEvent: 'onCommand:vscode-html-css.validate'
2025-07-16 23:10:34.812 [info] ExtensionService#_doActivateExtension vscode.extension-editing, startup: false, activationEvent: 'onLanguage:markdown'
2025-07-16 23:10:34.838 [info] ExtensionService#_doActivateExtension vscode.markdown-language-features, startup: false, activationEvent: 'onLanguage:markdown'
2025-07-16 23:10:34.991 [info] ExtensionService#_doActivateExtension shd101wyy.markdown-preview-enhanced, startup: false, activationEvent: 'onLanguage:markdown'
2025-07-16 23:10:36.456 [info] ExtensionService#_doActivateExtension mechatroner.rainbow-csv, startup: false, activationEvent: 'onLanguage:plaintext'
2025-07-16 23:10:36.463 [info] ExtensionService#_doActivateExtension HenryTsz.nvim, startup: false, activationEvent: 'onCommand:type'
2025-07-16 23:10:36.637 [info] ExtensionService#_doActivateExtension vscode.git-base, startup: false, activationEvent: '*', root cause: vscode.git
2025-07-16 23:10:36.640 [info] ExtensionService#_doActivateExtension formulahendry.auto-rename-tag, startup: false, activationEvent: '*'
2025-07-16 23:10:36.687 [info] ExtensionService#_doActivateExtension kamikillerto.vscode-colorize, startup: false, activationEvent: '*'
2025-07-16 23:10:36.762 [info] ExtensionService#_doActivateExtension lancewilhelm.nvim-dashboard, startup: false, activationEvent: '*'
2025-07-16 23:10:36.766 [info] ExtensionService#_doActivateExtension mhutchie.git-graph, startup: false, activationEvent: '*'
2025-07-16 23:10:36.786 [info] ExtensionService#_doActivateExtension Zignd.html-css-class-completion, startup: false, activationEvent: '*'
2025-07-16 23:10:37.401 [info] ExtensionService#_doActivateExtension vscode.git, startup: false, activationEvent: '*'
2025-07-16 23:10:37.479 [info] ExtensionService#_doActivateExtension vscode.github, startup: false, activationEvent: '*'
2025-07-16 23:10:37.936 [info] Eager extensions activated
2025-07-16 23:10:37.947 [info] ExtensionService#_doActivateExtension vscode.debug-auto-launch, startup: false, activationEvent: 'onStartupFinished'
2025-07-16 23:10:37.951 [info] ExtensionService#_doActivateExtension vscode.merge-conflict, startup: false, activationEvent: 'onStartupFinished'
2025-07-16 23:10:37.986 [info] ExtensionService#_doActivateExtension aaron-bond.better-comments, startup: false, activationEvent: 'onStartupFinished'
2025-07-16 23:10:37.992 [info] ExtensionService#_doActivateExtension bierner.color-info, startup: false, activationEvent: 'onStartupFinished'
2025-07-16 23:10:38.002 [info] ExtensionService#_doActivateExtension bradlc.vscode-tailwindcss, startup: false, activationEvent: 'onStartupFinished'
2025-07-16 23:10:38.067 [info] ExtensionService#_doActivateExtension esbenp.prettier-vscode, startup: false, activationEvent: 'onStartupFinished'
2025-07-16 23:10:38.208 [info] ExtensionService#_doActivateExtension formulahendry.code-runner, startup: false, activationEvent: 'onStartupFinished'
2025-07-16 23:10:38.229 [info] ExtensionService#_doActivateExtension GitByBit.gitbybit, startup: false, activationEvent: 'onStartupFinished'
2025-07-16 23:10:38.262 [info] ExtensionService#_doActivateExtension Gruntfuggly.todo-tree, startup: false, activationEvent: 'onStartupFinished'
2025-07-16 23:10:38.328 [info] ExtensionService#_doActivateExtension kingleo.openurl, startup: false, activationEvent: 'onStartupFinished'
2025-07-16 23:10:38.330 [info] ExtensionService#_doActivateExtension ms-vscode-remote.remote-wsl, startup: false, activationEvent: 'onStartupFinished'
2025-07-16 23:10:38.537 [info] ExtensionService#_doActivateExtension naumovs.color-highlight, startup: false, activationEvent: 'onStartupFinished'
2025-07-16 23:10:38.549 [info] ExtensionService#_doActivateExtension PKief.material-icon-theme, startup: false, activationEvent: 'onStartupFinished'
2025-07-16 23:10:38.572 [info] ExtensionService#_doActivateExtension ritwickdey.LiveServer, startup: false, activationEvent: 'onStartupFinished'
2025-07-16 23:10:38.580 [info] ExtensionService#_doActivateExtension usernamehw.errorlens, startup: false, activationEvent: 'onStartupFinished'
2025-07-16 23:11:01.499 [info] ExtensionService#_doActivateExtension vscode.markdown-math, startup: false, activationEvent: 'api', root cause: vscode.markdown-language-features
2025-07-16 23:11:07.081 [info] Extension host terminating: renderer closed the MessagePort
2025-07-16 23:11:07.124 [error] An error occurred when disposing the subscriptions for extension 'Gruntfuggly.todo-tree':
2025-07-16 23:11:07.125 [error] AggregateError: Encountered errors while disposing of store
    at xr (file:///var/lib/snapd/snap/code/198/usr/share/code/resources/app/out/vs/workbench/api/node/extensionHostProcess.js:25:822)
    at file:///var/lib/snapd/snap/code/198/usr/share/code/resources/app/out/vs/workbench/api/node/extensionHostProcess.js:124:15046
    at file:///var/lib/snapd/snap/code/198/usr/share/code/resources/app/out/vs/workbench/api/node/extensionHostProcess.js:25:1056
    at Object.dispose (file:///var/lib/snapd/snap/code/198/usr/share/code/resources/app/out/vs/workbench/api/node/extensionHostProcess.js:8:705)
    at yY.eb (file:///var/lib/snapd/snap/code/198/usr/share/code/resources/app/out/vs/workbench/api/node/extensionHostProcess.js:124:11919)
    at file:///var/lib/snapd/snap/code/198/usr/share/code/resources/app/out/vs/workbench/api/node/extensionHostProcess.js:124:9874
    at Array.map (<anonymous>)
    at yY.$ (file:///var/lib/snapd/snap/code/198/usr/share/code/resources/app/out/vs/workbench/api/node/extensionHostProcess.js:124:9862)
    at yY.terminate (file:///var/lib/snapd/snap/code/198/usr/share/code/resources/app/out/vs/workbench/api/node/extensionHostProcess.js:124:10105)
    at zA.terminate (file:///var/lib/snapd/snap/code/198/usr/share/code/resources/app/out/vs/workbench/api/node/extensionHostProcess.js:126:914)
    at gs (file:///var/lib/snapd/snap/code/198/usr/share/code/resources/app/out/vs/workbench/api/node/extensionHostProcess.js:361:5228)
    at MessagePortMain.<anonymous> (file:///var/lib/snapd/snap/code/198/usr/share/code/resources/app/out/vs/workbench/api/node/extensionHostProcess.js:361:1775)
    at MessagePortMain.emit (node:events:518:28)
    at Object.MessagePortMain._internalPort.emit (node:electron/js2c/utility_init:2:3073)
2025-07-16 23:11:07.144 [info] Extension host with pid 16890 exiting with code 0
