2025-07-26 20:57:38.692 [info] Reading sessions from keychain...
2025-07-26 20:57:38.692 [info] Getting sessions for all scopes...
2025-07-26 20:57:38.692 [info] Got stored sessions!
2025-07-26 20:57:38.692 [info] Got 1 verified sessions.
2025-07-26 20:57:38.692 [info] Got 1 sessions for ...
2025-07-26 20:57:38.692 [info] Getting sessions for all scopes...
2025-07-26 20:57:38.692 [info] Got 1 sessions for ...
2025-07-26 20:57:38.692 [info] Getting sessions for all scopes...
2025-07-26 20:57:38.692 [info] Got 1 sessions for ...
2025-07-26 20:57:38.692 [info] Getting sessions for user:email...
2025-07-26 20:57:38.692 [info] Got 1 sessions for user:email...
2025-07-26 20:57:38.692 [info] Getting sessions for all scopes...
2025-07-26 20:57:38.692 [info] Got 1 sessions for ...
2025-07-26 20:57:38.692 [info] Getting sessions for all scopes...
2025-07-26 20:57:38.692 [info] Got 1 sessions for ...
2025-07-26 20:57:38.692 [info] Getting sessions for all scopes...
2025-07-26 20:57:38.692 [info] Got 1 sessions for ...
2025-07-26 20:57:39.404 [info] Getting sessions for all scopes...
2025-07-26 20:57:39.404 [info] Got 1 sessions for ...
2025-07-26 20:58:08.490 [info] Reading sessions from keychain...
2025-07-26 20:58:08.490 [info] Getting sessions for all scopes...
2025-07-26 20:58:08.490 [info] Got stored sessions!
2025-07-26 20:58:08.490 [info] Got 1 verified sessions.
2025-07-26 20:58:08.490 [info] Got 1 sessions for ...
2025-07-26 20:58:08.490 [info] Getting sessions for all scopes...
2025-07-26 20:58:08.490 [info] Got 1 sessions for ...
2025-07-26 20:58:08.621 [info] Getting sessions for user:email...
2025-07-26 20:58:08.621 [info] Got 1 sessions for user:email...
2025-07-26 20:58:09.473 [info] Getting sessions for all scopes...
2025-07-26 20:58:09.473 [info] Got 1 sessions for ...
2025-07-26 20:58:09.473 [info] Getting sessions for all scopes...
2025-07-26 20:58:09.473 [info] Got 1 sessions for ...
2025-07-26 20:58:09.480 [info] Getting sessions for all scopes...
2025-07-26 20:58:09.480 [info] Got 1 sessions for ...
2025-07-26 20:58:13.900 [info] Getting sessions for all scopes...
2025-07-26 20:58:13.900 [info] Got 1 sessions for ...
2025-07-26 20:58:14.044 [info] Getting sessions for user:email...
2025-07-26 20:58:14.044 [info] Got 1 sessions for user:email...
2025-07-26 20:58:15.631 [info] Getting sessions for all scopes...
2025-07-26 20:58:15.631 [info] Got 1 sessions for ...
