2025-07-16 22:11:53.117 [info] ComputeTargetPlatform: linux-x64
2025-07-16 22:11:53.475 [info] Deleted marked for removal extension from disk ms-python.debugpy /home/alexey/.vscode/extensions/ms-python.debugpy-2025.8.0-linux-x64
2025-07-16 22:11:53.506 [info] Deleted marked for removal extension from disk ms-python.python /home/alexey/.vscode/extensions/ms-python.python-2025.8.1-linux-x64
2025-07-16 22:11:54.766 [info] ComputeTargetPlatform: linux-x64
2025-07-16 22:12:32.783 [info] Getting Manifest... henrytsz.nvim
2025-07-16 22:12:32.861 [info] Installing extension: henrytsz.nvim {"isMachineScoped":false,"installPreReleaseVersion":false,"pinned":false,"profileLocation":{"$mid":1,"external":"vscode-userdata:/home/alexey/.vscode/extensions/extensions.json","path":"/home/alexey/.vscode/extensions/extensions.json","scheme":"vscode-userdata"},"isApplicationScoped":false,"productVersion":{"version":"1.101.2","date":"2025-06-24T20:27:15.391Z"}}
2025-07-16 22:12:35.593 [info] Extension signature verification result for henrytsz.nvim: Success. Internal Code: 0. Executed: true. Duration: 1632ms.
2025-07-16 22:12:35.661 [info] Extracted extension to file:///home/alexey/.vscode/extensions/henrytsz.nvim-2.2.2: henrytsz.nvim
2025-07-16 22:12:35.668 [info] Renamed to /home/alexey/.vscode/extensions/henrytsz.nvim-2.2.2
2025-07-16 22:12:35.736 [info] Extension installed successfully: henrytsz.nvim vscode-userdata:/home/alexey/.vscode/extensions/extensions.json
2025-07-16 23:08:43.034 [info] Getting Manifest... julianiaquinandi.nvim-ui-modifier
2025-07-16 23:08:43.208 [info] Installing extension: julianiaquinandi.nvim-ui-modifier {"isMachineScoped":false,"installPreReleaseVersion":false,"pinned":false,"profileLocation":{"$mid":1,"external":"vscode-userdata:/home/alexey/.vscode/extensions/extensions.json","path":"/home/alexey/.vscode/extensions/extensions.json","scheme":"vscode-userdata"},"isApplicationScoped":false,"productVersion":{"version":"1.101.2","date":"2025-06-24T20:27:15.391Z"}}
2025-07-16 23:08:45.471 [info] Extension signature verification result for julianiaquinandi.nvim-ui-modifier: Success. Internal Code: 0. Executed: true. Duration: 1491ms.
2025-07-16 23:08:45.536 [info] Extracted extension to file:///home/alexey/.vscode/extensions/julianiaquinandi.nvim-ui-modifier-0.1.5: julianiaquinandi.nvim-ui-modifier
2025-07-16 23:08:45.546 [info] Renamed to /home/alexey/.vscode/extensions/julianiaquinandi.nvim-ui-modifier-0.1.5
2025-07-16 23:08:45.595 [info] Extension installed successfully: julianiaquinandi.nvim-ui-modifier vscode-userdata:/home/alexey/.vscode/extensions/extensions.json
2025-07-16 23:08:46.699 [info] Uninstalling extension from the profile: henrytsz.nvim@2.2.2 vscode-userdata:/home/alexey/.vscode/extensions/extensions.json
2025-07-16 23:08:46.767 [info] Marked extension as removed henrytsz.nvim-2.2.2
2025-07-16 23:08:47.020 [info] Successfully uninstalled extension from the profile henrytsz.nvim@2.2.2 vscode-userdata:/home/alexey/.vscode/extensions/extensions.json
2025-07-16 23:09:05.784 [info] Getting Manifest... henrytsz.nvim
2025-07-16 23:09:05.892 [info] Installing extension: henrytsz.nvim {"isMachineScoped":false,"installPreReleaseVersion":false,"pinned":false,"profileLocation":{"$mid":1,"external":"vscode-userdata:/home/alexey/.vscode/extensions/extensions.json","path":"/home/alexey/.vscode/extensions/extensions.json","scheme":"vscode-userdata"},"isApplicationScoped":false,"productVersion":{"version":"1.101.2","date":"2025-06-24T20:27:15.391Z"}}
2025-07-16 23:09:06.035 [info] Removed the extension from removed list: henrytsz.nvim
2025-07-16 23:09:06.170 [info] Extension installed successfully: henrytsz.nvim vscode-userdata:/home/alexey/.vscode/extensions/extensions.json
2025-07-16 23:09:27.613 [info] Getting Manifest... lancewilhelm.nvim-dashboard
2025-07-16 23:09:27.740 [info] Installing extension: lancewilhelm.nvim-dashboard {"isMachineScoped":false,"installPreReleaseVersion":false,"pinned":false,"profileLocation":{"$mid":1,"external":"vscode-userdata:/home/alexey/.vscode/extensions/extensions.json","path":"/home/alexey/.vscode/extensions/extensions.json","scheme":"vscode-userdata"},"isApplicationScoped":false,"productVersion":{"version":"1.101.2","date":"2025-06-24T20:27:15.391Z"}}
2025-07-16 23:09:31.817 [info] Extension signature verification result for lancewilhelm.nvim-dashboard: Success. Internal Code: 0. Executed: true. Duration: 1378ms.
2025-07-16 23:09:31.848 [info] Extracted extension to file:///home/alexey/.vscode/extensions/lancewilhelm.nvim-dashboard-0.1.4: lancewilhelm.nvim-dashboard
2025-07-16 23:09:31.856 [info] Renamed to /home/alexey/.vscode/extensions/lancewilhelm.nvim-dashboard-0.1.4
2025-07-16 23:09:31.916 [info] Extension installed successfully: lancewilhelm.nvim-dashboard vscode-userdata:/home/alexey/.vscode/extensions/extensions.json
2025-07-16 23:10:02.003 [info] Getting Manifest... wrathcodes.nvim-ui-plus
2025-07-16 23:10:02.112 [info] Installing extension: wrathcodes.nvim-ui-plus {"isMachineScoped":false,"installPreReleaseVersion":false,"pinned":false,"profileLocation":{"$mid":1,"external":"vscode-userdata:/home/alexey/.vscode/extensions/extensions.json","path":"/home/alexey/.vscode/extensions/extensions.json","scheme":"vscode-userdata"},"isApplicationScoped":false,"productVersion":{"version":"1.101.2","date":"2025-06-24T20:27:15.391Z"}}
2025-07-16 23:10:04.690 [info] Extension signature verification result for wrathcodes.nvim-ui-plus: Success. Internal Code: 0. Executed: true. Duration: 1388ms.
2025-07-16 23:10:04.709 [info] Extracted extension to file:///home/alexey/.vscode/extensions/wrathcodes.nvim-ui-plus-0.0.22: wrathcodes.nvim-ui-plus
2025-07-16 23:10:04.716 [info] Renamed to /home/alexey/.vscode/extensions/wrathcodes.nvim-ui-plus-0.0.22
2025-07-16 23:10:04.760 [info] Extension installed successfully: wrathcodes.nvim-ui-plus vscode-userdata:/home/alexey/.vscode/extensions/extensions.json
2025-07-16 23:10:29.928 [info] Uninstalling extension from the profile: wrathcodes.nvim-ui-plus@0.0.22 vscode-userdata:/home/alexey/.vscode/extensions/extensions.json
2025-07-16 23:10:30.004 [info] Marked extension as removed wrathcodes.nvim-ui-plus-0.0.22
2025-07-16 23:10:30.276 [info] Successfully uninstalled extension from the profile wrathcodes.nvim-ui-plus@0.0.22 vscode-userdata:/home/alexey/.vscode/extensions/extensions.json
2025-07-16 23:11:00.934 [info] Uninstalling extension from the profile: julianiaquinandi.nvim-ui-modifier@0.1.5 vscode-userdata:/home/alexey/.vscode/extensions/extensions.json
2025-07-16 23:11:01.015 [info] Marked extension as removed julianiaquinandi.nvim-ui-modifier-0.1.5
2025-07-16 23:11:01.228 [info] Successfully uninstalled extension from the profile julianiaquinandi.nvim-ui-modifier@0.1.5 vscode-userdata:/home/alexey/.vscode/extensions/extensions.json
