2025-07-16 22:11:52.787 [info] [AutoSync] Using settings sync service https://vscode-sync.trafficmanager.net/
2025-07-16 22:11:52.787 [info] [AutoSync] Enabled.
2025-07-16 22:11:52.787 [info] [AutoSync] Suspended until auth token is available.
2025-07-16 22:11:54.466 [info] [AutoSync] Triggered by Interval
2025-07-16 22:11:54.466 [info] Sync started.
2025-07-16 22:11:55.160 [info] Settings: No changes found during synchronizing settings.
2025-07-16 22:11:55.168 [info] Keybindings: No changes found during synchronizing keybindings.
2025-07-16 22:11:55.175 [info] Snippets: No changes found during synchronizing snippets.
2025-07-16 22:11:55.178 [info] Tasks: No changes found during synchronizing tasks.
2025-07-16 22:11:55.727 [info] GlobalState: Updated remote ui state. Updated: cpp.1.lastSessionDate,cpp.1.sessionCount,java.2.lastSessionDate,java.2.sessionCount,javascript.1.lastSessionDate,javascript.1.sessionCount,typescript.1.lastSessionDate,typescript.1.sessionCount,csharp.1.lastSessionDate,csharp.1.sessionCount.
2025-07-16 22:11:55.733 [info] GlobalState: Updated last synchronized ui state
2025-07-16 22:11:55.780 [info] Extensions: No changes found during synchronizing extensions.
2025-07-16 22:11:55.793 [info] Prompts: No changes found during synchronizing prompts.
2025-07-16 22:11:55.804 [info] Profiles: No changes found during synchronizing profiles.
2025-07-16 22:11:55.819 [info] Sync done. Took 1355ms
2025-07-16 22:12:06.209 [info] [AutoSync] Triggered by Activity
2025-07-16 22:12:06.210 [info] Sync started.
2025-07-16 22:12:06.307 [info] Settings: No changes found during synchronizing settings.
2025-07-16 22:12:06.310 [info] Keybindings: No changes found during synchronizing keybindings.
2025-07-16 22:12:06.314 [info] Snippets: No changes found during synchronizing snippets.
2025-07-16 22:12:06.319 [info] Tasks: No changes found during synchronizing tasks.
2025-07-16 22:12:06.332 [info] GlobalState: No changes found during synchronizing ui state.
2025-07-16 22:12:06.436 [info] Extensions: No changes found during synchronizing extensions.
2025-07-16 22:12:06.448 [info] Prompts: No changes found during synchronizing prompts.
2025-07-16 22:12:06.449 [info] Profiles: No changes found during synchronizing profiles.
2025-07-16 22:12:06.451 [info] Sync done. Took 242ms
2025-07-16 22:12:16.547 [info] [AutoSync] Triggered by Activity
2025-07-16 22:12:16.547 [info] Sync started.
2025-07-16 22:12:16.781 [info] Settings: No changes found during synchronizing settings.
2025-07-16 22:12:16.784 [info] Keybindings: No changes found during synchronizing keybindings.
2025-07-16 22:12:16.787 [info] Snippets: No changes found during synchronizing snippets.
2025-07-16 22:12:16.789 [info] Tasks: No changes found during synchronizing tasks.
2025-07-16 22:12:16.794 [info] GlobalState: No changes found during synchronizing ui state.
2025-07-16 22:12:16.869 [info] Extensions: No changes found during synchronizing extensions.
2025-07-16 22:12:16.872 [info] Prompts: No changes found during synchronizing prompts.
2025-07-16 22:12:16.874 [info] Profiles: No changes found during synchronizing profiles.
2025-07-16 22:12:16.875 [info] Sync done. Took 328ms
2025-07-16 22:12:33.057 [info] [AutoSync] Triggered by Activity
2025-07-16 22:12:33.057 [info] Sync started.
2025-07-16 22:12:33.184 [info] Settings: No changes found during synchronizing settings.
2025-07-16 22:12:33.188 [info] Keybindings: No changes found during synchronizing keybindings.
2025-07-16 22:12:33.191 [info] Snippets: No changes found during synchronizing snippets.
2025-07-16 22:12:33.194 [info] Tasks: No changes found during synchronizing tasks.
2025-07-16 22:12:33.684 [info] GlobalState: Updated remote ui state. Updated: extensions.trustedPublishers.
2025-07-16 22:12:33.691 [info] GlobalState: Updated last synchronized ui state
2025-07-16 22:12:33.759 [info] Extensions: No changes found during synchronizing extensions.
2025-07-16 22:12:33.765 [info] Prompts: No changes found during synchronizing prompts.
2025-07-16 22:12:33.766 [info] Profiles: No changes found during synchronizing profiles.
2025-07-16 22:12:33.770 [info] Sync done. Took 713ms
2025-07-16 22:12:38.854 [info] [AutoSync] Triggered by Activity
2025-07-16 22:12:38.855 [info] Sync started.
2025-07-16 22:12:39.022 [info] Settings: No changes found during synchronizing settings.
2025-07-16 22:12:39.025 [info] Keybindings: No changes found during synchronizing keybindings.
2025-07-16 22:12:39.028 [info] Snippets: No changes found during synchronizing snippets.
2025-07-16 22:12:39.031 [info] Tasks: No changes found during synchronizing tasks.
2025-07-16 22:12:39.036 [info] GlobalState: No changes found during synchronizing ui state.
2025-07-16 22:12:39.782 [info] Extensions: Updated remote extensions. Added: ["henrytsz.nvim"].
2025-07-16 22:12:39.787 [info] Extensions: Updated last synchronized extensions. Skipped: ["linjun.azure-sql-server-support"].
2025-07-16 22:12:39.793 [info] Prompts: No changes found during synchronizing prompts.
2025-07-16 22:12:39.795 [info] Profiles: No changes found during synchronizing profiles.
2025-07-16 22:12:39.797 [info] Sync done. Took 943ms
2025-07-16 22:13:35.947 [info] [AutoSync] Triggered by Activity
2025-07-16 22:13:35.948 [info] Sync started.
2025-07-16 22:13:36.050 [info] Settings: No changes found during synchronizing settings.
2025-07-16 22:13:36.053 [info] Keybindings: No changes found during synchronizing keybindings.
2025-07-16 22:13:36.057 [info] Snippets: No changes found during synchronizing snippets.
2025-07-16 22:13:36.061 [info] Tasks: No changes found during synchronizing tasks.
2025-07-16 22:13:36.068 [info] GlobalState: No changes found during synchronizing ui state.
2025-07-16 22:13:36.140 [info] Extensions: No changes found during synchronizing extensions.
2025-07-16 22:13:36.143 [info] Prompts: No changes found during synchronizing prompts.
2025-07-16 22:13:36.144 [info] Profiles: No changes found during synchronizing profiles.
2025-07-16 22:13:36.147 [info] Sync done. Took 200ms
2025-07-16 22:14:01.399 [info] [AutoSync] Triggered by Activity
2025-07-16 22:14:01.399 [info] Sync started.
2025-07-16 22:14:01.494 [info] Settings: No changes found during synchronizing settings.
2025-07-16 22:14:01.498 [info] Keybindings: No changes found during synchronizing keybindings.
2025-07-16 22:14:01.503 [info] Snippets: No changes found during synchronizing snippets.
2025-07-16 22:14:01.506 [info] Tasks: No changes found during synchronizing tasks.
2025-07-16 22:14:01.514 [info] GlobalState: No changes found during synchronizing ui state.
2025-07-16 22:14:01.592 [info] Extensions: No changes found during synchronizing extensions.
2025-07-16 22:14:01.596 [info] Prompts: No changes found during synchronizing prompts.
2025-07-16 22:14:01.598 [info] Profiles: No changes found during synchronizing profiles.
2025-07-16 22:14:01.600 [info] Sync done. Took 202ms
2025-07-16 22:14:12.069 [info] [AutoSync] Triggered by Activity
2025-07-16 22:14:12.069 [info] Sync started.
2025-07-16 22:14:12.151 [info] Settings: No changes found during synchronizing settings.
2025-07-16 22:14:12.155 [info] Keybindings: No changes found during synchronizing keybindings.
2025-07-16 22:14:12.160 [info] Snippets: No changes found during synchronizing snippets.
2025-07-16 22:14:12.162 [info] Tasks: No changes found during synchronizing tasks.
2025-07-16 22:14:12.170 [info] GlobalState: No changes found during synchronizing ui state.
2025-07-16 22:14:12.235 [info] Extensions: No changes found during synchronizing extensions.
2025-07-16 22:14:12.238 [info] Prompts: No changes found during synchronizing prompts.
2025-07-16 22:14:12.240 [info] Profiles: No changes found during synchronizing profiles.
2025-07-16 22:14:12.243 [info] Sync done. Took 174ms
2025-07-16 22:15:32.294 [info] [AutoSync] Triggered by Activity
2025-07-16 22:15:32.295 [info] Sync started.
2025-07-16 22:15:32.385 [info] Settings: No changes found during synchronizing settings.
2025-07-16 22:15:32.388 [info] Keybindings: No changes found during synchronizing keybindings.
2025-07-16 22:15:32.392 [info] Snippets: No changes found during synchronizing snippets.
2025-07-16 22:15:32.395 [info] Tasks: No changes found during synchronizing tasks.
2025-07-16 22:15:32.400 [info] GlobalState: No changes found during synchronizing ui state.
2025-07-16 22:15:32.475 [info] Extensions: No changes found during synchronizing extensions.
2025-07-16 22:15:32.478 [info] Prompts: No changes found during synchronizing prompts.
2025-07-16 22:15:32.479 [info] Profiles: No changes found during synchronizing profiles.
2025-07-16 22:15:32.481 [info] Sync done. Took 187ms
2025-07-16 22:16:00.576 [info] [AutoSync] Triggered by Activity
2025-07-16 22:16:00.576 [info] Sync started.
2025-07-16 22:16:00.658 [info] Settings: No changes found during synchronizing settings.
2025-07-16 22:16:00.662 [info] Keybindings: No changes found during synchronizing keybindings.
2025-07-16 22:16:00.665 [info] Snippets: No changes found during synchronizing snippets.
2025-07-16 22:16:00.668 [info] Tasks: No changes found during synchronizing tasks.
2025-07-16 22:16:00.676 [info] GlobalState: No changes found during synchronizing ui state.
2025-07-16 22:16:00.745 [info] Extensions: No changes found during synchronizing extensions.
2025-07-16 22:16:00.763 [info] Prompts: No changes found during synchronizing prompts.
2025-07-16 22:16:00.764 [info] Profiles: No changes found during synchronizing profiles.
2025-07-16 22:16:00.765 [info] Sync done. Took 190ms
2025-07-16 22:16:21.142 [info] [AutoSync] Triggered by Activity
2025-07-16 22:16:21.143 [info] Sync started.
2025-07-16 22:16:21.242 [info] Settings: No changes found during synchronizing settings.
2025-07-16 22:16:21.246 [info] Keybindings: No changes found during synchronizing keybindings.
2025-07-16 22:16:21.250 [info] Snippets: No changes found during synchronizing snippets.
2025-07-16 22:16:21.254 [info] Tasks: No changes found during synchronizing tasks.
2025-07-16 22:16:21.261 [info] GlobalState: No changes found during synchronizing ui state.
2025-07-16 22:16:21.335 [info] Extensions: No changes found during synchronizing extensions.
2025-07-16 22:16:21.349 [info] Prompts: No changes found during synchronizing prompts.
2025-07-16 22:16:21.350 [info] Profiles: No changes found during synchronizing profiles.
2025-07-16 22:16:21.352 [info] Sync done. Took 210ms
2025-07-16 22:17:18.725 [info] [AutoSync] Triggered by Activity
2025-07-16 22:17:18.726 [info] Sync started.
2025-07-16 22:17:18.822 [info] Settings: No changes found during synchronizing settings.
2025-07-16 22:17:18.827 [info] Keybindings: No changes found during synchronizing keybindings.
2025-07-16 22:17:18.830 [info] Snippets: No changes found during synchronizing snippets.
2025-07-16 22:17:18.833 [info] Tasks: No changes found during synchronizing tasks.
2025-07-16 22:17:18.840 [info] GlobalState: No changes found during synchronizing ui state.
2025-07-16 22:17:18.917 [info] Extensions: No changes found during synchronizing extensions.
2025-07-16 22:17:18.920 [info] Prompts: No changes found during synchronizing prompts.
2025-07-16 22:17:18.922 [info] Profiles: No changes found during synchronizing profiles.
2025-07-16 22:17:18.924 [info] Sync done. Took 199ms
2025-07-16 22:17:36.299 [info] [AutoSync] Triggered by Activity
2025-07-16 22:17:36.300 [info] Sync started.
2025-07-16 22:17:36.384 [info] Settings: No changes found during synchronizing settings.
2025-07-16 22:17:36.390 [info] Keybindings: No changes found during synchronizing keybindings.
2025-07-16 22:17:36.393 [info] Snippets: No changes found during synchronizing snippets.
2025-07-16 22:17:36.397 [info] Tasks: No changes found during synchronizing tasks.
2025-07-16 22:17:36.404 [info] GlobalState: No changes found during synchronizing ui state.
2025-07-16 22:17:36.519 [info] Extensions: No changes found during synchronizing extensions.
2025-07-16 22:17:36.523 [info] Prompts: No changes found during synchronizing prompts.
2025-07-16 22:17:36.524 [info] Profiles: No changes found during synchronizing profiles.
2025-07-16 22:17:36.526 [info] Sync done. Took 227ms
2025-07-16 22:17:51.286 [info] [AutoSync] Triggered by Activity
2025-07-16 22:17:51.286 [info] Sync started.
2025-07-16 22:17:51.389 [info] Settings: No changes found during synchronizing settings.
2025-07-16 22:17:51.393 [info] Keybindings: No changes found during synchronizing keybindings.
2025-07-16 22:17:51.396 [info] Snippets: No changes found during synchronizing snippets.
2025-07-16 22:17:51.399 [info] Tasks: No changes found during synchronizing tasks.
2025-07-16 22:17:51.407 [info] GlobalState: No changes found during synchronizing ui state.
2025-07-16 22:17:51.475 [info] Extensions: No changes found during synchronizing extensions.
2025-07-16 22:17:51.483 [info] Prompts: No changes found during synchronizing prompts.
2025-07-16 22:17:51.484 [info] Profiles: No changes found during synchronizing profiles.
2025-07-16 22:17:51.485 [info] Sync done. Took 200ms
2025-07-16 22:18:16.508 [info] [AutoSync] Triggered by Activity
2025-07-16 22:18:16.509 [info] Sync started.
2025-07-16 22:18:16.615 [info] Settings: No changes found during synchronizing settings.
2025-07-16 22:18:16.619 [info] Keybindings: No changes found during synchronizing keybindings.
2025-07-16 22:18:16.624 [info] Snippets: No changes found during synchronizing snippets.
2025-07-16 22:18:16.627 [info] Tasks: No changes found during synchronizing tasks.
2025-07-16 22:18:16.633 [info] GlobalState: No changes found during synchronizing ui state.
2025-07-16 22:18:16.714 [info] Extensions: No changes found during synchronizing extensions.
2025-07-16 22:18:16.719 [info] Prompts: No changes found during synchronizing prompts.
2025-07-16 22:18:16.720 [info] Profiles: No changes found during synchronizing profiles.
2025-07-16 22:18:16.722 [info] Sync done. Took 215ms
2025-07-16 22:18:30.541 [info] [AutoSync] Triggered by Activity
2025-07-16 22:18:30.541 [info] Sync started.
2025-07-16 22:18:30.644 [info] Settings: No changes found during synchronizing settings.
2025-07-16 22:18:30.649 [info] Keybindings: No changes found during synchronizing keybindings.
2025-07-16 22:18:30.653 [info] Snippets: No changes found during synchronizing snippets.
2025-07-16 22:18:30.657 [info] Tasks: No changes found during synchronizing tasks.
2025-07-16 22:18:30.665 [info] GlobalState: No changes found during synchronizing ui state.
2025-07-16 22:18:30.738 [info] Extensions: No changes found during synchronizing extensions.
2025-07-16 22:18:30.744 [info] Prompts: No changes found during synchronizing prompts.
2025-07-16 22:18:30.745 [info] Profiles: No changes found during synchronizing profiles.
2025-07-16 22:18:30.747 [info] Sync done. Took 207ms
2025-07-16 22:18:48.268 [info] [AutoSync] Triggered by Activity
2025-07-16 22:18:48.269 [info] Sync started.
2025-07-16 22:18:48.373 [info] Settings: No changes found during synchronizing settings.
2025-07-16 22:18:48.377 [info] Keybindings: No changes found during synchronizing keybindings.
2025-07-16 22:18:48.383 [info] Snippets: No changes found during synchronizing snippets.
2025-07-16 22:18:48.386 [info] Tasks: No changes found during synchronizing tasks.
2025-07-16 22:18:48.393 [info] GlobalState: No changes found during synchronizing ui state.
2025-07-16 22:18:48.468 [info] Extensions: No changes found during synchronizing extensions.
2025-07-16 22:18:48.471 [info] Prompts: No changes found during synchronizing prompts.
2025-07-16 22:18:48.473 [info] Profiles: No changes found during synchronizing profiles.
2025-07-16 22:18:48.475 [info] Sync done. Took 207ms
2025-07-16 22:19:08.031 [info] [AutoSync] Triggered by Activity
2025-07-16 22:19:08.031 [info] Sync started.
2025-07-16 22:19:08.157 [info] Settings: No changes found during synchronizing settings.
2025-07-16 22:19:08.162 [info] Keybindings: No changes found during synchronizing keybindings.
2025-07-16 22:19:08.166 [info] Snippets: No changes found during synchronizing snippets.
2025-07-16 22:19:08.169 [info] Tasks: No changes found during synchronizing tasks.
2025-07-16 22:19:08.176 [info] GlobalState: No changes found during synchronizing ui state.
2025-07-16 22:19:08.248 [info] Extensions: No changes found during synchronizing extensions.
2025-07-16 22:19:08.252 [info] Prompts: No changes found during synchronizing prompts.
2025-07-16 22:19:08.254 [info] Profiles: No changes found during synchronizing profiles.
2025-07-16 22:19:08.256 [info] Sync done. Took 226ms
2025-07-16 22:19:21.704 [info] [AutoSync] Triggered by Activity
2025-07-16 22:19:21.704 [info] Sync started.
2025-07-16 22:19:21.820 [info] Settings: No changes found during synchronizing settings.
2025-07-16 22:19:21.824 [info] Keybindings: No changes found during synchronizing keybindings.
2025-07-16 22:19:21.828 [info] Snippets: No changes found during synchronizing snippets.
2025-07-16 22:19:21.832 [info] Tasks: No changes found during synchronizing tasks.
2025-07-16 22:19:21.844 [info] GlobalState: No changes found during synchronizing ui state.
2025-07-16 22:19:21.936 [info] Extensions: No changes found during synchronizing extensions.
2025-07-16 22:19:21.943 [info] Prompts: No changes found during synchronizing prompts.
2025-07-16 22:19:21.947 [info] Profiles: No changes found during synchronizing profiles.
2025-07-16 22:19:21.952 [info] Sync done. Took 248ms
2025-07-16 22:19:40.963 [info] [AutoSync] Triggered by Activity
2025-07-16 22:19:40.963 [info] Sync started.
2025-07-16 22:19:41.071 [info] Settings: No changes found during synchronizing settings.
2025-07-16 22:19:41.076 [info] Keybindings: No changes found during synchronizing keybindings.
2025-07-16 22:19:41.081 [info] Snippets: No changes found during synchronizing snippets.
2025-07-16 22:19:41.085 [info] Tasks: No changes found during synchronizing tasks.
2025-07-16 22:19:41.094 [info] GlobalState: No changes found during synchronizing ui state.
2025-07-16 22:19:41.172 [info] Extensions: No changes found during synchronizing extensions.
2025-07-16 22:19:41.176 [info] Prompts: No changes found during synchronizing prompts.
2025-07-16 22:19:41.178 [info] Profiles: No changes found during synchronizing profiles.
2025-07-16 22:19:41.180 [info] Sync done. Took 218ms
2025-07-16 22:19:51.714 [info] [AutoSync] Triggered by Activity
2025-07-16 22:19:51.715 [info] Sync started.
2025-07-16 22:19:51.806 [info] Settings: No changes found during synchronizing settings.
2025-07-16 22:19:51.810 [info] Keybindings: No changes found during synchronizing keybindings.
2025-07-16 22:19:51.815 [info] Snippets: No changes found during synchronizing snippets.
2025-07-16 22:19:51.818 [info] Tasks: No changes found during synchronizing tasks.
2025-07-16 22:19:51.826 [info] GlobalState: No changes found during synchronizing ui state.
2025-07-16 22:19:51.897 [info] Extensions: No changes found during synchronizing extensions.
2025-07-16 22:19:51.900 [info] Prompts: No changes found during synchronizing prompts.
2025-07-16 22:19:51.902 [info] Profiles: No changes found during synchronizing profiles.
2025-07-16 22:19:51.904 [info] Sync done. Took 190ms
2025-07-16 22:20:02.057 [info] [AutoSync] Triggered by Activity
2025-07-16 22:20:02.057 [info] Sync started.
2025-07-16 22:20:02.169 [info] Settings: No changes found during synchronizing settings.
2025-07-16 22:20:02.174 [info] Keybindings: No changes found during synchronizing keybindings.
2025-07-16 22:20:02.179 [info] Snippets: No changes found during synchronizing snippets.
2025-07-16 22:20:02.183 [info] Tasks: No changes found during synchronizing tasks.
2025-07-16 22:20:02.189 [info] GlobalState: No changes found during synchronizing ui state.
2025-07-16 22:20:02.282 [info] Extensions: No changes found during synchronizing extensions.
2025-07-16 22:20:02.285 [info] Prompts: No changes found during synchronizing prompts.
2025-07-16 22:20:02.287 [info] Profiles: No changes found during synchronizing profiles.
2025-07-16 22:20:02.290 [info] Sync done. Took 234ms
2025-07-16 22:20:32.218 [info] [AutoSync] Triggered by Activity
2025-07-16 22:20:32.218 [info] Sync started.
2025-07-16 22:20:32.313 [info] Settings: No changes found during synchronizing settings.
2025-07-16 22:20:32.317 [info] Keybindings: No changes found during synchronizing keybindings.
2025-07-16 22:20:32.321 [info] Snippets: No changes found during synchronizing snippets.
2025-07-16 22:20:32.325 [info] Tasks: No changes found during synchronizing tasks.
2025-07-16 22:20:32.333 [info] GlobalState: No changes found during synchronizing ui state.
2025-07-16 22:20:32.405 [info] Extensions: No changes found during synchronizing extensions.
2025-07-16 22:20:32.408 [info] Prompts: No changes found during synchronizing prompts.
2025-07-16 22:20:32.410 [info] Profiles: No changes found during synchronizing profiles.
2025-07-16 22:20:32.412 [info] Sync done. Took 195ms
2025-07-16 22:20:56.881 [info] [AutoSync] Triggered by Activity
2025-07-16 22:20:56.881 [info] Sync started.
2025-07-16 22:20:56.978 [info] Settings: No changes found during synchronizing settings.
2025-07-16 22:20:56.982 [info] Keybindings: No changes found during synchronizing keybindings.
2025-07-16 22:20:56.986 [info] Snippets: No changes found during synchronizing snippets.
2025-07-16 22:20:56.990 [info] Tasks: No changes found during synchronizing tasks.
2025-07-16 22:20:56.998 [info] GlobalState: No changes found during synchronizing ui state.
2025-07-16 22:20:57.075 [info] Extensions: No changes found during synchronizing extensions.
2025-07-16 22:20:57.079 [info] Prompts: No changes found during synchronizing prompts.
2025-07-16 22:20:57.081 [info] Profiles: No changes found during synchronizing profiles.
2025-07-16 22:20:57.083 [info] Sync done. Took 203ms
2025-07-16 22:21:10.484 [info] [AutoSync] Triggered by Activity
2025-07-16 22:21:10.484 [info] Sync started.
2025-07-16 22:21:10.599 [info] Settings: No changes found during synchronizing settings.
2025-07-16 22:21:10.603 [info] Keybindings: No changes found during synchronizing keybindings.
2025-07-16 22:21:10.607 [info] Snippets: No changes found during synchronizing snippets.
2025-07-16 22:21:10.611 [info] Tasks: No changes found during synchronizing tasks.
2025-07-16 22:21:10.622 [info] GlobalState: No changes found during synchronizing ui state.
2025-07-16 22:21:10.716 [info] Extensions: No changes found during synchronizing extensions.
2025-07-16 22:21:10.719 [info] Prompts: No changes found during synchronizing prompts.
2025-07-16 22:21:10.721 [info] Profiles: No changes found during synchronizing profiles.
2025-07-16 22:21:10.723 [info] Sync done. Took 240ms
2025-07-16 22:21:24.908 [info] [AutoSync] Triggered by Activity
2025-07-16 22:21:24.908 [info] Sync started.
2025-07-16 22:21:25.001 [info] Settings: No changes found during synchronizing settings.
2025-07-16 22:21:25.007 [info] Keybindings: No changes found during synchronizing keybindings.
2025-07-16 22:21:25.012 [info] Snippets: No changes found during synchronizing snippets.
2025-07-16 22:21:25.015 [info] Tasks: No changes found during synchronizing tasks.
2025-07-16 22:21:25.022 [info] GlobalState: No changes found during synchronizing ui state.
2025-07-16 22:21:25.101 [info] Extensions: No changes found during synchronizing extensions.
2025-07-16 22:21:25.106 [info] Prompts: No changes found during synchronizing prompts.
2025-07-16 22:21:25.109 [info] Profiles: No changes found during synchronizing profiles.
2025-07-16 22:21:25.111 [info] Sync done. Took 203ms
2025-07-16 22:21:41.727 [info] [AutoSync] Triggered by Activity
2025-07-16 22:21:41.728 [info] Sync started.
2025-07-16 22:21:41.835 [info] Settings: No changes found during synchronizing settings.
2025-07-16 22:21:41.841 [info] Keybindings: No changes found during synchronizing keybindings.
2025-07-16 22:21:41.846 [info] Snippets: No changes found during synchronizing snippets.
2025-07-16 22:21:41.851 [info] Tasks: No changes found during synchronizing tasks.
2025-07-16 22:21:41.861 [info] GlobalState: No changes found during synchronizing ui state.
2025-07-16 22:21:41.950 [info] Extensions: No changes found during synchronizing extensions.
2025-07-16 22:21:41.969 [info] Prompts: No changes found during synchronizing prompts.
2025-07-16 22:21:41.970 [info] Profiles: No changes found during synchronizing profiles.
2025-07-16 22:21:41.971 [info] Sync done. Took 245ms
2025-07-16 22:22:09.883 [info] [AutoSync] Triggered by Activity
2025-07-16 22:22:09.883 [info] Sync started.
2025-07-16 22:22:09.992 [info] Settings: No changes found during synchronizing settings.
2025-07-16 22:22:09.997 [info] Keybindings: No changes found during synchronizing keybindings.
2025-07-16 22:22:10.000 [info] Snippets: No changes found during synchronizing snippets.
2025-07-16 22:22:10.003 [info] Tasks: No changes found during synchronizing tasks.
2025-07-16 22:22:10.010 [info] GlobalState: No changes found during synchronizing ui state.
2025-07-16 22:22:10.097 [info] Extensions: No changes found during synchronizing extensions.
2025-07-16 22:22:10.100 [info] Prompts: No changes found during synchronizing prompts.
2025-07-16 22:22:10.101 [info] Profiles: No changes found during synchronizing profiles.
2025-07-16 22:22:10.104 [info] Sync done. Took 222ms
2025-07-16 22:22:25.416 [info] [AutoSync] Triggered by Activity
2025-07-16 22:22:25.417 [info] Sync started.
2025-07-16 22:22:25.523 [info] Settings: No changes found during synchronizing settings.
2025-07-16 22:22:25.527 [info] Keybindings: No changes found during synchronizing keybindings.
2025-07-16 22:22:25.532 [info] Snippets: No changes found during synchronizing snippets.
2025-07-16 22:22:25.536 [info] Tasks: No changes found during synchronizing tasks.
2025-07-16 22:22:25.543 [info] GlobalState: No changes found during synchronizing ui state.
2025-07-16 22:22:25.616 [info] Extensions: No changes found during synchronizing extensions.
2025-07-16 22:22:25.619 [info] Prompts: No changes found during synchronizing prompts.
2025-07-16 22:22:25.620 [info] Profiles: No changes found during synchronizing profiles.
2025-07-16 22:22:25.622 [info] Sync done. Took 207ms
2025-07-16 22:22:41.129 [info] [AutoSync] Triggered by Activity
2025-07-16 22:22:41.130 [info] Sync started.
2025-07-16 22:22:41.220 [info] Settings: No changes found during synchronizing settings.
2025-07-16 22:22:41.224 [info] Keybindings: No changes found during synchronizing keybindings.
2025-07-16 22:22:41.227 [info] Snippets: No changes found during synchronizing snippets.
2025-07-16 22:22:41.230 [info] Tasks: No changes found during synchronizing tasks.
2025-07-16 22:22:41.235 [info] GlobalState: No changes found during synchronizing ui state.
2025-07-16 22:22:41.304 [info] Extensions: No changes found during synchronizing extensions.
2025-07-16 22:22:41.308 [info] Prompts: No changes found during synchronizing prompts.
2025-07-16 22:22:41.309 [info] Profiles: No changes found during synchronizing profiles.
2025-07-16 22:22:41.311 [info] Sync done. Took 183ms
2025-07-16 22:22:52.502 [info] [AutoSync] Triggered by Activity
2025-07-16 22:22:52.503 [info] Sync started.
2025-07-16 22:22:52.602 [info] Settings: No changes found during synchronizing settings.
2025-07-16 22:22:52.606 [info] Keybindings: No changes found during synchronizing keybindings.
2025-07-16 22:22:52.609 [info] Snippets: No changes found during synchronizing snippets.
2025-07-16 22:22:52.612 [info] Tasks: No changes found during synchronizing tasks.
2025-07-16 22:22:52.619 [info] GlobalState: No changes found during synchronizing ui state.
2025-07-16 22:22:52.703 [info] Extensions: No changes found during synchronizing extensions.
2025-07-16 22:22:52.706 [info] Prompts: No changes found during synchronizing prompts.
2025-07-16 22:22:52.708 [info] Profiles: No changes found during synchronizing profiles.
2025-07-16 22:22:52.710 [info] Sync done. Took 209ms
2025-07-16 22:23:03.279 [info] [AutoSync] Triggered by Activity
2025-07-16 22:23:03.279 [info] Sync started.
2025-07-16 22:23:03.396 [info] Settings: No changes found during synchronizing settings.
2025-07-16 22:23:03.401 [info] Keybindings: No changes found during synchronizing keybindings.
2025-07-16 22:23:03.405 [info] Snippets: No changes found during synchronizing snippets.
2025-07-16 22:23:03.408 [info] Tasks: No changes found during synchronizing tasks.
2025-07-16 22:23:03.416 [info] GlobalState: No changes found during synchronizing ui state.
2025-07-16 22:23:03.521 [info] Extensions: No changes found during synchronizing extensions.
2025-07-16 22:23:03.524 [info] Prompts: No changes found during synchronizing prompts.
2025-07-16 22:23:03.526 [info] Profiles: No changes found during synchronizing profiles.
2025-07-16 22:23:03.527 [info] Sync done. Took 249ms
2025-07-16 22:23:21.435 [info] [AutoSync] Triggered by Activity
2025-07-16 22:23:21.435 [info] Sync started.
2025-07-16 22:23:21.560 [info] Settings: No changes found during synchronizing settings.
2025-07-16 22:23:21.566 [info] Keybindings: No changes found during synchronizing keybindings.
2025-07-16 22:23:21.570 [info] Snippets: No changes found during synchronizing snippets.
2025-07-16 22:23:21.574 [info] Tasks: No changes found during synchronizing tasks.
2025-07-16 22:23:21.586 [info] GlobalState: No changes found during synchronizing ui state.
2025-07-16 22:23:21.719 [info] Extensions: No changes found during synchronizing extensions.
2025-07-16 22:23:21.723 [info] Prompts: No changes found during synchronizing prompts.
2025-07-16 22:23:21.725 [info] Profiles: No changes found during synchronizing profiles.
2025-07-16 22:23:21.731 [info] Sync done. Took 295ms
2025-07-16 22:23:50.190 [info] [AutoSync] Triggered by Activity
2025-07-16 22:23:50.190 [info] Sync started.
2025-07-16 22:23:50.307 [info] Settings: No changes found during synchronizing settings.
2025-07-16 22:23:50.312 [info] Keybindings: No changes found during synchronizing keybindings.
2025-07-16 22:23:50.317 [info] Snippets: No changes found during synchronizing snippets.
2025-07-16 22:23:50.322 [info] Tasks: No changes found during synchronizing tasks.
2025-07-16 22:23:50.328 [info] GlobalState: No changes found during synchronizing ui state.
2025-07-16 22:23:50.412 [info] Extensions: No changes found during synchronizing extensions.
2025-07-16 22:23:50.416 [info] Prompts: No changes found during synchronizing prompts.
2025-07-16 22:23:50.418 [info] Profiles: No changes found during synchronizing profiles.
2025-07-16 22:23:50.420 [info] Sync done. Took 231ms
2025-07-16 22:24:05.962 [info] [AutoSync] Triggered by Activity
2025-07-16 22:24:05.962 [info] Sync started.
2025-07-16 22:24:06.092 [info] Settings: No changes found during synchronizing settings.
2025-07-16 22:24:06.096 [info] Keybindings: No changes found during synchronizing keybindings.
2025-07-16 22:24:06.100 [info] Snippets: No changes found during synchronizing snippets.
2025-07-16 22:24:06.103 [info] Tasks: No changes found during synchronizing tasks.
2025-07-16 22:24:06.108 [info] GlobalState: No changes found during synchronizing ui state.
2025-07-16 22:24:06.187 [info] Extensions: No changes found during synchronizing extensions.
2025-07-16 22:24:06.194 [info] Prompts: No changes found during synchronizing prompts.
2025-07-16 22:24:06.195 [info] Profiles: No changes found during synchronizing profiles.
2025-07-16 22:24:06.197 [info] Sync done. Took 236ms
2025-07-16 22:29:06.210 [info] [AutoSync] Triggered by Interval
2025-07-16 22:29:06.210 [info] Sync started.
2025-07-16 22:29:06.500 [info] Settings: No changes found during synchronizing settings.
2025-07-16 22:29:06.504 [info] Keybindings: No changes found during synchronizing keybindings.
2025-07-16 22:29:06.508 [info] Snippets: No changes found during synchronizing snippets.
2025-07-16 22:29:06.510 [info] Tasks: No changes found during synchronizing tasks.
2025-07-16 22:29:06.517 [info] GlobalState: No changes found during synchronizing ui state.
2025-07-16 22:29:06.657 [info] Extensions: No changes found during synchronizing extensions.
2025-07-16 22:29:06.661 [info] Prompts: No changes found during synchronizing prompts.
2025-07-16 22:29:06.663 [info] Profiles: No changes found during synchronizing profiles.
2025-07-16 22:29:06.665 [info] Sync done. Took 457ms
2025-07-16 22:32:47.539 [info] [AutoSync] Triggered by Activity
2025-07-16 22:32:47.540 [info] Sync started.
2025-07-16 22:32:47.873 [info] Settings: No changes found during synchronizing settings.
2025-07-16 22:32:47.877 [info] Keybindings: No changes found during synchronizing keybindings.
2025-07-16 22:32:47.882 [info] Snippets: No changes found during synchronizing snippets.
2025-07-16 22:32:47.890 [info] Tasks: No changes found during synchronizing tasks.
2025-07-16 22:32:47.900 [info] GlobalState: No changes found during synchronizing ui state.
2025-07-16 22:32:48.078 [info] Extensions: No changes found during synchronizing extensions.
2025-07-16 22:32:48.082 [info] Prompts: No changes found during synchronizing prompts.
2025-07-16 22:32:48.085 [info] Profiles: No changes found during synchronizing profiles.
2025-07-16 22:32:48.088 [info] Sync done. Took 549ms
2025-07-16 22:36:52.343 [info] [AutoSync] Triggered by Activity
2025-07-16 22:36:52.344 [info] Sync started.
2025-07-16 22:36:52.689 [info] Settings: No changes found during synchronizing settings.
2025-07-16 22:36:52.693 [info] Keybindings: No changes found during synchronizing keybindings.
2025-07-16 22:36:52.697 [info] Snippets: No changes found during synchronizing snippets.
2025-07-16 22:36:52.700 [info] Tasks: No changes found during synchronizing tasks.
2025-07-16 22:36:52.707 [info] GlobalState: No changes found during synchronizing ui state.
2025-07-16 22:36:52.795 [info] Extensions: No changes found during synchronizing extensions.
2025-07-16 22:36:52.799 [info] Prompts: No changes found during synchronizing prompts.
2025-07-16 22:36:52.801 [info] Profiles: No changes found during synchronizing profiles.
2025-07-16 22:36:52.803 [info] Sync done. Took 461ms
2025-07-16 22:37:11.745 [info] [AutoSync] Triggered by Activity
2025-07-16 22:37:11.745 [info] Sync started.
2025-07-16 22:37:11.854 [info] Settings: No changes found during synchronizing settings.
2025-07-16 22:37:11.858 [info] Keybindings: No changes found during synchronizing keybindings.
2025-07-16 22:37:11.862 [info] Snippets: No changes found during synchronizing snippets.
2025-07-16 22:37:11.866 [info] Tasks: No changes found during synchronizing tasks.
2025-07-16 22:37:11.874 [info] GlobalState: No changes found during synchronizing ui state.
2025-07-16 22:37:11.951 [info] Extensions: No changes found during synchronizing extensions.
2025-07-16 22:37:11.963 [info] Prompts: No changes found during synchronizing prompts.
2025-07-16 22:37:11.964 [info] Profiles: No changes found during synchronizing profiles.
2025-07-16 22:37:11.966 [info] Sync done. Took 222ms
2025-07-16 22:37:31.991 [info] [AutoSync] Triggered by Activity
2025-07-16 22:37:31.991 [info] Sync started.
2025-07-16 22:37:32.071 [info] Settings: No changes found during synchronizing settings.
2025-07-16 22:37:32.076 [info] Keybindings: No changes found during synchronizing keybindings.
2025-07-16 22:37:32.079 [info] Snippets: No changes found during synchronizing snippets.
2025-07-16 22:37:32.082 [info] Tasks: No changes found during synchronizing tasks.
2025-07-16 22:37:32.086 [info] GlobalState: No changes found during synchronizing ui state.
2025-07-16 22:37:32.157 [info] Extensions: No changes found during synchronizing extensions.
2025-07-16 22:37:32.161 [info] Prompts: No changes found during synchronizing prompts.
2025-07-16 22:37:32.162 [info] Profiles: No changes found during synchronizing profiles.
2025-07-16 22:37:32.164 [info] Sync done. Took 174ms
2025-07-16 22:37:42.252 [info] [AutoSync] Triggered by Activity
2025-07-16 22:37:42.252 [info] Sync started.
2025-07-16 22:37:42.361 [info] Settings: No changes found during synchronizing settings.
2025-07-16 22:37:42.365 [info] Keybindings: No changes found during synchronizing keybindings.
2025-07-16 22:37:42.370 [info] Snippets: No changes found during synchronizing snippets.
2025-07-16 22:37:42.373 [info] Tasks: No changes found during synchronizing tasks.
2025-07-16 22:37:42.380 [info] GlobalState: No changes found during synchronizing ui state.
2025-07-16 22:37:42.463 [info] Extensions: No changes found during synchronizing extensions.
2025-07-16 22:37:42.468 [info] Prompts: No changes found during synchronizing prompts.
2025-07-16 22:37:42.470 [info] Profiles: No changes found during synchronizing profiles.
2025-07-16 22:37:42.472 [info] Sync done. Took 221ms
2025-07-16 22:37:45.784 [info] [AutoSync] Triggered by Activity
2025-07-16 22:37:45.785 [info] Sync started.
2025-07-16 22:37:45.882 [info] Settings: No changes found during synchronizing settings.
2025-07-16 22:37:45.886 [info] Keybindings: No changes found during synchronizing keybindings.
2025-07-16 22:37:45.889 [info] Snippets: No changes found during synchronizing snippets.
2025-07-16 22:37:45.891 [info] Tasks: No changes found during synchronizing tasks.
2025-07-16 22:37:46.699 [info] GlobalState: Updated remote ui state. Updated: memento/gettingStartedService.
2025-07-16 22:37:46.704 [info] GlobalState: Updated last synchronized ui state
2025-07-16 22:37:46.792 [info] Extensions: No changes found during synchronizing extensions.
2025-07-16 22:37:46.798 [info] Prompts: No changes found during synchronizing prompts.
2025-07-16 22:37:46.799 [info] Profiles: No changes found during synchronizing profiles.
2025-07-16 22:37:46.801 [info] Sync done. Took 1018ms
2025-07-16 22:37:59.969 [info] [AutoSync] Triggered by Activity
2025-07-16 22:37:59.969 [info] Sync started.
2025-07-16 22:38:00.075 [info] Settings: No changes found during synchronizing settings.
2025-07-16 22:38:00.079 [info] Keybindings: No changes found during synchronizing keybindings.
2025-07-16 22:38:00.084 [info] Snippets: No changes found during synchronizing snippets.
2025-07-16 22:38:00.087 [info] Tasks: No changes found during synchronizing tasks.
2025-07-16 22:38:00.934 [info] GlobalState: Updated remote ui state. Updated: memento/gettingStartedService.
2025-07-16 22:38:00.942 [info] GlobalState: Updated last synchronized ui state
2025-07-16 22:38:01.017 [info] Extensions: No changes found during synchronizing extensions.
2025-07-16 22:38:01.021 [info] Prompts: No changes found during synchronizing prompts.
2025-07-16 22:38:01.023 [info] Profiles: No changes found during synchronizing profiles.
2025-07-16 22:38:01.025 [info] Sync done. Took 1057ms
2025-07-16 22:38:16.008 [info] [AutoSync] Triggered by Activity
2025-07-16 22:38:16.008 [info] Sync started.
2025-07-16 22:38:16.118 [info] Settings: No changes found during synchronizing settings.
2025-07-16 22:38:16.125 [info] Keybindings: No changes found during synchronizing keybindings.
2025-07-16 22:38:16.129 [info] Snippets: No changes found during synchronizing snippets.
2025-07-16 22:38:16.131 [info] Tasks: No changes found during synchronizing tasks.
2025-07-16 22:38:16.140 [info] GlobalState: No changes found during synchronizing ui state.
2025-07-16 22:38:16.228 [info] Extensions: No changes found during synchronizing extensions.
2025-07-16 22:38:16.233 [info] Prompts: No changes found during synchronizing prompts.
2025-07-16 22:38:16.235 [info] Profiles: No changes found during synchronizing profiles.
2025-07-16 22:38:16.237 [info] Sync done. Took 230ms
2025-07-16 22:38:44.556 [info] [AutoSync] Triggered by Activity
2025-07-16 22:38:44.556 [info] Sync started.
2025-07-16 22:38:44.704 [info] Settings: No changes found during synchronizing settings.
2025-07-16 22:38:44.708 [info] Keybindings: No changes found during synchronizing keybindings.
2025-07-16 22:38:44.714 [info] Snippets: No changes found during synchronizing snippets.
2025-07-16 22:38:44.718 [info] Tasks: No changes found during synchronizing tasks.
2025-07-16 22:38:44.724 [info] GlobalState: No changes found during synchronizing ui state.
2025-07-16 22:38:44.849 [info] Extensions: No changes found during synchronizing extensions.
2025-07-16 22:38:44.854 [info] Prompts: No changes found during synchronizing prompts.
2025-07-16 22:38:44.857 [info] Profiles: No changes found during synchronizing profiles.
2025-07-16 22:38:44.859 [info] Sync done. Took 304ms
2025-07-16 22:38:54.973 [info] [AutoSync] Triggered by Activity
2025-07-16 22:38:54.974 [info] Sync started.
2025-07-16 22:38:55.076 [info] Settings: No changes found during synchronizing settings.
2025-07-16 22:38:55.081 [info] Keybindings: No changes found during synchronizing keybindings.
2025-07-16 22:38:55.084 [info] Snippets: No changes found during synchronizing snippets.
2025-07-16 22:38:55.087 [info] Tasks: No changes found during synchronizing tasks.
2025-07-16 22:38:55.095 [info] GlobalState: No changes found during synchronizing ui state.
2025-07-16 22:38:55.180 [info] Extensions: No changes found during synchronizing extensions.
2025-07-16 22:38:55.184 [info] Prompts: No changes found during synchronizing prompts.
2025-07-16 22:38:55.186 [info] Profiles: No changes found during synchronizing profiles.
2025-07-16 22:38:55.188 [info] Sync done. Took 215ms
2025-07-16 22:39:08.693 [info] [AutoSync] Triggered by Activity
2025-07-16 22:39:08.694 [info] Sync started.
2025-07-16 22:39:08.787 [info] Settings: No changes found during synchronizing settings.
2025-07-16 22:39:08.792 [info] Keybindings: No changes found during synchronizing keybindings.
2025-07-16 22:39:08.796 [info] Snippets: No changes found during synchronizing snippets.
2025-07-16 22:39:08.800 [info] Tasks: No changes found during synchronizing tasks.
2025-07-16 22:39:08.807 [info] GlobalState: No changes found during synchronizing ui state.
2025-07-16 22:39:08.877 [info] Extensions: No changes found during synchronizing extensions.
2025-07-16 22:39:08.879 [info] Prompts: No changes found during synchronizing prompts.
2025-07-16 22:39:08.880 [info] Profiles: No changes found during synchronizing profiles.
2025-07-16 22:39:08.881 [info] Sync done. Took 190ms
2025-07-16 22:39:37.549 [info] [AutoSync] Triggered by Activity
2025-07-16 22:39:37.549 [info] Sync started.
2025-07-16 22:39:37.687 [info] Settings: No changes found during synchronizing settings.
2025-07-16 22:39:37.692 [info] Keybindings: No changes found during synchronizing keybindings.
2025-07-16 22:39:37.695 [info] Snippets: No changes found during synchronizing snippets.
2025-07-16 22:39:37.698 [info] Tasks: No changes found during synchronizing tasks.
2025-07-16 22:39:37.704 [info] GlobalState: No changes found during synchronizing ui state.
2025-07-16 22:39:37.794 [info] Extensions: No changes found during synchronizing extensions.
2025-07-16 22:39:37.798 [info] Prompts: No changes found during synchronizing prompts.
2025-07-16 22:39:37.800 [info] Profiles: No changes found during synchronizing profiles.
2025-07-16 22:39:37.802 [info] Sync done. Took 253ms
2025-07-16 22:39:52.452 [info] [AutoSync] Triggered by Activity
2025-07-16 22:39:52.452 [info] Sync started.
2025-07-16 22:39:52.560 [info] Settings: No changes found during synchronizing settings.
2025-07-16 22:39:52.565 [info] Keybindings: No changes found during synchronizing keybindings.
2025-07-16 22:39:52.570 [info] Snippets: No changes found during synchronizing snippets.
2025-07-16 22:39:52.574 [info] Tasks: No changes found during synchronizing tasks.
2025-07-16 22:39:52.581 [info] GlobalState: No changes found during synchronizing ui state.
2025-07-16 22:39:52.685 [info] Extensions: No changes found during synchronizing extensions.
2025-07-16 22:39:52.689 [info] Prompts: No changes found during synchronizing prompts.
2025-07-16 22:39:52.691 [info] Profiles: No changes found during synchronizing profiles.
2025-07-16 22:39:52.693 [info] Sync done. Took 243ms
2025-07-16 22:40:11.234 [info] [AutoSync] Triggered by Activity
2025-07-16 22:40:11.234 [info] Sync started.
2025-07-16 22:40:11.338 [info] Settings: No changes found during synchronizing settings.
2025-07-16 22:40:11.344 [info] Keybindings: No changes found during synchronizing keybindings.
2025-07-16 22:40:11.349 [info] Snippets: No changes found during synchronizing snippets.
2025-07-16 22:40:11.353 [info] Tasks: No changes found during synchronizing tasks.
2025-07-16 22:40:11.359 [info] GlobalState: No changes found during synchronizing ui state.
2025-07-16 22:40:11.493 [info] Extensions: No changes found during synchronizing extensions.
2025-07-16 22:40:11.507 [info] Prompts: No changes found during synchronizing prompts.
2025-07-16 22:40:11.507 [info] Profiles: No changes found during synchronizing profiles.
2025-07-16 22:40:11.509 [info] Sync done. Took 276ms
2025-07-16 22:40:36.150 [info] [AutoSync] Triggered by Activity
2025-07-16 22:40:36.150 [info] Sync started.
2025-07-16 22:40:36.292 [info] Settings: No changes found during synchronizing settings.
2025-07-16 22:40:36.297 [info] Keybindings: No changes found during synchronizing keybindings.
2025-07-16 22:40:36.301 [info] Snippets: No changes found during synchronizing snippets.
2025-07-16 22:40:36.304 [info] Tasks: No changes found during synchronizing tasks.
2025-07-16 22:40:36.311 [info] GlobalState: No changes found during synchronizing ui state.
2025-07-16 22:40:36.408 [info] Extensions: No changes found during synchronizing extensions.
2025-07-16 22:40:36.414 [info] Prompts: No changes found during synchronizing prompts.
2025-07-16 22:40:36.416 [info] Profiles: No changes found during synchronizing profiles.
2025-07-16 22:40:36.418 [info] Sync done. Took 269ms
2025-07-16 22:44:55.324 [info] [AutoSync] Triggered by Activity
2025-07-16 22:44:55.324 [info] Sync started.
2025-07-16 22:44:55.586 [info] Settings: No changes found during synchronizing settings.
2025-07-16 22:44:55.590 [info] Keybindings: No changes found during synchronizing keybindings.
2025-07-16 22:44:55.594 [info] Snippets: No changes found during synchronizing snippets.
2025-07-16 22:44:55.597 [info] Tasks: No changes found during synchronizing tasks.
2025-07-16 22:44:55.604 [info] GlobalState: No changes found during synchronizing ui state.
2025-07-16 22:44:55.706 [info] Extensions: No changes found during synchronizing extensions.
2025-07-16 22:44:55.711 [info] Prompts: No changes found during synchronizing prompts.
2025-07-16 22:44:55.713 [info] Profiles: No changes found during synchronizing profiles.
2025-07-16 22:44:55.715 [info] Sync done. Took 392ms
2025-07-16 22:45:28.802 [info] [AutoSync] Triggered by Activity
2025-07-16 22:45:28.802 [info] Sync started.
2025-07-16 22:45:28.896 [info] Settings: No changes found during synchronizing settings.
2025-07-16 22:45:28.901 [info] Keybindings: No changes found during synchronizing keybindings.
2025-07-16 22:45:28.906 [info] Snippets: No changes found during synchronizing snippets.
2025-07-16 22:45:28.910 [info] Tasks: No changes found during synchronizing tasks.
2025-07-16 22:45:28.917 [info] GlobalState: No changes found during synchronizing ui state.
2025-07-16 22:45:29.034 [info] Extensions: No changes found during synchronizing extensions.
2025-07-16 22:45:29.038 [info] Prompts: No changes found during synchronizing prompts.
2025-07-16 22:45:29.039 [info] Profiles: No changes found during synchronizing profiles.
2025-07-16 22:45:29.041 [info] Sync done. Took 240ms
2025-07-16 22:47:46.732 [info] [AutoSync] Triggered by Activity
2025-07-16 22:47:46.732 [info] Sync started.
2025-07-16 22:47:47.004 [info] Settings: No changes found during synchronizing settings.
2025-07-16 22:47:47.007 [info] Keybindings: No changes found during synchronizing keybindings.
2025-07-16 22:47:47.009 [info] Snippets: No changes found during synchronizing snippets.
2025-07-16 22:47:47.010 [info] Tasks: No changes found during synchronizing tasks.
2025-07-16 22:47:47.015 [info] GlobalState: No changes found during synchronizing ui state.
2025-07-16 22:47:47.100 [info] Extensions: No changes found during synchronizing extensions.
2025-07-16 22:47:47.103 [info] Prompts: No changes found during synchronizing prompts.
2025-07-16 22:47:47.104 [info] Profiles: No changes found during synchronizing profiles.
2025-07-16 22:47:47.106 [info] Sync done. Took 375ms
2025-07-16 22:48:15.687 [info] [AutoSync] Triggered by Activity
2025-07-16 22:48:15.688 [info] Sync started.
2025-07-16 22:48:15.783 [info] Settings: No changes found during synchronizing settings.
2025-07-16 22:48:15.787 [info] Keybindings: No changes found during synchronizing keybindings.
2025-07-16 22:48:15.792 [info] Snippets: No changes found during synchronizing snippets.
2025-07-16 22:48:15.795 [info] Tasks: No changes found during synchronizing tasks.
2025-07-16 22:48:15.803 [info] GlobalState: No changes found during synchronizing ui state.
2025-07-16 22:48:15.934 [info] Extensions: No changes found during synchronizing extensions.
2025-07-16 22:48:15.951 [info] Prompts: No changes found during synchronizing prompts.
2025-07-16 22:48:15.952 [info] Profiles: No changes found during synchronizing profiles.
2025-07-16 22:48:15.955 [info] Sync done. Took 268ms
2025-07-16 22:48:33.522 [info] [AutoSync] Triggered by Activity
2025-07-16 22:48:33.523 [info] Sync started.
2025-07-16 22:48:33.628 [info] Settings: No changes found during synchronizing settings.
2025-07-16 22:48:33.631 [info] Keybindings: No changes found during synchronizing keybindings.
2025-07-16 22:48:33.635 [info] Snippets: No changes found during synchronizing snippets.
2025-07-16 22:48:33.638 [info] Tasks: No changes found during synchronizing tasks.
2025-07-16 22:48:33.646 [info] GlobalState: No changes found during synchronizing ui state.
2025-07-16 22:48:33.754 [info] Extensions: No changes found during synchronizing extensions.
2025-07-16 22:48:33.757 [info] Prompts: No changes found during synchronizing prompts.
2025-07-16 22:48:33.759 [info] Profiles: No changes found during synchronizing profiles.
2025-07-16 22:48:33.761 [info] Sync done. Took 240ms
2025-07-16 22:48:45.715 [info] [AutoSync] Triggered by Activity
2025-07-16 22:48:45.715 [info] Sync started.
2025-07-16 22:48:45.822 [info] Settings: No changes found during synchronizing settings.
2025-07-16 22:48:45.825 [info] Keybindings: No changes found during synchronizing keybindings.
2025-07-16 22:48:45.829 [info] Snippets: No changes found during synchronizing snippets.
2025-07-16 22:48:45.833 [info] Tasks: No changes found during synchronizing tasks.
2025-07-16 22:48:45.840 [info] GlobalState: No changes found during synchronizing ui state.
2025-07-16 22:48:45.928 [info] Extensions: No changes found during synchronizing extensions.
2025-07-16 22:48:45.931 [info] Prompts: No changes found during synchronizing prompts.
2025-07-16 22:48:45.933 [info] Profiles: No changes found during synchronizing profiles.
2025-07-16 22:48:45.934 [info] Sync done. Took 220ms
2025-07-16 22:49:03.999 [info] [AutoSync] Triggered by Activity
2025-07-16 22:49:03.999 [info] Sync started.
2025-07-16 22:49:04.102 [info] Settings: No changes found during synchronizing settings.
2025-07-16 22:49:04.105 [info] Keybindings: No changes found during synchronizing keybindings.
2025-07-16 22:49:04.109 [info] Snippets: No changes found during synchronizing snippets.
2025-07-16 22:49:04.111 [info] Tasks: No changes found during synchronizing tasks.
2025-07-16 22:49:04.117 [info] GlobalState: No changes found during synchronizing ui state.
2025-07-16 22:49:04.210 [info] Extensions: No changes found during synchronizing extensions.
2025-07-16 22:49:04.215 [info] Prompts: No changes found during synchronizing prompts.
2025-07-16 22:49:04.217 [info] Profiles: No changes found during synchronizing profiles.
2025-07-16 22:49:04.220 [info] Sync done. Took 222ms
2025-07-16 22:49:36.419 [info] [AutoSync] Triggered by Activity
2025-07-16 22:49:36.419 [info] Sync started.
2025-07-16 22:49:36.527 [info] Settings: No changes found during synchronizing settings.
2025-07-16 22:49:36.532 [info] Keybindings: No changes found during synchronizing keybindings.
2025-07-16 22:49:36.535 [info] Snippets: No changes found during synchronizing snippets.
2025-07-16 22:49:36.538 [info] Tasks: No changes found during synchronizing tasks.
2025-07-16 22:49:36.545 [info] GlobalState: No changes found during synchronizing ui state.
2025-07-16 22:49:36.666 [info] Extensions: No changes found during synchronizing extensions.
2025-07-16 22:49:36.669 [info] Prompts: No changes found during synchronizing prompts.
2025-07-16 22:49:36.671 [info] Profiles: No changes found during synchronizing profiles.
2025-07-16 22:49:36.673 [info] Sync done. Took 255ms
2025-07-16 22:50:03.390 [info] [AutoSync] Triggered by Activity
2025-07-16 22:50:03.391 [info] Sync started.
2025-07-16 22:50:03.515 [info] Settings: No changes found during synchronizing settings.
2025-07-16 22:50:03.522 [info] Keybindings: No changes found during synchronizing keybindings.
2025-07-16 22:50:03.528 [info] Snippets: No changes found during synchronizing snippets.
2025-07-16 22:50:03.531 [info] Tasks: No changes found during synchronizing tasks.
2025-07-16 22:50:03.541 [info] GlobalState: No changes found during synchronizing ui state.
2025-07-16 22:50:03.667 [info] Extensions: No changes found during synchronizing extensions.
2025-07-16 22:50:03.689 [info] Prompts: No changes found during synchronizing prompts.
2025-07-16 22:50:03.690 [info] Profiles: No changes found during synchronizing profiles.
2025-07-16 22:50:03.691 [info] Sync done. Took 303ms
2025-07-16 22:50:16.758 [info] [AutoSync] Triggered by Activity
2025-07-16 22:50:16.758 [info] Sync started.
2025-07-16 22:50:16.854 [info] Settings: No changes found during synchronizing settings.
2025-07-16 22:50:16.863 [info] Keybindings: No changes found during synchronizing keybindings.
2025-07-16 22:50:16.874 [info] Snippets: No changes found during synchronizing snippets.
2025-07-16 22:50:16.879 [info] Tasks: No changes found during synchronizing tasks.
2025-07-16 22:50:16.892 [info] GlobalState: No changes found during synchronizing ui state.
2025-07-16 22:50:17.012 [info] Extensions: No changes found during synchronizing extensions.
2025-07-16 22:50:17.019 [info] Prompts: No changes found during synchronizing prompts.
2025-07-16 22:50:17.023 [info] Profiles: No changes found during synchronizing profiles.
2025-07-16 22:50:17.027 [info] Sync done. Took 270ms
2025-07-16 22:50:50.614 [info] [AutoSync] Triggered by Activity
2025-07-16 22:50:50.615 [info] Sync started.
2025-07-16 22:50:50.732 [info] Settings: No changes found during synchronizing settings.
2025-07-16 22:50:50.736 [info] Keybindings: No changes found during synchronizing keybindings.
2025-07-16 22:50:50.741 [info] Snippets: No changes found during synchronizing snippets.
2025-07-16 22:50:50.745 [info] Tasks: No changes found during synchronizing tasks.
2025-07-16 22:50:50.751 [info] GlobalState: No changes found during synchronizing ui state.
2025-07-16 22:50:50.826 [info] Extensions: No changes found during synchronizing extensions.
2025-07-16 22:50:50.830 [info] Prompts: No changes found during synchronizing prompts.
2025-07-16 22:50:50.832 [info] Profiles: No changes found during synchronizing profiles.
2025-07-16 22:50:50.834 [info] Sync done. Took 220ms
2025-07-16 22:52:31.191 [info] [AutoSync] Triggered by Activity
2025-07-16 22:52:31.191 [info] Sync started.
2025-07-16 22:52:31.299 [info] Settings: No changes found during synchronizing settings.
2025-07-16 22:52:31.303 [info] Keybindings: No changes found during synchronizing keybindings.
2025-07-16 22:52:31.308 [info] Snippets: No changes found during synchronizing snippets.
2025-07-16 22:52:31.311 [info] Tasks: No changes found during synchronizing tasks.
2025-07-16 22:52:31.321 [info] GlobalState: No changes found during synchronizing ui state.
2025-07-16 22:52:31.425 [info] Extensions: No changes found during synchronizing extensions.
2025-07-16 22:52:31.429 [info] Prompts: No changes found during synchronizing prompts.
2025-07-16 22:52:31.431 [info] Profiles: No changes found during synchronizing profiles.
2025-07-16 22:52:31.433 [info] Sync done. Took 242ms
2025-07-16 22:52:52.934 [info] [AutoSync] Triggered by Activity
2025-07-16 22:52:52.935 [info] Sync started.
2025-07-16 22:52:53.049 [info] Settings: No changes found during synchronizing settings.
2025-07-16 22:52:53.054 [info] Keybindings: No changes found during synchronizing keybindings.
2025-07-16 22:52:53.058 [info] Snippets: No changes found during synchronizing snippets.
2025-07-16 22:52:53.061 [info] Tasks: No changes found during synchronizing tasks.
2025-07-16 22:52:53.066 [info] GlobalState: No changes found during synchronizing ui state.
2025-07-16 22:52:53.151 [info] Extensions: No changes found during synchronizing extensions.
2025-07-16 22:52:53.155 [info] Prompts: No changes found during synchronizing prompts.
2025-07-16 22:52:53.156 [info] Profiles: No changes found during synchronizing profiles.
2025-07-16 22:52:53.158 [info] Sync done. Took 224ms
2025-07-16 22:53:05.769 [info] [AutoSync] Triggered by Activity
2025-07-16 22:53:05.770 [info] Sync started.
2025-07-16 22:53:05.885 [info] Settings: No changes found during synchronizing settings.
2025-07-16 22:53:05.889 [info] Keybindings: No changes found during synchronizing keybindings.
2025-07-16 22:53:05.893 [info] Snippets: No changes found during synchronizing snippets.
2025-07-16 22:53:05.897 [info] Tasks: No changes found during synchronizing tasks.
2025-07-16 22:53:05.904 [info] GlobalState: No changes found during synchronizing ui state.
2025-07-16 22:53:06.004 [info] Extensions: No changes found during synchronizing extensions.
2025-07-16 22:53:06.008 [info] Prompts: No changes found during synchronizing prompts.
2025-07-16 22:53:06.010 [info] Profiles: No changes found during synchronizing profiles.
2025-07-16 22:53:06.012 [info] Sync done. Took 244ms
2025-07-16 22:53:53.512 [info] [AutoSync] Triggered by Activity
2025-07-16 22:53:53.512 [info] Sync started.
2025-07-16 22:53:53.612 [info] Settings: No changes found during synchronizing settings.
2025-07-16 22:53:53.616 [info] Keybindings: No changes found during synchronizing keybindings.
2025-07-16 22:53:53.619 [info] Snippets: No changes found during synchronizing snippets.
2025-07-16 22:53:53.624 [info] Tasks: No changes found during synchronizing tasks.
2025-07-16 22:53:53.630 [info] GlobalState: No changes found during synchronizing ui state.
2025-07-16 22:53:53.721 [info] Extensions: No changes found during synchronizing extensions.
2025-07-16 22:53:53.726 [info] Prompts: No changes found during synchronizing prompts.
2025-07-16 22:53:53.728 [info] Profiles: No changes found during synchronizing profiles.
2025-07-16 22:53:53.731 [info] Sync done. Took 220ms
2025-07-16 22:54:29.583 [info] [AutoSync] Triggered by Activity
2025-07-16 22:54:29.584 [info] Sync started.
2025-07-16 22:54:29.679 [info] Settings: No changes found during synchronizing settings.
2025-07-16 22:54:29.684 [info] Keybindings: No changes found during synchronizing keybindings.
2025-07-16 22:54:29.688 [info] Snippets: No changes found during synchronizing snippets.
2025-07-16 22:54:29.692 [info] Tasks: No changes found during synchronizing tasks.
2025-07-16 22:54:29.699 [info] GlobalState: No changes found during synchronizing ui state.
2025-07-16 22:54:29.799 [info] Extensions: No changes found during synchronizing extensions.
2025-07-16 22:54:29.803 [info] Prompts: No changes found during synchronizing prompts.
2025-07-16 22:54:29.805 [info] Profiles: No changes found during synchronizing profiles.
2025-07-16 22:54:29.807 [info] Sync done. Took 226ms
2025-07-16 22:55:07.580 [info] [AutoSync] Triggered by Activity
2025-07-16 22:55:07.580 [info] Sync started.
2025-07-16 22:55:07.668 [info] Settings: No changes found during synchronizing settings.
2025-07-16 22:55:07.671 [info] Keybindings: No changes found during synchronizing keybindings.
2025-07-16 22:55:07.674 [info] Snippets: No changes found during synchronizing snippets.
2025-07-16 22:55:07.677 [info] Tasks: No changes found during synchronizing tasks.
2025-07-16 22:55:07.685 [info] GlobalState: No changes found during synchronizing ui state.
2025-07-16 22:55:07.786 [info] Extensions: No changes found during synchronizing extensions.
2025-07-16 22:55:07.792 [info] Prompts: No changes found during synchronizing prompts.
2025-07-16 22:55:07.793 [info] Profiles: No changes found during synchronizing profiles.
2025-07-16 22:55:07.795 [info] Sync done. Took 216ms
2025-07-16 22:55:26.506 [info] [AutoSync] Triggered by Activity
2025-07-16 22:55:26.506 [info] Sync started.
2025-07-16 22:55:26.610 [info] Settings: No changes found during synchronizing settings.
2025-07-16 22:55:26.614 [info] Keybindings: No changes found during synchronizing keybindings.
2025-07-16 22:55:26.619 [info] Snippets: No changes found during synchronizing snippets.
2025-07-16 22:55:26.623 [info] Tasks: No changes found during synchronizing tasks.
2025-07-16 22:55:26.633 [info] GlobalState: No changes found during synchronizing ui state.
2025-07-16 22:55:26.755 [info] Extensions: No changes found during synchronizing extensions.
2025-07-16 22:55:26.772 [info] Prompts: No changes found during synchronizing prompts.
2025-07-16 22:55:26.773 [info] Profiles: No changes found during synchronizing profiles.
2025-07-16 22:55:26.775 [info] Sync done. Took 270ms
2025-07-16 22:55:44.937 [info] [AutoSync] Triggered by Activity
2025-07-16 22:55:44.937 [info] Sync started.
2025-07-16 22:55:45.042 [info] Settings: No changes found during synchronizing settings.
2025-07-16 22:55:45.046 [info] Keybindings: No changes found during synchronizing keybindings.
2025-07-16 22:55:45.049 [info] Snippets: No changes found during synchronizing snippets.
2025-07-16 22:55:45.053 [info] Tasks: No changes found during synchronizing tasks.
2025-07-16 22:55:45.060 [info] GlobalState: No changes found during synchronizing ui state.
2025-07-16 22:55:45.139 [info] Extensions: No changes found during synchronizing extensions.
2025-07-16 22:55:45.142 [info] Prompts: No changes found during synchronizing prompts.
2025-07-16 22:55:45.144 [info] Profiles: No changes found during synchronizing profiles.
2025-07-16 22:55:45.146 [info] Sync done. Took 210ms
2025-07-16 22:56:10.070 [info] [AutoSync] Triggered by Activity
2025-07-16 22:56:10.071 [info] Sync started.
2025-07-16 22:56:10.209 [info] Settings: No changes found during synchronizing settings.
2025-07-16 22:56:10.214 [info] Keybindings: No changes found during synchronizing keybindings.
2025-07-16 22:56:10.220 [info] Snippets: No changes found during synchronizing snippets.
2025-07-16 22:56:10.223 [info] Tasks: No changes found during synchronizing tasks.
2025-07-16 22:56:10.231 [info] GlobalState: No changes found during synchronizing ui state.
2025-07-16 22:56:10.327 [info] Extensions: No changes found during synchronizing extensions.
2025-07-16 22:56:10.331 [info] Prompts: No changes found during synchronizing prompts.
2025-07-16 22:56:10.332 [info] Profiles: No changes found during synchronizing profiles.
2025-07-16 22:56:10.334 [info] Sync done. Took 265ms
2025-07-16 22:56:43.001 [info] [AutoSync] Triggered by Activity
2025-07-16 22:56:43.002 [info] Sync started.
2025-07-16 22:56:43.115 [info] Settings: No changes found during synchronizing settings.
2025-07-16 22:56:43.119 [info] Keybindings: No changes found during synchronizing keybindings.
2025-07-16 22:56:43.124 [info] Snippets: No changes found during synchronizing snippets.
2025-07-16 22:56:43.127 [info] Tasks: No changes found during synchronizing tasks.
2025-07-16 22:56:43.133 [info] GlobalState: No changes found during synchronizing ui state.
2025-07-16 22:56:43.216 [info] Extensions: No changes found during synchronizing extensions.
2025-07-16 22:56:43.220 [info] Prompts: No changes found during synchronizing prompts.
2025-07-16 22:56:43.222 [info] Profiles: No changes found during synchronizing profiles.
2025-07-16 22:56:43.225 [info] Sync done. Took 224ms
2025-07-16 22:57:49.481 [info] [AutoSync] Triggered by Activity
2025-07-16 22:57:49.482 [info] Sync started.
2025-07-16 22:57:49.602 [info] Settings: No changes found during synchronizing settings.
2025-07-16 22:57:49.607 [info] Keybindings: No changes found during synchronizing keybindings.
2025-07-16 22:57:49.611 [info] Snippets: No changes found during synchronizing snippets.
2025-07-16 22:57:49.613 [info] Tasks: No changes found during synchronizing tasks.
2025-07-16 22:57:49.620 [info] GlobalState: No changes found during synchronizing ui state.
2025-07-16 22:57:49.732 [info] Extensions: No changes found during synchronizing extensions.
2025-07-16 22:57:49.736 [info] Prompts: No changes found during synchronizing prompts.
2025-07-16 22:57:49.738 [info] Profiles: No changes found during synchronizing profiles.
2025-07-16 22:57:49.741 [info] Sync done. Took 260ms
2025-07-16 23:02:49.787 [info] [AutoSync] Triggered by Interval
2025-07-16 23:02:49.788 [info] Sync started.
2025-07-16 23:02:50.094 [info] Settings: No changes found during synchronizing settings.
2025-07-16 23:02:50.096 [info] Keybindings: No changes found during synchronizing keybindings.
2025-07-16 23:02:50.100 [info] Snippets: No changes found during synchronizing snippets.
2025-07-16 23:02:50.103 [info] Tasks: No changes found during synchronizing tasks.
2025-07-16 23:02:50.109 [info] GlobalState: No changes found during synchronizing ui state.
2025-07-16 23:02:50.191 [info] Extensions: No changes found during synchronizing extensions.
2025-07-16 23:02:50.195 [info] Prompts: No changes found during synchronizing prompts.
2025-07-16 23:02:50.196 [info] Profiles: No changes found during synchronizing profiles.
2025-07-16 23:02:50.198 [info] Sync done. Took 412ms
2025-07-16 23:04:15.258 [info] [AutoSync] Triggered by Activity
2025-07-16 23:04:15.259 [info] Sync started.
2025-07-16 23:04:15.362 [info] Settings: No changes found during synchronizing settings.
2025-07-16 23:04:15.367 [info] Keybindings: No changes found during synchronizing keybindings.
2025-07-16 23:04:15.372 [info] Snippets: No changes found during synchronizing snippets.
2025-07-16 23:04:15.375 [info] Tasks: No changes found during synchronizing tasks.
2025-07-16 23:04:15.383 [info] GlobalState: No changes found during synchronizing ui state.
2025-07-16 23:04:15.474 [info] Extensions: No changes found during synchronizing extensions.
2025-07-16 23:04:15.477 [info] Prompts: No changes found during synchronizing prompts.
2025-07-16 23:04:15.479 [info] Profiles: No changes found during synchronizing profiles.
2025-07-16 23:04:15.481 [info] Sync done. Took 223ms
2025-07-16 23:04:56.786 [info] [AutoSync] Triggered by Activity
2025-07-16 23:04:56.786 [info] Sync started.
2025-07-16 23:04:56.881 [info] Settings: No changes found during synchronizing settings.
2025-07-16 23:04:56.883 [info] Keybindings: No changes found during synchronizing keybindings.
2025-07-16 23:04:56.884 [info] Snippets: No changes found during synchronizing snippets.
2025-07-16 23:04:56.886 [info] Tasks: No changes found during synchronizing tasks.
2025-07-16 23:04:56.891 [info] GlobalState: No changes found during synchronizing ui state.
2025-07-16 23:04:56.980 [info] Extensions: No changes found during synchronizing extensions.
2025-07-16 23:04:56.985 [info] Prompts: No changes found during synchronizing prompts.
2025-07-16 23:04:56.987 [info] Profiles: No changes found during synchronizing profiles.
2025-07-16 23:04:56.990 [info] Sync done. Took 203ms
2025-07-16 23:05:44.457 [info] [AutoSync] Triggered by Activity
2025-07-16 23:05:44.457 [info] Sync started.
2025-07-16 23:05:44.563 [info] Settings: No changes found during synchronizing settings.
2025-07-16 23:05:44.571 [info] Keybindings: No changes found during synchronizing keybindings.
2025-07-16 23:05:44.576 [info] Snippets: No changes found during synchronizing snippets.
2025-07-16 23:05:44.580 [info] Tasks: No changes found during synchronizing tasks.
2025-07-16 23:05:44.592 [info] GlobalState: No changes found during synchronizing ui state.
2025-07-16 23:05:44.726 [info] Extensions: No changes found during synchronizing extensions.
2025-07-16 23:05:44.730 [info] Prompts: No changes found during synchronizing prompts.
2025-07-16 23:05:44.732 [info] Profiles: No changes found during synchronizing profiles.
2025-07-16 23:05:44.734 [info] Sync done. Took 278ms
2025-07-16 23:06:02.488 [info] [AutoSync] Triggered by Activity
2025-07-16 23:06:02.490 [info] Sync started.
2025-07-16 23:06:02.595 [info] Settings: No changes found during synchronizing settings.
2025-07-16 23:06:02.598 [info] Keybindings: No changes found during synchronizing keybindings.
2025-07-16 23:06:02.601 [info] Snippets: No changes found during synchronizing snippets.
2025-07-16 23:06:02.604 [info] Tasks: No changes found during synchronizing tasks.
2025-07-16 23:06:02.610 [info] GlobalState: No changes found during synchronizing ui state.
2025-07-16 23:06:02.705 [info] Extensions: No changes found during synchronizing extensions.
2025-07-16 23:06:02.718 [info] Prompts: No changes found during synchronizing prompts.
2025-07-16 23:06:02.720 [info] Profiles: No changes found during synchronizing profiles.
2025-07-16 23:06:02.722 [info] Sync done. Took 235ms
2025-07-16 23:07:56.920 [info] [AutoSync] Triggered by Activity
2025-07-16 23:07:56.920 [info] Sync started.
2025-07-16 23:07:57.028 [info] Settings: No changes found during synchronizing settings.
2025-07-16 23:07:57.033 [info] Keybindings: No changes found during synchronizing keybindings.
2025-07-16 23:07:57.037 [info] Snippets: No changes found during synchronizing snippets.
2025-07-16 23:07:57.040 [info] Tasks: No changes found during synchronizing tasks.
2025-07-16 23:07:57.047 [info] GlobalState: No changes found during synchronizing ui state.
2025-07-16 23:07:57.135 [info] Extensions: No changes found during synchronizing extensions.
2025-07-16 23:07:57.142 [info] Prompts: No changes found during synchronizing prompts.
2025-07-16 23:07:57.143 [info] Profiles: No changes found during synchronizing profiles.
2025-07-16 23:07:57.144 [info] Sync done. Took 225ms
2025-07-16 23:08:11.296 [info] [AutoSync] Triggered by Activity
2025-07-16 23:08:11.297 [info] Sync started.
2025-07-16 23:08:11.418 [info] Settings: No changes found during synchronizing settings.
2025-07-16 23:08:11.423 [info] Keybindings: No changes found during synchronizing keybindings.
2025-07-16 23:08:11.428 [info] Snippets: No changes found during synchronizing snippets.
2025-07-16 23:08:11.431 [info] Tasks: No changes found during synchronizing tasks.
2025-07-16 23:08:11.439 [info] GlobalState: No changes found during synchronizing ui state.
2025-07-16 23:08:11.520 [info] Extensions: No changes found during synchronizing extensions.
2025-07-16 23:08:11.524 [info] Prompts: No changes found during synchronizing prompts.
2025-07-16 23:08:11.526 [info] Profiles: No changes found during synchronizing profiles.
2025-07-16 23:08:11.528 [info] Sync done. Took 232ms
2025-07-16 23:08:31.034 [info] [AutoSync] Triggered by Activity
2025-07-16 23:08:31.034 [info] Sync started.
2025-07-16 23:08:31.145 [info] Settings: No changes found during synchronizing settings.
2025-07-16 23:08:31.150 [info] Keybindings: No changes found during synchronizing keybindings.
2025-07-16 23:08:31.154 [info] Snippets: No changes found during synchronizing snippets.
2025-07-16 23:08:31.158 [info] Tasks: No changes found during synchronizing tasks.
2025-07-16 23:08:31.164 [info] GlobalState: No changes found during synchronizing ui state.
2025-07-16 23:08:31.245 [info] Extensions: No changes found during synchronizing extensions.
2025-07-16 23:08:31.249 [info] Prompts: No changes found during synchronizing prompts.
2025-07-16 23:08:31.250 [info] Profiles: No changes found during synchronizing profiles.
2025-07-16 23:08:31.253 [info] Sync done. Took 220ms
2025-07-16 23:08:43.317 [info] [AutoSync] Triggered by Activity
2025-07-16 23:08:43.317 [info] Sync started.
2025-07-16 23:08:43.411 [info] Settings: No changes found during synchronizing settings.
2025-07-16 23:08:43.415 [info] Keybindings: No changes found during synchronizing keybindings.
2025-07-16 23:08:43.418 [info] Snippets: No changes found during synchronizing snippets.
2025-07-16 23:08:43.421 [info] Tasks: No changes found during synchronizing tasks.
2025-07-16 23:08:44.107 [info] GlobalState: Updated remote ui state. Updated: extensions.trustedPublishers.
2025-07-16 23:08:44.112 [info] GlobalState: Updated last synchronized ui state
2025-07-16 23:08:44.184 [info] Extensions: No changes found during synchronizing extensions.
2025-07-16 23:08:44.191 [info] Prompts: No changes found during synchronizing prompts.
2025-07-16 23:08:44.193 [info] Profiles: No changes found during synchronizing profiles.
2025-07-16 23:08:44.195 [info] Sync done. Took 878ms
2025-07-16 23:08:50.180 [info] [AutoSync] Triggered by Activity
2025-07-16 23:08:50.180 [info] Sync started.
2025-07-16 23:08:50.329 [info] Settings: No changes found during synchronizing settings.
2025-07-16 23:08:50.333 [info] Keybindings: No changes found during synchronizing keybindings.
2025-07-16 23:08:50.338 [info] Snippets: No changes found during synchronizing snippets.
2025-07-16 23:08:50.341 [info] Tasks: No changes found during synchronizing tasks.
2025-07-16 23:08:50.350 [info] GlobalState: No changes found during synchronizing ui state.
2025-07-16 23:08:50.877 [info] Extensions: Updated remote extensions. Added: ["julianiaquinandi.nvim-ui-modifier"]. Removed: ["henrytsz.nvim"].
2025-07-16 23:08:50.880 [info] Extensions: Updated last synchronized extensions. Skipped: ["linjun.azure-sql-server-support"].
2025-07-16 23:08:50.884 [info] Prompts: No changes found during synchronizing prompts.
2025-07-16 23:08:50.886 [info] Profiles: No changes found during synchronizing profiles.
2025-07-16 23:08:50.888 [info] Sync done. Took 709ms
2025-07-16 23:09:00.224 [info] [AutoSync] Triggered by Activity
2025-07-16 23:09:00.224 [info] Sync started.
2025-07-16 23:09:00.334 [info] Settings: No changes found during synchronizing settings.
2025-07-16 23:09:00.338 [info] Keybindings: No changes found during synchronizing keybindings.
2025-07-16 23:09:00.343 [info] Snippets: No changes found during synchronizing snippets.
2025-07-16 23:09:00.347 [info] Tasks: No changes found during synchronizing tasks.
2025-07-16 23:09:00.354 [info] GlobalState: No changes found during synchronizing ui state.
2025-07-16 23:09:00.428 [info] Extensions: No changes found during synchronizing extensions.
2025-07-16 23:09:00.431 [info] Prompts: No changes found during synchronizing prompts.
2025-07-16 23:09:00.433 [info] Profiles: No changes found during synchronizing profiles.
2025-07-16 23:09:00.435 [info] Sync done. Took 211ms
2025-07-16 23:09:09.336 [info] [AutoSync] Triggered by Activity
2025-07-16 23:09:09.337 [info] Sync started.
2025-07-16 23:09:09.483 [info] Settings: No changes found during synchronizing settings.
2025-07-16 23:09:09.487 [info] Keybindings: No changes found during synchronizing keybindings.
2025-07-16 23:09:09.491 [info] Snippets: No changes found during synchronizing snippets.
2025-07-16 23:09:09.495 [info] Tasks: No changes found during synchronizing tasks.
2025-07-16 23:09:09.502 [info] GlobalState: No changes found during synchronizing ui state.
2025-07-16 23:09:10.161 [info] Extensions: Updated remote extensions. Added: ["henrytsz.nvim"].
2025-07-16 23:09:10.166 [info] Extensions: Updated last synchronized extensions. Skipped: ["linjun.azure-sql-server-support"].
2025-07-16 23:09:10.172 [info] Prompts: No changes found during synchronizing prompts.
2025-07-16 23:09:10.179 [info] Profiles: No changes found during synchronizing profiles.
2025-07-16 23:09:10.180 [info] Sync done. Took 845ms
2025-07-16 23:09:27.877 [info] [AutoSync] Triggered by Activity
2025-07-16 23:09:27.877 [info] Sync started.
2025-07-16 23:09:27.969 [info] Settings: No changes found during synchronizing settings.
2025-07-16 23:09:27.973 [info] Keybindings: No changes found during synchronizing keybindings.
2025-07-16 23:09:27.977 [info] Snippets: No changes found during synchronizing snippets.
2025-07-16 23:09:27.981 [info] Tasks: No changes found during synchronizing tasks.
2025-07-16 23:09:28.625 [info] GlobalState: Updated remote ui state. Updated: extensions.trustedPublishers.
2025-07-16 23:09:28.630 [info] GlobalState: Updated last synchronized ui state
2025-07-16 23:09:28.711 [info] Extensions: No changes found during synchronizing extensions.
2025-07-16 23:09:28.715 [info] Prompts: No changes found during synchronizing prompts.
2025-07-16 23:09:28.717 [info] Profiles: No changes found during synchronizing profiles.
2025-07-16 23:09:28.719 [info] Sync done. Took 844ms
2025-07-16 23:09:35.082 [info] [AutoSync] Triggered by Activity
2025-07-16 23:09:35.082 [info] Sync started.
2025-07-16 23:09:35.250 [info] Settings: No changes found during synchronizing settings.
2025-07-16 23:09:35.253 [info] Keybindings: No changes found during synchronizing keybindings.
2025-07-16 23:09:35.256 [info] Snippets: No changes found during synchronizing snippets.
2025-07-16 23:09:35.258 [info] Tasks: No changes found during synchronizing tasks.
2025-07-16 23:09:35.262 [info] GlobalState: No changes found during synchronizing ui state.
2025-07-16 23:09:35.846 [info] Extensions: Updated remote extensions. Added: ["lancewilhelm.nvim-dashboard"].
2025-07-16 23:09:35.853 [info] Extensions: Updated last synchronized extensions. Skipped: ["linjun.azure-sql-server-support"].
2025-07-16 23:09:35.859 [info] Prompts: No changes found during synchronizing prompts.
2025-07-16 23:09:35.860 [info] Profiles: No changes found during synchronizing profiles.
2025-07-16 23:09:35.862 [info] Sync done. Took 780ms
2025-07-16 23:10:02.264 [info] [AutoSync] Triggered by Activity
2025-07-16 23:10:02.265 [info] Sync started.
2025-07-16 23:10:02.375 [info] Settings: No changes found during synchronizing settings.
2025-07-16 23:10:02.379 [info] Keybindings: No changes found during synchronizing keybindings.
2025-07-16 23:10:02.383 [info] Snippets: No changes found during synchronizing snippets.
2025-07-16 23:10:02.385 [info] Tasks: No changes found during synchronizing tasks.
2025-07-16 23:10:03.206 [info] GlobalState: Updated remote ui state. Updated: extensions.trustedPublishers.
2025-07-16 23:10:03.213 [info] GlobalState: Updated last synchronized ui state
2025-07-16 23:10:03.296 [info] Extensions: No changes found during synchronizing extensions.
2025-07-16 23:10:03.301 [info] Prompts: No changes found during synchronizing prompts.
2025-07-16 23:10:03.318 [info] Profiles: No changes found during synchronizing profiles.
2025-07-16 23:10:03.321 [info] Sync done. Took 1057ms
2025-07-16 23:10:07.874 [info] [AutoSync] Triggered by Activity
2025-07-16 23:10:07.874 [info] Sync started.
2025-07-16 23:10:08.072 [info] Settings: No changes found during synchronizing settings.
2025-07-16 23:10:08.088 [info] Keybindings: No changes found during synchronizing keybindings.
2025-07-16 23:10:08.090 [info] Snippets: No changes found during synchronizing snippets.
2025-07-16 23:10:08.093 [info] Tasks: No changes found during synchronizing tasks.
2025-07-16 23:10:08.099 [info] GlobalState: No changes found during synchronizing ui state.
2025-07-16 23:10:08.718 [info] Extensions: Updated remote extensions. Added: ["wrathcodes.nvim-ui-plus"].
2025-07-16 23:10:08.726 [info] Extensions: Updated last synchronized extensions. Skipped: ["linjun.azure-sql-server-support"].
2025-07-16 23:10:08.732 [info] Prompts: No changes found during synchronizing prompts.
2025-07-16 23:10:08.734 [info] Profiles: No changes found during synchronizing profiles.
2025-07-16 23:10:08.736 [info] Sync done. Took 863ms
2025-07-16 23:10:30.435 [info] [AutoSync] Triggered by Activity
2025-07-16 23:10:30.436 [info] Sync started.
2025-07-16 23:10:30.593 [info] Settings: No changes found during synchronizing settings.
2025-07-16 23:10:30.596 [info] Keybindings: No changes found during synchronizing keybindings.
2025-07-16 23:10:30.600 [info] Snippets: No changes found during synchronizing snippets.
2025-07-16 23:10:30.603 [info] Tasks: No changes found during synchronizing tasks.
2025-07-16 23:10:30.609 [info] GlobalState: No changes found during synchronizing ui state.
2025-07-16 23:10:31.255 [info] Extensions: Updated remote extensions. Removed: ["wrathcodes.nvim-ui-plus"].
2025-07-16 23:10:31.260 [info] Extensions: Updated last synchronized extensions. Skipped: ["linjun.azure-sql-server-support"].
2025-07-16 23:10:31.266 [info] Prompts: No changes found during synchronizing prompts.
2025-07-16 23:10:31.267 [info] Profiles: No changes found during synchronizing profiles.
2025-07-16 23:10:31.269 [info] Sync done. Took 834ms
2025-07-16 23:11:01.404 [info] [AutoSync] Triggered by Activity
2025-07-16 23:11:01.404 [info] Sync started.
2025-07-16 23:11:01.563 [info] Settings: No changes found during synchronizing settings.
2025-07-16 23:11:01.568 [info] Keybindings: No changes found during synchronizing keybindings.
2025-07-16 23:11:01.571 [info] Snippets: No changes found during synchronizing snippets.
2025-07-16 23:11:01.574 [info] Tasks: No changes found during synchronizing tasks.
2025-07-16 23:11:01.583 [info] GlobalState: No changes found during synchronizing ui state.
2025-07-16 23:11:02.169 [info] Extensions: Updated remote extensions. Removed: ["julianiaquinandi.nvim-ui-modifier"].
2025-07-16 23:11:02.176 [info] Extensions: Updated last synchronized extensions. Skipped: ["linjun.azure-sql-server-support"].
2025-07-16 23:11:02.181 [info] Prompts: No changes found during synchronizing prompts.
2025-07-16 23:11:02.182 [info] Profiles: No changes found during synchronizing profiles.
2025-07-16 23:11:02.184 [info] Sync done. Took 780ms
